New log file opened at Tue May 24 16:39:17 CEST 2016 by 19821@Lothars-MBP.fritz.box
jvm 19821@Lothars-MBP.fritz.box
jvm vmName=Java HotSpot(TM) 64-Bit Server VM vmVendor=Oracle Corporation vmVersion=25.60-b23
jvm specName=Java Virtual Machine Specification specVendor=Oracle Corporation specVersion=1.8
jvm arguments: [-Xms256m, -Xmx1024m, -XX:MetaspaceSize=64m, -XX:MaxMetaspaceSize=256m]
Starting event engine
Starting sbt command engine
Command engine arguments=List()
Command engine baseDirectory=/Users/lpfeiler/develop/github/ebs/scala/ebs
Waiting for sbt command engine
Command engine initial remaining commands List(--initialize, onFailure load-failed, boot, server-send-ready-for-request, server-handle-next-server-request)
> --initialize
> initialize
> onFailure load-failed
> boot
> reload
[Loading] Scanning directory /Users/lpfeiler/develop/github/ebs/scala/ebs/project
[Loading] Found non-root projects 
[Loading] Done in /Users/lpfeiler/develop/github/ebs/scala/ebs/project, returning: ()
deducing auto plugins based on known facts Set(Atom(sbt.plugins.CorePlugin)) and clauses Clauses(List(Clause(Atom(sbt.plugins.JvmPlugin),Set(Atom(sbt.plugins.IvyPlugin))), Clause(Atom(sbt.plugins.JUnitXmlReportPlugin),Set(Atom(sbt.plugins.JvmPlugin))), Clause(Atom(sbt.plugins.CorePlugin),Set(Atom(sbt.plugins.IvyPlugin))), Clause(Atom(sbt.plugins.IvyPlugin),Set(Atom(sbt.plugins.JvmPlugin))), Clause(Atom(sbt.plugins.JvmPlugin),Set(Atom(sbt.plugins.JUnitXmlReportPlugin)))))
  :: deduced result: Matched(sbt.plugins.CorePlugin,sbt.plugins.IvyPlugin,sbt.plugins.JvmPlugin,sbt.plugins.JUnitXmlReportPlugin)
sorting: ns: List(sbt.plugins.CorePlugin, sbt.plugins.IvyPlugin, sbt.plugins.JvmPlugin, sbt.plugins.JUnitXmlReportPlugin)
  :: sorting:: found: List(sbt.plugins.CorePlugin) not found List(sbt.plugins.IvyPlugin, sbt.plugins.JvmPlugin, sbt.plugins.JUnitXmlReportPlugin)
  :: sorting:: found: List(sbt.plugins.CorePlugin, sbt.plugins.IvyPlugin) not found List(sbt.plugins.JvmPlugin, sbt.plugins.JUnitXmlReportPlugin)
  :: sorting:: found: List(sbt.plugins.CorePlugin, sbt.plugins.IvyPlugin, sbt.plugins.JvmPlugin) not found List(sbt.plugins.JUnitXmlReportPlugin)
  :: sorting:: found: List(sbt.plugins.CorePlugin, sbt.plugins.IvyPlugin, sbt.plugins.JvmPlugin, sbt.plugins.JUnitXmlReportPlugin) not found List()
  :: sorted deduced result: List(sbt.plugins.CorePlugin, sbt.plugins.IvyPlugin, sbt.plugins.JvmPlugin, sbt.plugins.JUnitXmlReportPlugin)
[Loading] Done in /Users/lpfeiler/develop/github/ebs/scala/ebs/project, returning: (ebs-build)
Loading project definition from /Users/lpfeiler/develop/github/ebs/scala/ebs/project
Running task... Cancel: sbt.TaskCancellationStrategy$Null$@567d7bd2, check cycles: false

Initial source changes: 
	removed:Set()
	added: Set()
	modified: Set()
Removed products: Set()
External API changes: API Changes: Set()
Modified binary dependencies: Set()
Initial directly invalidated sources: Set()

Sources indirectly invalidated by:
	product: Set()
	binary dep: Set()
	external source: Set()
All initially invalidated sources: Set()

Copy resource mappings: 
	
[Loading] Scanning directory /Users/lpfeiler/develop/github/ebs/scala/ebs
[Loading] Found non-root projects 
[Loading] Done in /Users/lpfeiler/develop/github/ebs/scala/ebs, returning: ()
deducing auto plugins based on known facts Set(Atom(sbt.plugins.CorePlugin)) and clauses Clauses(List(Clause(Atom(sbt.plugins.JvmPlugin),Set(Atom(sbt.plugins.IvyPlugin))), Clause(Atom(sbt.plugins.JUnitXmlReportPlugin),Set(Atom(sbt.plugins.JvmPlugin))), Clause(Atom(sbt.plugins.BackgroundRunPlugin),Set(Atom(sbt.plugins.JvmPlugin))), Clause(Atom(sbt.plugins.CorePlugin),Set(Atom(sbt.plugins.IvyPlugin))), Clause(Atom(sbt.plugins.IvyPlugin),Set(Atom(sbt.plugins.JvmPlugin))), Clause(Atom(sbt.plugins.JvmPlugin),Set(Atom(sbt.plugins.JUnitXmlReportPlugin))), Clause(Atom(sbt.plugins.JvmPlugin),Set(Atom(sbt.plugins.BackgroundRunPlugin))), Clause(Atom(sbt.plugins.CorePlugin),Set(Atom(sbt.plugins.InteractionServicePlugin))), Clause(Atom(sbt.plugins.CorePlugin),Set(Atom(sbt.plugins.SendEventServicePlugin))), Clause(Atom(sbt.plugins.CorePlugin),Set(Atom(sbt.plugins.SerializersPlugin)))))
  :: deduced result: Matched(sbt.plugins.CorePlugin,sbt.plugins.SerializersPlugin,sbt.plugins.SendEventServicePlugin,sbt.plugins.InteractionServicePlugin,sbt.plugins.IvyPlugin,sbt.plugins.JvmPlugin,sbt.plugins.BackgroundRunPlugin,sbt.plugins.JUnitXmlReportPlugin)
sorting: ns: List(sbt.plugins.CorePlugin, sbt.plugins.SerializersPlugin, sbt.plugins.SendEventServicePlugin, sbt.plugins.InteractionServicePlugin, sbt.plugins.IvyPlugin, sbt.plugins.JvmPlugin, sbt.plugins.BackgroundRunPlugin, sbt.plugins.JUnitXmlReportPlugin)
  :: sorting:: found: List(sbt.plugins.CorePlugin) not found List(sbt.plugins.SerializersPlugin, sbt.plugins.SendEventServicePlugin, sbt.plugins.InteractionServicePlugin, sbt.plugins.IvyPlugin, sbt.plugins.JvmPlugin, sbt.plugins.BackgroundRunPlugin, sbt.plugins.JUnitXmlReportPlugin)
  :: sorting:: found: List(sbt.plugins.CorePlugin, sbt.plugins.SerializersPlugin, sbt.plugins.SendEventServicePlugin, sbt.plugins.InteractionServicePlugin, sbt.plugins.IvyPlugin) not found List(sbt.plugins.JvmPlugin, sbt.plugins.BackgroundRunPlugin, sbt.plugins.JUnitXmlReportPlugin)
  :: sorting:: found: List(sbt.plugins.CorePlugin, sbt.plugins.SerializersPlugin, sbt.plugins.SendEventServicePlugin, sbt.plugins.InteractionServicePlugin, sbt.plugins.IvyPlugin, sbt.plugins.JvmPlugin) not found List(sbt.plugins.BackgroundRunPlugin, sbt.plugins.JUnitXmlReportPlugin)
  :: sorting:: found: List(sbt.plugins.CorePlugin, sbt.plugins.SerializersPlugin, sbt.plugins.SendEventServicePlugin, sbt.plugins.InteractionServicePlugin, sbt.plugins.IvyPlugin, sbt.plugins.JvmPlugin, sbt.plugins.BackgroundRunPlugin, sbt.plugins.JUnitXmlReportPlugin) not found List()
  :: sorted deduced result: List(sbt.plugins.CorePlugin, sbt.plugins.SerializersPlugin, sbt.plugins.SendEventServicePlugin, sbt.plugins.InteractionServicePlugin, sbt.plugins.IvyPlugin, sbt.plugins.JvmPlugin, sbt.plugins.BackgroundRunPlugin, sbt.plugins.JUnitXmlReportPlugin)
[Loading] Done in /Users/lpfeiler/develop/github/ebs/scala/ebs, returning: (ebs)
Set current project to ebs (in build file:/Users/lpfeiler/develop/github/ebs/scala/ebs/)
Reapplying settings...
Set current project to ebs (in build file:/Users/lpfeiler/develop/github/ebs/scala/ebs/)
> iflast shell
> server-send-ready-for-request
> server-handle-next-server-request
> compile
Evaluating tasks: compile:compile
Running task... Cancel: sbt.server.ServerTaskCancellation@6840053b, check cycles: false

Initial source changes: 
	removed:Set()
	added: Set()
	modified: Set()
Removed products: Set()
External API changes: API Changes: Set()
Modified binary dependencies: Set()
Initial directly invalidated sources: Set()

Sources indirectly invalidated by:
	product: Set()
	binary dep: Set()
	external source: Set()
All initially invalidated sources: Set()

Total time: 1 s, completed 24.05.2016 16:39:23
> server-post-command-cleanup
> server-handle-next-server-request
> {file:/Users/lpfeiler/develop/github/ebs/scala/ebs/}ebs/compile:mainClass
Evaluating tasks: compile:mainClass
Running task... Cancel: sbt.server.ServerTaskCancellation@27b0931d, check cycles: false

Initial source changes: 
	removed:Set()
	added: Set()
	modified: Set()
Removed products: Set()
External API changes: API Changes: Set()
Modified binary dependencies: Set()
Initial directly invalidated sources: Set()

Sources indirectly invalidated by:
	product: Set()
	binary dep: Set()
	external source: Set()
All initially invalidated sources: Set()

Total time: 1 s, completed 24.05.2016 16:39:24
> server-post-command-cleanup
> server-handle-next-server-request
> {file:/Users/lpfeiler/develop/github/ebs/scala/ebs/}ebs/compile:discoveredMainClasses
Evaluating tasks: compile:discoveredMainClasses
Running task... Cancel: sbt.server.ServerTaskCancellation@4b64df9a, check cycles: false

Initial source changes: 
	removed:Set()
	added: Set()
	modified: Set()
Removed products: Set()
External API changes: API Changes: Set()
Modified binary dependencies: Set()
Initial directly invalidated sources: Set()

Sources indirectly invalidated by:
	product: Set()
	binary dep: Set()
	external source: Set()
All initially invalidated sources: Set()

Total time: 1 s, completed 24.05.2016 16:39:24
> server-post-command-cleanup
> server-handle-next-server-request
> test
Evaluating tasks: test:test
Running task... Cancel: sbt.server.ServerTaskCancellation@708e88a6, check cycles: false

Initial source changes: 
	removed:Set()
	added: Set()
	modified: Set()
Removed products: Set()
External API changes: API Changes: Set()
Modified binary dependencies: Set()
Initial directly invalidated sources: Set()

Sources indirectly invalidated by:
	product: Set()
	binary dep: Set()
	external source: Set()
All initially invalidated sources: Set()

Copy resource mappings: 
	

Initial source changes: 
	removed:Set()
	added: Set()
	modified: Set()
Removed products: Set()
External API changes: API Changes: Set()
Modified binary dependencies: Set()
Initial directly invalidated sources: Set()

Sources indirectly invalidated by:
	product: Set()
	binary dep: Set()
	external source: Set()
All initially invalidated sources: Set()

Copy resource mappings: 
	
Framework implementation 'org.scalacheck.ScalaCheckFramework' not present.
Framework implementation 'org.specs2.runner.Specs2Framework' not present.
Framework implementation 'org.specs2.runner.SpecsFramework' not present.
Framework implementation 'org.specs.runner.SpecsFramework' not present.
Framework implementation 'com.novocode.junit.JUnitFramework' not present.
Subclass fingerprints: List((org.scalatest.Suite,false,org.scalatest.tools.Framework$$anon$1@425a08ab))
Annotation fingerprints: List((org.scalatest.WrapWith,false,org.scalatest.tools.Framework$$anon$2@184ba298))
Running TaskDef(EbsSpec, org.scalatest.tools.Framework$$anon$1@425a08ab, false, [SuiteSelector])
Read from stdout: EbsSpec:
Read from stdout: ebs
Read from stdout: - should be correct
Read from stdout: ebsmod
Read from stdout: - should be correct
[32mEbsSpec:[0m
[32mebs[0m
[32m- should be correct[0m
[32mebsmod[0m
[32m- should be correct[0m
Read from stdout: Run completed in 492 milliseconds.
Read from stdout: Total number of tests run: 2
Read from stdout: Suites: completed 1, aborted 0
Read from stdout: Tests: succeeded 2, failed 0, canceled 0, ignored 0, pending 0
Read from stdout: All tests passed.
Run completed in 492 milliseconds.
Total number of tests run: 2
Suites: completed 1, aborted 0
Tests: succeeded 2, failed 0, canceled 0, ignored 0, pending 0
All tests passed.
Passed tests:
	EbsSpec
Total time: 2 s, completed 24.05.2016 16:39:26
> server-post-command-cleanup
> server-handle-next-server-request
> {file:/Users/lpfeiler/develop/github/ebs/scala/ebs/}ebs/compile:mainClass
Evaluating tasks: compile:mainClass
Running task... Cancel: sbt.server.ServerTaskCancellation@652e8390, check cycles: false

Initial source changes: 
	removed:Set()
	added: Set()
	modified: Set()
Removed products: Set()
External API changes: API Changes: Set()
Modified binary dependencies: Set()
Initial directly invalidated sources: Set()

Sources indirectly invalidated by:
	product: Set()
	binary dep: Set()
	external source: Set()
All initially invalidated sources: Set()

Total time: 0 s, completed 24.05.2016 16:39:27
> server-post-command-cleanup
> server-handle-next-server-request
> compile
Evaluating tasks: compile:compile
Running task... Cancel: sbt.server.ServerTaskCancellation@1c1136f9, check cycles: false

Initial source changes: 
	removed:Set()
	added: Set()
	modified: Set()
Removed products: Set()
External API changes: API Changes: Set()
Modified binary dependencies: Set()
Initial directly invalidated sources: Set()

Sources indirectly invalidated by:
	product: Set()
	binary dep: Set()
	external source: Set()
All initially invalidated sources: Set()

Total time: 0 s, completed 24.05.2016 16:40:06
> server-post-command-cleanup
> server-handle-next-server-request
> test
Evaluating tasks: test:test
Running task... Cancel: sbt.server.ServerTaskCancellation@4ef622f9, check cycles: false

Initial source changes: 
	removed:Set()
	added: Set()
	modified: Set()
Removed products: Set()
External API changes: API Changes: Set()
Modified binary dependencies: Set()
Initial directly invalidated sources: Set()

Sources indirectly invalidated by:
	product: Set()
	binary dep: Set()
	external source: Set()
All initially invalidated sources: Set()

Copy resource mappings: 
	

Initial source changes: 
	removed:Set()
	added: Set()
	modified: Set(/Users/lpfeiler/develop/github/ebs/scala/ebs/src/test/scala/EbsSpec.scala)
Removed products: Set()
External API changes: API Changes: Set()
Modified binary dependencies: Set()
Initial directly invalidated sources: Set(/Users/lpfeiler/develop/github/ebs/scala/ebs/src/test/scala/EbsSpec.scala)

Sources indirectly invalidated by:
	product: Set()
	binary dep: Set()
	external source: Set()
All initially invalidated sources: Set(/Users/lpfeiler/develop/github/ebs/scala/ebs/src/test/scala/EbsSpec.scala)

Recompiling all 1 sources: invalidated sources (1) exceeded 50.0% of all sources
Read from stdout: Compiling 1 Scala source to /Users/lpfeiler/develop/github/ebs/scala/ebs/target/scala-2.11/test-classes...
Compiling 1 Scala source to /Users/lpfeiler/develop/github/ebs/scala/ebs/target/scala-2.11/test-classes...
Getting compiler-interface from component compiler for Scala 2.11.7
Other repositories:
Default repositories:
Getting compiler-interface from component compiler for Scala 2.11.7
Other repositories:
Default repositories:
Running cached compiler 46a6c1a8, interfacing (CompilerInterface) with Scala compiler version 2.11.7
Calling Scala compiler with arguments  (CompilerInterface):
	-bootclasspath
	/Library/Java/JavaVirtualMachines/jdk1.8.0_60.jdk/Contents/Home/jre/lib/resources.jar:/Library/Java/JavaVirtualMachines/jdk1.8.0_60.jdk/Contents/Home/jre/lib/rt.jar:/Library/Java/JavaVirtualMachines/jdk1.8.0_60.jdk/Contents/Home/jre/lib/sunrsasign.jar:/Library/Java/JavaVirtualMachines/jdk1.8.0_60.jdk/Contents/Home/jre/lib/jsse.jar:/Library/Java/JavaVirtualMachines/jdk1.8.0_60.jdk/Contents/Home/jre/lib/jce.jar:/Library/Java/JavaVirtualMachines/jdk1.8.0_60.jdk/Contents/Home/jre/lib/charsets.jar:/Library/Java/JavaVirtualMachines/jdk1.8.0_60.jdk/Contents/Home/jre/lib/jfr.jar:/Library/Java/JavaVirtualMachines/jdk1.8.0_60.jdk/Contents/Home/jre/classes:/Users/lpfeiler/.ivy2/cache/org.scala-lang/scala-library/jars/scala-library-2.11.7.jar
	-classpath
	/Users/lpfeiler/develop/github/ebs/scala/ebs/target/scala-2.11/test-classes:/Users/lpfeiler/develop/github/ebs/scala/ebs/target/scala-2.11/classes:/Users/lpfeiler/develop/scala/activator-dist-1.3.6/repository/org.scalatest/scalatest_2.11/2.2.4/bundles/scalatest_2.11.jar:/Users/lpfeiler/develop/scala/activator-dist-1.3.6/repository/org.scala-lang/scala-reflect/2.11.2/jars/scala-reflect.jar:/Users/lpfeiler/develop/scala/activator-dist-1.3.6/repository/org.scala-lang.modules/scala-xml_2.11/1.0.2/bundles/scala-xml_2.11.jar
Scala compilation took 4.997724936 s
New invalidations:
	Set()
Initial set of included nodes: Set()
Previously invalidated, but (transitively) depend on new invalidations:
	Set()
All newly invalidated sources after taking into account (previously) recompiled sources:Set()
Copy resource mappings: 
	
Framework implementation 'org.scalacheck.ScalaCheckFramework' not present.
Framework implementation 'org.specs2.runner.Specs2Framework' not present.
Framework implementation 'org.specs2.runner.SpecsFramework' not present.
Framework implementation 'org.specs.runner.SpecsFramework' not present.
Framework implementation 'com.novocode.junit.JUnitFramework' not present.
Subclass fingerprints: List((org.scalatest.Suite,false,org.scalatest.tools.Framework$$anon$1@69e1ec3c))
Annotation fingerprints: List((org.scalatest.WrapWith,false,org.scalatest.tools.Framework$$anon$2@4754b146))
Running TaskDef(EbsSpec, org.scalatest.tools.Framework$$anon$1@69e1ec3c, false, [SuiteSelector])
Read from stdout: EbsSpec:
Read from stdout: ebs
Read from stdout: - should be correct *** FAILED ***
Read from stdout: 0 did not equal 65536 (EbsSpec.scala:7)
Read from stdout: ebsmod
Read from stdout: - should be correct
[32mEbsSpec:[0m
[32mebs[0m
[31m- should be correct *** FAILED ***[0m
[31m  0 did not equal 65536 (EbsSpec.scala:7)[0m
[32mebsmod[0m
[32m- should be correct[0m
Read from stdout: Run completed in 280 milliseconds.
Read from stdout: Total number of tests run: 2
Read from stdout: Suites: completed 1, aborted 0
Read from stdout: Tests: succeeded 1, failed 1, canceled 0, ignored 0, pending 0
Read from stdout: *** 1 TEST FAILED ***
Run completed in 280 milliseconds.
Total number of tests run: 2
Suites: completed 1, aborted 0
Tests: succeeded 1, failed 1, canceled 0, ignored 0, pending 0
*** 1 TEST FAILED ***
Read from stdout: Failed tests:
Failed tests:
Read from stdout: 	EbsSpec
	EbsSpec
Read from stdout: (test:test) sbt.TestsFailedException: Tests unsuccessful
(test:test) sbt.TestsFailedException: Tests unsuccessful
Total time: 6 s, completed 24.05.2016 16:40:12
> server-post-command-error-handler
> server-post-command-cleanup
> server-handle-next-server-request
> compile
Evaluating tasks: compile:compile
Running task... Cancel: sbt.server.ServerTaskCancellation@423bd22, check cycles: false

Initial source changes: 
	removed:Set()
	added: Set()
	modified: Set()
Removed products: Set()
External API changes: API Changes: Set()
Modified binary dependencies: Set()
Initial directly invalidated sources: Set()

Sources indirectly invalidated by:
	product: Set()
	binary dep: Set()
	external source: Set()
All initially invalidated sources: Set()

Total time: 0 s, completed 24.05.2016 16:41:34
> server-post-command-cleanup
> server-handle-next-server-request
> test
Evaluating tasks: test:test
Running task... Cancel: sbt.server.ServerTaskCancellation@568c5cfa, check cycles: false

Initial source changes: 
	removed:Set()
	added: Set()
	modified: Set()
Removed products: Set()
External API changes: API Changes: Set()
Modified binary dependencies: Set()
Initial directly invalidated sources: Set()

Sources indirectly invalidated by:
	product: Set()
	binary dep: Set()
	external source: Set()
All initially invalidated sources: Set()

Copy resource mappings: 
	

Initial source changes: 
	removed:Set()
	added: Set()
	modified: Set(/Users/lpfeiler/develop/github/ebs/scala/ebs/src/test/scala/EbsSpec.scala)
Removed products: Set()
External API changes: API Changes: Set()
Modified binary dependencies: Set()
Initial directly invalidated sources: Set(/Users/lpfeiler/develop/github/ebs/scala/ebs/src/test/scala/EbsSpec.scala)

Sources indirectly invalidated by:
	product: Set()
	binary dep: Set()
	external source: Set()
All initially invalidated sources: Set(/Users/lpfeiler/develop/github/ebs/scala/ebs/src/test/scala/EbsSpec.scala)

Recompiling all 1 sources: invalidated sources (1) exceeded 50.0% of all sources
Read from stdout: Compiling 1 Scala source to /Users/lpfeiler/develop/github/ebs/scala/ebs/target/scala-2.11/test-classes...
Compiling 1 Scala source to /Users/lpfeiler/develop/github/ebs/scala/ebs/target/scala-2.11/test-classes...
Getting compiler-interface from component compiler for Scala 2.11.7
Other repositories:
Default repositories:
Getting compiler-interface from component compiler for Scala 2.11.7
Other repositories:
Default repositories:
Running cached compiler 23067cc0, interfacing (CompilerInterface) with Scala compiler version 2.11.7
Calling Scala compiler with arguments  (CompilerInterface):
	-bootclasspath
	/Library/Java/JavaVirtualMachines/jdk1.8.0_60.jdk/Contents/Home/jre/lib/resources.jar:/Library/Java/JavaVirtualMachines/jdk1.8.0_60.jdk/Contents/Home/jre/lib/rt.jar:/Library/Java/JavaVirtualMachines/jdk1.8.0_60.jdk/Contents/Home/jre/lib/sunrsasign.jar:/Library/Java/JavaVirtualMachines/jdk1.8.0_60.jdk/Contents/Home/jre/lib/jsse.jar:/Library/Java/JavaVirtualMachines/jdk1.8.0_60.jdk/Contents/Home/jre/lib/jce.jar:/Library/Java/JavaVirtualMachines/jdk1.8.0_60.jdk/Contents/Home/jre/lib/charsets.jar:/Library/Java/JavaVirtualMachines/jdk1.8.0_60.jdk/Contents/Home/jre/lib/jfr.jar:/Library/Java/JavaVirtualMachines/jdk1.8.0_60.jdk/Contents/Home/jre/classes:/Users/lpfeiler/.ivy2/cache/org.scala-lang/scala-library/jars/scala-library-2.11.7.jar
	-classpath
	/Users/lpfeiler/develop/github/ebs/scala/ebs/target/scala-2.11/test-classes:/Users/lpfeiler/develop/github/ebs/scala/ebs/target/scala-2.11/classes:/Users/lpfeiler/develop/scala/activator-dist-1.3.6/repository/org.scalatest/scalatest_2.11/2.2.4/bundles/scalatest_2.11.jar:/Users/lpfeiler/develop/scala/activator-dist-1.3.6/repository/org.scala-lang/scala-reflect/2.11.2/jars/scala-reflect.jar:/Users/lpfeiler/develop/scala/activator-dist-1.3.6/repository/org.scala-lang.modules/scala-xml_2.11/1.0.2/bundles/scala-xml_2.11.jar
Scala compilation took 1.952464013 s
New invalidations:
	Set()
Initial set of included nodes: Set()
Previously invalidated, but (transitively) depend on new invalidations:
	Set()
All newly invalidated sources after taking into account (previously) recompiled sources:Set()
Copy resource mappings: 
	
Framework implementation 'org.scalacheck.ScalaCheckFramework' not present.
Framework implementation 'org.specs2.runner.Specs2Framework' not present.
Framework implementation 'org.specs2.runner.SpecsFramework' not present.
Framework implementation 'org.specs.runner.SpecsFramework' not present.
Framework implementation 'com.novocode.junit.JUnitFramework' not present.
Subclass fingerprints: List((org.scalatest.Suite,false,org.scalatest.tools.Framework$$anon$1@5bef3a35))
Annotation fingerprints: List((org.scalatest.WrapWith,false,org.scalatest.tools.Framework$$anon$2@5c9ea53e))
Running TaskDef(EbsSpec, org.scalatest.tools.Framework$$anon$1@5bef3a35, false, [SuiteSelector])
Read from stdout: EbsSpec:
Read from stdout: ebs
Read from stdout: - should be correct *** FAILED ***
Read from stdout: 536870912 did not equal 65536 (EbsSpec.scala:7)
Read from stdout: ebsmod
Read from stdout: - should be correct
[32mEbsSpec:[0m
[32mebs[0m
[31m- should be correct *** FAILED ***[0m
[31m  536870912 did not equal 65536 (EbsSpec.scala:7)[0m
[32mebsmod[0m
[32m- should be correct[0m
Read from stdout: Run completed in 265 milliseconds.
Read from stdout: Total number of tests run: 2
Read from stdout: Suites: completed 1, aborted 0
Read from stdout: Tests: succeeded 1, failed 1, canceled 0, ignored 0, pending 0
Read from stdout: *** 1 TEST FAILED ***
Run completed in 265 milliseconds.
Total number of tests run: 2
Suites: completed 1, aborted 0
Tests: succeeded 1, failed 1, canceled 0, ignored 0, pending 0
*** 1 TEST FAILED ***
Read from stdout: Failed tests:
Failed tests:
Read from stdout: 	EbsSpec
	EbsSpec
Read from stdout: (test:test) sbt.TestsFailedException: Tests unsuccessful
(test:test) sbt.TestsFailedException: Tests unsuccessful
Total time: 3 s, completed 24.05.2016 16:41:37
> server-post-command-error-handler
> server-post-command-cleanup
> server-handle-next-server-request
> compile
Evaluating tasks: compile:compile
Running task... Cancel: sbt.server.ServerTaskCancellation@6123d04a, check cycles: false

Initial source changes: 
	removed:Set()
	added: Set()
	modified: Set()
Removed products: Set()
External API changes: API Changes: Set()
Modified binary dependencies: Set()
Initial directly invalidated sources: Set()

Sources indirectly invalidated by:
	product: Set()
	binary dep: Set()
	external source: Set()
All initially invalidated sources: Set()

Total time: 0 s, completed 24.05.2016 16:41:51
> server-post-command-cleanup
> server-handle-next-server-request
> test
Evaluating tasks: test:test
Running task... Cancel: sbt.server.ServerTaskCancellation@64d45183, check cycles: false

Initial source changes: 
	removed:Set()
	added: Set()
	modified: Set()
Removed products: Set()
External API changes: API Changes: Set()
Modified binary dependencies: Set()
Initial directly invalidated sources: Set()

Sources indirectly invalidated by:
	product: Set()
	binary dep: Set()
	external source: Set()
All initially invalidated sources: Set()

Copy resource mappings: 
	

Initial source changes: 
	removed:Set()
	added: Set()
	modified: Set(/Users/lpfeiler/develop/github/ebs/scala/ebs/src/test/scala/EbsSpec.scala)
Removed products: Set()
External API changes: API Changes: Set()
Modified binary dependencies: Set()
Initial directly invalidated sources: Set(/Users/lpfeiler/develop/github/ebs/scala/ebs/src/test/scala/EbsSpec.scala)

Sources indirectly invalidated by:
	product: Set()
	binary dep: Set()
	external source: Set()
All initially invalidated sources: Set(/Users/lpfeiler/develop/github/ebs/scala/ebs/src/test/scala/EbsSpec.scala)

Recompiling all 1 sources: invalidated sources (1) exceeded 50.0% of all sources
Read from stdout: Compiling 1 Scala source to /Users/lpfeiler/develop/github/ebs/scala/ebs/target/scala-2.11/test-classes...
Compiling 1 Scala source to /Users/lpfeiler/develop/github/ebs/scala/ebs/target/scala-2.11/test-classes...
Getting compiler-interface from component compiler for Scala 2.11.7
Other repositories:
Default repositories:
Getting compiler-interface from component compiler for Scala 2.11.7
Other repositories:
Default repositories:
Running cached compiler 6396bf86, interfacing (CompilerInterface) with Scala compiler version 2.11.7
Calling Scala compiler with arguments  (CompilerInterface):
	-bootclasspath
	/Library/Java/JavaVirtualMachines/jdk1.8.0_60.jdk/Contents/Home/jre/lib/resources.jar:/Library/Java/JavaVirtualMachines/jdk1.8.0_60.jdk/Contents/Home/jre/lib/rt.jar:/Library/Java/JavaVirtualMachines/jdk1.8.0_60.jdk/Contents/Home/jre/lib/sunrsasign.jar:/Library/Java/JavaVirtualMachines/jdk1.8.0_60.jdk/Contents/Home/jre/lib/jsse.jar:/Library/Java/JavaVirtualMachines/jdk1.8.0_60.jdk/Contents/Home/jre/lib/jce.jar:/Library/Java/JavaVirtualMachines/jdk1.8.0_60.jdk/Contents/Home/jre/lib/charsets.jar:/Library/Java/JavaVirtualMachines/jdk1.8.0_60.jdk/Contents/Home/jre/lib/jfr.jar:/Library/Java/JavaVirtualMachines/jdk1.8.0_60.jdk/Contents/Home/jre/classes:/Users/lpfeiler/.ivy2/cache/org.scala-lang/scala-library/jars/scala-library-2.11.7.jar
	-classpath
	/Users/lpfeiler/develop/github/ebs/scala/ebs/target/scala-2.11/test-classes:/Users/lpfeiler/develop/github/ebs/scala/ebs/target/scala-2.11/classes:/Users/lpfeiler/develop/scala/activator-dist-1.3.6/repository/org.scalatest/scalatest_2.11/2.2.4/bundles/scalatest_2.11.jar:/Users/lpfeiler/develop/scala/activator-dist-1.3.6/repository/org.scala-lang/scala-reflect/2.11.2/jars/scala-reflect.jar:/Users/lpfeiler/develop/scala/activator-dist-1.3.6/repository/org.scala-lang.modules/scala-xml_2.11/1.0.2/bundles/scala-xml_2.11.jar
Scala compilation took 1.623324069 s
New invalidations:
	Set()
Initial set of included nodes: Set()
Previously invalidated, but (transitively) depend on new invalidations:
	Set()
All newly invalidated sources after taking into account (previously) recompiled sources:Set()
Copy resource mappings: 
	
Framework implementation 'org.scalacheck.ScalaCheckFramework' not present.
Framework implementation 'org.specs2.runner.Specs2Framework' not present.
Framework implementation 'org.specs2.runner.SpecsFramework' not present.
Framework implementation 'org.specs.runner.SpecsFramework' not present.
Framework implementation 'com.novocode.junit.JUnitFramework' not present.
Subclass fingerprints: List((org.scalatest.Suite,false,org.scalatest.tools.Framework$$anon$1@7574436c))
Annotation fingerprints: List((org.scalatest.WrapWith,false,org.scalatest.tools.Framework$$anon$2@b894b9e))
Running TaskDef(EbsSpec, org.scalatest.tools.Framework$$anon$1@7574436c, false, [SuiteSelector])
Read from stdout: EbsSpec:
Read from stdout: ebs
Read from stdout: - should be correct
Read from stdout: ebsmod
Read from stdout: - should be correct
[32mEbsSpec:[0m
[32mebs[0m
[32m- should be correct[0m
[32mebsmod[0m
[32m- should be correct[0m
Read from stdout: Run completed in 187 milliseconds.
Read from stdout: Total number of tests run: 2
Read from stdout: Suites: completed 1, aborted 0
Read from stdout: Tests: succeeded 2, failed 0, canceled 0, ignored 0, pending 0
Read from stdout: All tests passed.
Run completed in 187 milliseconds.
Total number of tests run: 2
Suites: completed 1, aborted 0
Tests: succeeded 2, failed 0, canceled 0, ignored 0, pending 0
All tests passed.
Passed tests:
	EbsSpec
Total time: 2 s, completed 24.05.2016 16:41:53
> server-post-command-cleanup
> server-handle-next-server-request
> compile
Evaluating tasks: compile:compile
Running task... Cancel: sbt.server.ServerTaskCancellation@23dd4bed, check cycles: false

Initial source changes: 
	removed:Set()
	added: Set()
	modified: Set()
Removed products: Set()
External API changes: API Changes: Set()
Modified binary dependencies: Set()
Initial directly invalidated sources: Set()

Sources indirectly invalidated by:
	product: Set()
	binary dep: Set()
	external source: Set()
All initially invalidated sources: Set()

Total time: 0 s, completed 24.05.2016 16:42:06
> server-post-command-cleanup
> server-handle-next-server-request
> test
Evaluating tasks: test:test
Running task... Cancel: sbt.server.ServerTaskCancellation@6219a1fe, check cycles: false

Initial source changes: 
	removed:Set()
	added: Set()
	modified: Set()
Removed products: Set()
External API changes: API Changes: Set()
Modified binary dependencies: Set()
Initial directly invalidated sources: Set()

Sources indirectly invalidated by:
	product: Set()
	binary dep: Set()
	external source: Set()
All initially invalidated sources: Set()

Copy resource mappings: 
	

Initial source changes: 
	removed:Set()
	added: Set()
	modified: Set(/Users/lpfeiler/develop/github/ebs/scala/ebs/src/test/scala/EbsSpec.scala)
Removed products: Set()
External API changes: API Changes: Set()
Modified binary dependencies: Set()
Initial directly invalidated sources: Set(/Users/lpfeiler/develop/github/ebs/scala/ebs/src/test/scala/EbsSpec.scala)

Sources indirectly invalidated by:
	product: Set()
	binary dep: Set()
	external source: Set()
All initially invalidated sources: Set(/Users/lpfeiler/develop/github/ebs/scala/ebs/src/test/scala/EbsSpec.scala)

Recompiling all 1 sources: invalidated sources (1) exceeded 50.0% of all sources
Read from stdout: Compiling 1 Scala source to /Users/lpfeiler/develop/github/ebs/scala/ebs/target/scala-2.11/test-classes...
Compiling 1 Scala source to /Users/lpfeiler/develop/github/ebs/scala/ebs/target/scala-2.11/test-classes...
Getting compiler-interface from component compiler for Scala 2.11.7
Other repositories:
Default repositories:
Getting compiler-interface from component compiler for Scala 2.11.7
Other repositories:
Default repositories:
Running cached compiler 58c8f48b, interfacing (CompilerInterface) with Scala compiler version 2.11.7
Calling Scala compiler with arguments  (CompilerInterface):
	-bootclasspath
	/Library/Java/JavaVirtualMachines/jdk1.8.0_60.jdk/Contents/Home/jre/lib/resources.jar:/Library/Java/JavaVirtualMachines/jdk1.8.0_60.jdk/Contents/Home/jre/lib/rt.jar:/Library/Java/JavaVirtualMachines/jdk1.8.0_60.jdk/Contents/Home/jre/lib/sunrsasign.jar:/Library/Java/JavaVirtualMachines/jdk1.8.0_60.jdk/Contents/Home/jre/lib/jsse.jar:/Library/Java/JavaVirtualMachines/jdk1.8.0_60.jdk/Contents/Home/jre/lib/jce.jar:/Library/Java/JavaVirtualMachines/jdk1.8.0_60.jdk/Contents/Home/jre/lib/charsets.jar:/Library/Java/JavaVirtualMachines/jdk1.8.0_60.jdk/Contents/Home/jre/lib/jfr.jar:/Library/Java/JavaVirtualMachines/jdk1.8.0_60.jdk/Contents/Home/jre/classes:/Users/lpfeiler/.ivy2/cache/org.scala-lang/scala-library/jars/scala-library-2.11.7.jar
	-classpath
	/Users/lpfeiler/develop/github/ebs/scala/ebs/target/scala-2.11/test-classes:/Users/lpfeiler/develop/github/ebs/scala/ebs/target/scala-2.11/classes:/Users/lpfeiler/develop/scala/activator-dist-1.3.6/repository/org.scalatest/scalatest_2.11/2.2.4/bundles/scalatest_2.11.jar:/Users/lpfeiler/develop/scala/activator-dist-1.3.6/repository/org.scala-lang/scala-reflect/2.11.2/jars/scala-reflect.jar:/Users/lpfeiler/develop/scala/activator-dist-1.3.6/repository/org.scala-lang.modules/scala-xml_2.11/1.0.2/bundles/scala-xml_2.11.jar
Scala compilation took 1.536826342 s
New invalidations:
	Set()
Initial set of included nodes: Set()
Previously invalidated, but (transitively) depend on new invalidations:
	Set()
All newly invalidated sources after taking into account (previously) recompiled sources:Set()
Copy resource mappings: 
	
Framework implementation 'org.scalacheck.ScalaCheckFramework' not present.
Framework implementation 'org.specs2.runner.Specs2Framework' not present.
Framework implementation 'org.specs2.runner.SpecsFramework' not present.
Framework implementation 'org.specs.runner.SpecsFramework' not present.
Framework implementation 'com.novocode.junit.JUnitFramework' not present.
Subclass fingerprints: List((org.scalatest.Suite,false,org.scalatest.tools.Framework$$anon$1@20e4acdc))
Annotation fingerprints: List((org.scalatest.WrapWith,false,org.scalatest.tools.Framework$$anon$2@960a72a))
Running TaskDef(EbsSpec, org.scalatest.tools.Framework$$anon$1@20e4acdc, false, [SuiteSelector])
Read from stdout: EbsSpec:
Read from stdout: ebs
Read from stdout: - should be correct *** FAILED ***
Read from stdout: 0 did not equal 536870912 (EbsSpec.scala:8)
Read from stdout: ebsmod
Read from stdout: - should be correct
[32mEbsSpec:[0m
[32mebs[0m
[31m- should be correct *** FAILED ***[0m
[31m  0 did not equal 536870912 (EbsSpec.scala:8)[0m
[32mebsmod[0m
[32m- should be correct[0m
Read from stdout: Run completed in 255 milliseconds.
Read from stdout: Total number of tests run: 2
Read from stdout: Suites: completed 1, aborted 0
Read from stdout: Tests: succeeded 1, failed 1, canceled 0, ignored 0, pending 0
Read from stdout: *** 1 TEST FAILED ***
Run completed in 255 milliseconds.
Total number of tests run: 2
Suites: completed 1, aborted 0
Tests: succeeded 1, failed 1, canceled 0, ignored 0, pending 0
*** 1 TEST FAILED ***
Read from stdout: Failed tests:
Failed tests:
Read from stdout: 	EbsSpec
	EbsSpec
Read from stdout: (test:test) sbt.TestsFailedException: Tests unsuccessful
(test:test) sbt.TestsFailedException: Tests unsuccessful
Total time: 2 s, completed 24.05.2016 16:42:09
> server-post-command-error-handler
> server-post-command-cleanup
> server-handle-next-server-request
> compile
Evaluating tasks: compile:compile
Running task... Cancel: sbt.server.ServerTaskCancellation@3b0f80e2, check cycles: false

Initial source changes: 
	removed:Set()
	added: Set()
	modified: Set()
Removed products: Set()
External API changes: API Changes: Set()
Modified binary dependencies: Set()
Initial directly invalidated sources: Set()

Sources indirectly invalidated by:
	product: Set()
	binary dep: Set()
	external source: Set()
All initially invalidated sources: Set()

Total time: 0 s, completed 24.05.2016 16:42:21
> server-post-command-cleanup
> server-handle-next-server-request
> test
Evaluating tasks: test:test
Running task... Cancel: sbt.server.ServerTaskCancellation@1e3ab4b7, check cycles: false

Initial source changes: 
	removed:Set()
	added: Set()
	modified: Set()
Removed products: Set()
External API changes: API Changes: Set()
Modified binary dependencies: Set()
Initial directly invalidated sources: Set()

Sources indirectly invalidated by:
	product: Set()
	binary dep: Set()
	external source: Set()
All initially invalidated sources: Set()

Copy resource mappings: 
	

Initial source changes: 
	removed:Set()
	added: Set()
	modified: Set(/Users/lpfeiler/develop/github/ebs/scala/ebs/src/test/scala/EbsSpec.scala)
Removed products: Set()
External API changes: API Changes: Set()
Modified binary dependencies: Set()
Initial directly invalidated sources: Set(/Users/lpfeiler/develop/github/ebs/scala/ebs/src/test/scala/EbsSpec.scala)

Sources indirectly invalidated by:
	product: Set()
	binary dep: Set()
	external source: Set()
All initially invalidated sources: Set(/Users/lpfeiler/develop/github/ebs/scala/ebs/src/test/scala/EbsSpec.scala)

Recompiling all 1 sources: invalidated sources (1) exceeded 50.0% of all sources
Read from stdout: Compiling 1 Scala source to /Users/lpfeiler/develop/github/ebs/scala/ebs/target/scala-2.11/test-classes...
Compiling 1 Scala source to /Users/lpfeiler/develop/github/ebs/scala/ebs/target/scala-2.11/test-classes...
Getting compiler-interface from component compiler for Scala 2.11.7
Other repositories:
Default repositories:
Getting compiler-interface from component compiler for Scala 2.11.7
Other repositories:
Default repositories:
Running cached compiler 4ebf982f, interfacing (CompilerInterface) with Scala compiler version 2.11.7
Calling Scala compiler with arguments  (CompilerInterface):
	-bootclasspath
	/Library/Java/JavaVirtualMachines/jdk1.8.0_60.jdk/Contents/Home/jre/lib/resources.jar:/Library/Java/JavaVirtualMachines/jdk1.8.0_60.jdk/Contents/Home/jre/lib/rt.jar:/Library/Java/JavaVirtualMachines/jdk1.8.0_60.jdk/Contents/Home/jre/lib/sunrsasign.jar:/Library/Java/JavaVirtualMachines/jdk1.8.0_60.jdk/Contents/Home/jre/lib/jsse.jar:/Library/Java/JavaVirtualMachines/jdk1.8.0_60.jdk/Contents/Home/jre/lib/jce.jar:/Library/Java/JavaVirtualMachines/jdk1.8.0_60.jdk/Contents/Home/jre/lib/charsets.jar:/Library/Java/JavaVirtualMachines/jdk1.8.0_60.jdk/Contents/Home/jre/lib/jfr.jar:/Library/Java/JavaVirtualMachines/jdk1.8.0_60.jdk/Contents/Home/jre/classes:/Users/lpfeiler/.ivy2/cache/org.scala-lang/scala-library/jars/scala-library-2.11.7.jar
	-classpath
	/Users/lpfeiler/develop/github/ebs/scala/ebs/target/scala-2.11/test-classes:/Users/lpfeiler/develop/github/ebs/scala/ebs/target/scala-2.11/classes:/Users/lpfeiler/develop/scala/activator-dist-1.3.6/repository/org.scalatest/scalatest_2.11/2.2.4/bundles/scalatest_2.11.jar:/Users/lpfeiler/develop/scala/activator-dist-1.3.6/repository/org.scala-lang/scala-reflect/2.11.2/jars/scala-reflect.jar:/Users/lpfeiler/develop/scala/activator-dist-1.3.6/repository/org.scala-lang.modules/scala-xml_2.11/1.0.2/bundles/scala-xml_2.11.jar
Scala compilation took 1.616467137 s
New invalidations:
	Set()
Initial set of included nodes: Set()
Previously invalidated, but (transitively) depend on new invalidations:
	Set()
All newly invalidated sources after taking into account (previously) recompiled sources:Set()
Copy resource mappings: 
	
Framework implementation 'org.scalacheck.ScalaCheckFramework' not present.
Framework implementation 'org.specs2.runner.Specs2Framework' not present.
Framework implementation 'org.specs2.runner.SpecsFramework' not present.
Framework implementation 'org.specs.runner.SpecsFramework' not present.
Framework implementation 'com.novocode.junit.JUnitFramework' not present.
Subclass fingerprints: List((org.scalatest.Suite,false,org.scalatest.tools.Framework$$anon$1@668845b8))
Annotation fingerprints: List((org.scalatest.WrapWith,false,org.scalatest.tools.Framework$$anon$2@1276e23f))
Running TaskDef(EbsSpec, org.scalatest.tools.Framework$$anon$1@668845b8, false, [SuiteSelector])
Read from stdout: EbsSpec:
Read from stdout: ebs
Read from stdout: - should be correct *** FAILED ***
Read from stdout: -2147483648 did not equal 536870912 (EbsSpec.scala:8)
Read from stdout: ebsmod
Read from stdout: - should be correct
[32mEbsSpec:[0m
[32mebs[0m
[31m- should be correct *** FAILED ***[0m
[31m  -2147483648 did not equal 536870912 (EbsSpec.scala:8)[0m
[32mebsmod[0m
[32m- should be correct[0m
Read from stdout: Run completed in 331 milliseconds.
Read from stdout: Total number of tests run: 2
Read from stdout: Suites: completed 1, aborted 0
Read from stdout: Tests: succeeded 1, failed 1, canceled 0, ignored 0, pending 0
Read from stdout: *** 1 TEST FAILED ***
Run completed in 331 milliseconds.
Total number of tests run: 2
Suites: completed 1, aborted 0
Tests: succeeded 1, failed 1, canceled 0, ignored 0, pending 0
*** 1 TEST FAILED ***
Read from stdout: Failed tests:
Failed tests:
Read from stdout: 	EbsSpec
	EbsSpec
Read from stdout: (test:test) sbt.TestsFailedException: Tests unsuccessful
(test:test) sbt.TestsFailedException: Tests unsuccessful
Total time: 2 s, completed 24.05.2016 16:42:23
> server-post-command-error-handler
> server-post-command-cleanup
> server-handle-next-server-request
> compile
Evaluating tasks: compile:compile
Running task... Cancel: sbt.server.ServerTaskCancellation@2965f621, check cycles: false

Initial source changes: 
	removed:Set()
	added: Set()
	modified: Set()
Removed products: Set()
External API changes: API Changes: Set()
Modified binary dependencies: Set()
Initial directly invalidated sources: Set()

Sources indirectly invalidated by:
	product: Set()
	binary dep: Set()
	external source: Set()
All initially invalidated sources: Set()

Total time: 0 s, completed 24.05.2016 16:42:38
> server-post-command-cleanup
> server-handle-next-server-request
> test
Evaluating tasks: test:test
Running task... Cancel: sbt.server.ServerTaskCancellation@44f6f4ac, check cycles: false

Initial source changes: 
	removed:Set()
	added: Set()
	modified: Set()
Removed products: Set()
External API changes: API Changes: Set()
Modified binary dependencies: Set()
Initial directly invalidated sources: Set()

Sources indirectly invalidated by:
	product: Set()
	binary dep: Set()
	external source: Set()
All initially invalidated sources: Set()

Copy resource mappings: 
	

Initial source changes: 
	removed:Set()
	added: Set()
	modified: Set(/Users/lpfeiler/develop/github/ebs/scala/ebs/src/test/scala/EbsSpec.scala)
Removed products: Set()
External API changes: API Changes: Set()
Modified binary dependencies: Set()
Initial directly invalidated sources: Set(/Users/lpfeiler/develop/github/ebs/scala/ebs/src/test/scala/EbsSpec.scala)

Sources indirectly invalidated by:
	product: Set()
	binary dep: Set()
	external source: Set()
All initially invalidated sources: Set(/Users/lpfeiler/develop/github/ebs/scala/ebs/src/test/scala/EbsSpec.scala)

Recompiling all 1 sources: invalidated sources (1) exceeded 50.0% of all sources
Read from stdout: Compiling 1 Scala source to /Users/lpfeiler/develop/github/ebs/scala/ebs/target/scala-2.11/test-classes...
Compiling 1 Scala source to /Users/lpfeiler/develop/github/ebs/scala/ebs/target/scala-2.11/test-classes...
Getting compiler-interface from component compiler for Scala 2.11.7
Other repositories:
Default repositories:
Getting compiler-interface from component compiler for Scala 2.11.7
Other repositories:
Default repositories:
Running cached compiler 3aad2425, interfacing (CompilerInterface) with Scala compiler version 2.11.7
Calling Scala compiler with arguments  (CompilerInterface):
	-bootclasspath
	/Library/Java/JavaVirtualMachines/jdk1.8.0_60.jdk/Contents/Home/jre/lib/resources.jar:/Library/Java/JavaVirtualMachines/jdk1.8.0_60.jdk/Contents/Home/jre/lib/rt.jar:/Library/Java/JavaVirtualMachines/jdk1.8.0_60.jdk/Contents/Home/jre/lib/sunrsasign.jar:/Library/Java/JavaVirtualMachines/jdk1.8.0_60.jdk/Contents/Home/jre/lib/jsse.jar:/Library/Java/JavaVirtualMachines/jdk1.8.0_60.jdk/Contents/Home/jre/lib/jce.jar:/Library/Java/JavaVirtualMachines/jdk1.8.0_60.jdk/Contents/Home/jre/lib/charsets.jar:/Library/Java/JavaVirtualMachines/jdk1.8.0_60.jdk/Contents/Home/jre/lib/jfr.jar:/Library/Java/JavaVirtualMachines/jdk1.8.0_60.jdk/Contents/Home/jre/classes:/Users/lpfeiler/.ivy2/cache/org.scala-lang/scala-library/jars/scala-library-2.11.7.jar
	-classpath
	/Users/lpfeiler/develop/github/ebs/scala/ebs/target/scala-2.11/test-classes:/Users/lpfeiler/develop/github/ebs/scala/ebs/target/scala-2.11/classes:/Users/lpfeiler/develop/scala/activator-dist-1.3.6/repository/org.scalatest/scalatest_2.11/2.2.4/bundles/scalatest_2.11.jar:/Users/lpfeiler/develop/scala/activator-dist-1.3.6/repository/org.scala-lang/scala-reflect/2.11.2/jars/scala-reflect.jar:/Users/lpfeiler/develop/scala/activator-dist-1.3.6/repository/org.scala-lang.modules/scala-xml_2.11/1.0.2/bundles/scala-xml_2.11.jar
Scala compilation took 1.262119533 s
New invalidations:
	Set()
Initial set of included nodes: Set()
Previously invalidated, but (transitively) depend on new invalidations:
	Set()
All newly invalidated sources after taking into account (previously) recompiled sources:Set()
Copy resource mappings: 
	
Framework implementation 'org.scalacheck.ScalaCheckFramework' not present.
Framework implementation 'org.specs2.runner.Specs2Framework' not present.
Framework implementation 'org.specs2.runner.SpecsFramework' not present.
Framework implementation 'org.specs.runner.SpecsFramework' not present.
Framework implementation 'com.novocode.junit.JUnitFramework' not present.
Subclass fingerprints: List((org.scalatest.Suite,false,org.scalatest.tools.Framework$$anon$1@5a48af6f))
Annotation fingerprints: List((org.scalatest.WrapWith,false,org.scalatest.tools.Framework$$anon$2@3a0ff116))
Running TaskDef(EbsSpec, org.scalatest.tools.Framework$$anon$1@5a48af6f, false, [SuiteSelector])
Read from stdout: EbsSpec:
Read from stdout: ebs
Read from stdout: - should be correct *** FAILED ***
Read from stdout: 1073741824 did not equal 536870912 (EbsSpec.scala:8)
Read from stdout: ebsmod
Read from stdout: - should be correct
[32mEbsSpec:[0m
[32mebs[0m
[31m- should be correct *** FAILED ***[0m
[31m  1073741824 did not equal 536870912 (EbsSpec.scala:8)[0m
[32mebsmod[0m
[32m- should be correct[0m
Read from stdout: Run completed in 197 milliseconds.
Read from stdout: Total number of tests run: 2
Read from stdout: Suites: completed 1, aborted 0
Read from stdout: Tests: succeeded 1, failed 1, canceled 0, ignored 0, pending 0
Read from stdout: *** 1 TEST FAILED ***
Run completed in 197 milliseconds.
Total number of tests run: 2
Suites: completed 1, aborted 0
Tests: succeeded 1, failed 1, canceled 0, ignored 0, pending 0
*** 1 TEST FAILED ***
Read from stdout: Failed tests:
Failed tests:
Read from stdout: 	EbsSpec
	EbsSpec
Read from stdout: (test:test) sbt.TestsFailedException: Tests unsuccessful
(test:test) sbt.TestsFailedException: Tests unsuccessful
Total time: 2 s, completed 24.05.2016 16:42:40
> server-post-command-error-handler
> server-post-command-cleanup
> server-handle-next-server-request
> compile
Evaluating tasks: compile:compile
Running task... Cancel: sbt.server.ServerTaskCancellation@31b4c3, check cycles: false

Initial source changes: 
	removed:Set()
	added: Set()
	modified: Set()
Removed products: Set()
External API changes: API Changes: Set()
Modified binary dependencies: Set()
Initial directly invalidated sources: Set()

Sources indirectly invalidated by:
	product: Set()
	binary dep: Set()
	external source: Set()
All initially invalidated sources: Set()

Total time: 0 s, completed 24.05.2016 16:42:55
> server-post-command-cleanup
> server-handle-next-server-request
> test
Evaluating tasks: test:test
Running task... Cancel: sbt.server.ServerTaskCancellation@4e6e51df, check cycles: false

Initial source changes: 
	removed:Set()
	added: Set()
	modified: Set()
Removed products: Set()
External API changes: API Changes: Set()
Modified binary dependencies: Set()
Initial directly invalidated sources: Set()

Sources indirectly invalidated by:
	product: Set()
	binary dep: Set()
	external source: Set()
All initially invalidated sources: Set()

Copy resource mappings: 
	

Initial source changes: 
	removed:Set()
	added: Set()
	modified: Set(/Users/lpfeiler/develop/github/ebs/scala/ebs/src/test/scala/EbsSpec.scala)
Removed products: Set()
External API changes: API Changes: Set()
Modified binary dependencies: Set()
Initial directly invalidated sources: Set(/Users/lpfeiler/develop/github/ebs/scala/ebs/src/test/scala/EbsSpec.scala)

Sources indirectly invalidated by:
	product: Set()
	binary dep: Set()
	external source: Set()
All initially invalidated sources: Set(/Users/lpfeiler/develop/github/ebs/scala/ebs/src/test/scala/EbsSpec.scala)

Recompiling all 1 sources: invalidated sources (1) exceeded 50.0% of all sources
Read from stdout: Compiling 1 Scala source to /Users/lpfeiler/develop/github/ebs/scala/ebs/target/scala-2.11/test-classes...
Compiling 1 Scala source to /Users/lpfeiler/develop/github/ebs/scala/ebs/target/scala-2.11/test-classes...
Getting compiler-interface from component compiler for Scala 2.11.7
Other repositories:
Default repositories:
Getting compiler-interface from component compiler for Scala 2.11.7
Other repositories:
Default repositories:
Running cached compiler 40b0d9cd, interfacing (CompilerInterface) with Scala compiler version 2.11.7
Calling Scala compiler with arguments  (CompilerInterface):
	-bootclasspath
	/Library/Java/JavaVirtualMachines/jdk1.8.0_60.jdk/Contents/Home/jre/lib/resources.jar:/Library/Java/JavaVirtualMachines/jdk1.8.0_60.jdk/Contents/Home/jre/lib/rt.jar:/Library/Java/JavaVirtualMachines/jdk1.8.0_60.jdk/Contents/Home/jre/lib/sunrsasign.jar:/Library/Java/JavaVirtualMachines/jdk1.8.0_60.jdk/Contents/Home/jre/lib/jsse.jar:/Library/Java/JavaVirtualMachines/jdk1.8.0_60.jdk/Contents/Home/jre/lib/jce.jar:/Library/Java/JavaVirtualMachines/jdk1.8.0_60.jdk/Contents/Home/jre/lib/charsets.jar:/Library/Java/JavaVirtualMachines/jdk1.8.0_60.jdk/Contents/Home/jre/lib/jfr.jar:/Library/Java/JavaVirtualMachines/jdk1.8.0_60.jdk/Contents/Home/jre/classes:/Users/lpfeiler/.ivy2/cache/org.scala-lang/scala-library/jars/scala-library-2.11.7.jar
	-classpath
	/Users/lpfeiler/develop/github/ebs/scala/ebs/target/scala-2.11/test-classes:/Users/lpfeiler/develop/github/ebs/scala/ebs/target/scala-2.11/classes:/Users/lpfeiler/develop/scala/activator-dist-1.3.6/repository/org.scalatest/scalatest_2.11/2.2.4/bundles/scalatest_2.11.jar:/Users/lpfeiler/develop/scala/activator-dist-1.3.6/repository/org.scala-lang/scala-reflect/2.11.2/jars/scala-reflect.jar:/Users/lpfeiler/develop/scala/activator-dist-1.3.6/repository/org.scala-lang.modules/scala-xml_2.11/1.0.2/bundles/scala-xml_2.11.jar
Scala compilation took 1.028754936 s
New invalidations:
	Set()
Initial set of included nodes: Set()
Previously invalidated, but (transitively) depend on new invalidations:
	Set()
All newly invalidated sources after taking into account (previously) recompiled sources:Set()
Copy resource mappings: 
	
Framework implementation 'org.scalacheck.ScalaCheckFramework' not present.
Framework implementation 'org.specs2.runner.Specs2Framework' not present.
Framework implementation 'org.specs2.runner.SpecsFramework' not present.
Framework implementation 'org.specs.runner.SpecsFramework' not present.
Framework implementation 'com.novocode.junit.JUnitFramework' not present.
Subclass fingerprints: List((org.scalatest.Suite,false,org.scalatest.tools.Framework$$anon$1@3c9fb015))
Annotation fingerprints: List((org.scalatest.WrapWith,false,org.scalatest.tools.Framework$$anon$2@32901c35))
Running TaskDef(EbsSpec, org.scalatest.tools.Framework$$anon$1@3c9fb015, false, [SuiteSelector])
Read from stdout: EbsSpec:
Read from stdout: ebs
Read from stdout: - should be correct
Read from stdout: ebsmod
Read from stdout: - should be correct
[32mEbsSpec:[0m
[32mebs[0m
[32m- should be correct[0m
[32mebsmod[0m
[32m- should be correct[0m
Read from stdout: Run completed in 229 milliseconds.
Read from stdout: Total number of tests run: 2
Read from stdout: Suites: completed 1, aborted 0
Read from stdout: Tests: succeeded 2, failed 0, canceled 0, ignored 0, pending 0
Read from stdout: All tests passed.
Run completed in 229 milliseconds.
Total number of tests run: 2
Suites: completed 1, aborted 0
Tests: succeeded 2, failed 0, canceled 0, ignored 0, pending 0
All tests passed.
Passed tests:
	EbsSpec
Total time: 2 s, completed 24.05.2016 16:42:57
> server-post-command-cleanup
> server-handle-next-server-request
> compile
Evaluating tasks: compile:compile
Running task... Cancel: sbt.server.ServerTaskCancellation@c26428b, check cycles: false

Initial source changes: 
	removed:Set()
	added: Set()
	modified: Set()
Removed products: Set()
External API changes: API Changes: Set()
Modified binary dependencies: Set()
Initial directly invalidated sources: Set()

Sources indirectly invalidated by:
	product: Set()
	binary dep: Set()
	external source: Set()
All initially invalidated sources: Set()

Total time: 0 s, completed 24.05.2016 16:44:31
> server-post-command-cleanup
> server-handle-next-server-request
> test
Evaluating tasks: test:test
Running task... Cancel: sbt.server.ServerTaskCancellation@3711c7e9, check cycles: false

Initial source changes: 
	removed:Set()
	added: Set()
	modified: Set()
Removed products: Set()
External API changes: API Changes: Set()
Modified binary dependencies: Set()
Initial directly invalidated sources: Set()

Sources indirectly invalidated by:
	product: Set()
	binary dep: Set()
	external source: Set()
All initially invalidated sources: Set()

Copy resource mappings: 
	

Initial source changes: 
	removed:Set()
	added: Set()
	modified: Set(/Users/lpfeiler/develop/github/ebs/scala/ebs/src/test/scala/EbsSpec.scala)
Removed products: Set()
External API changes: API Changes: Set()
Modified binary dependencies: Set()
Initial directly invalidated sources: Set(/Users/lpfeiler/develop/github/ebs/scala/ebs/src/test/scala/EbsSpec.scala)

Sources indirectly invalidated by:
	product: Set()
	binary dep: Set()
	external source: Set()
All initially invalidated sources: Set(/Users/lpfeiler/develop/github/ebs/scala/ebs/src/test/scala/EbsSpec.scala)

Recompiling all 1 sources: invalidated sources (1) exceeded 50.0% of all sources
Read from stdout: Compiling 1 Scala source to /Users/lpfeiler/develop/github/ebs/scala/ebs/target/scala-2.11/test-classes...
Compiling 1 Scala source to /Users/lpfeiler/develop/github/ebs/scala/ebs/target/scala-2.11/test-classes...
Getting compiler-interface from component compiler for Scala 2.11.7
Other repositories:
Default repositories:
Getting compiler-interface from component compiler for Scala 2.11.7
Other repositories:
Default repositories:
Running cached compiler 53a6290, interfacing (CompilerInterface) with Scala compiler version 2.11.7
Calling Scala compiler with arguments  (CompilerInterface):
	-bootclasspath
	/Library/Java/JavaVirtualMachines/jdk1.8.0_60.jdk/Contents/Home/jre/lib/resources.jar:/Library/Java/JavaVirtualMachines/jdk1.8.0_60.jdk/Contents/Home/jre/lib/rt.jar:/Library/Java/JavaVirtualMachines/jdk1.8.0_60.jdk/Contents/Home/jre/lib/sunrsasign.jar:/Library/Java/JavaVirtualMachines/jdk1.8.0_60.jdk/Contents/Home/jre/lib/jsse.jar:/Library/Java/JavaVirtualMachines/jdk1.8.0_60.jdk/Contents/Home/jre/lib/jce.jar:/Library/Java/JavaVirtualMachines/jdk1.8.0_60.jdk/Contents/Home/jre/lib/charsets.jar:/Library/Java/JavaVirtualMachines/jdk1.8.0_60.jdk/Contents/Home/jre/lib/jfr.jar:/Library/Java/JavaVirtualMachines/jdk1.8.0_60.jdk/Contents/Home/jre/classes:/Users/lpfeiler/.ivy2/cache/org.scala-lang/scala-library/jars/scala-library-2.11.7.jar
	-classpath
	/Users/lpfeiler/develop/github/ebs/scala/ebs/target/scala-2.11/test-classes:/Users/lpfeiler/develop/github/ebs/scala/ebs/target/scala-2.11/classes:/Users/lpfeiler/develop/scala/activator-dist-1.3.6/repository/org.scalatest/scalatest_2.11/2.2.4/bundles/scalatest_2.11.jar:/Users/lpfeiler/develop/scala/activator-dist-1.3.6/repository/org.scala-lang/scala-reflect/2.11.2/jars/scala-reflect.jar:/Users/lpfeiler/develop/scala/activator-dist-1.3.6/repository/org.scala-lang.modules/scala-xml_2.11/1.0.2/bundles/scala-xml_2.11.jar
Scala compilation took 1.196930474 s
New invalidations:
	Set()
Initial set of included nodes: Set()
Previously invalidated, but (transitively) depend on new invalidations:
	Set()
All newly invalidated sources after taking into account (previously) recompiled sources:Set()
Copy resource mappings: 
	
Framework implementation 'org.scalacheck.ScalaCheckFramework' not present.
Framework implementation 'org.specs2.runner.Specs2Framework' not present.
Framework implementation 'org.specs2.runner.SpecsFramework' not present.
Framework implementation 'org.specs.runner.SpecsFramework' not present.
Framework implementation 'com.novocode.junit.JUnitFramework' not present.
Subclass fingerprints: List((org.scalatest.Suite,false,org.scalatest.tools.Framework$$anon$1@7df5c463))
Annotation fingerprints: List((org.scalatest.WrapWith,false,org.scalatest.tools.Framework$$anon$2@6b015b5f))
Running TaskDef(EbsSpec, org.scalatest.tools.Framework$$anon$1@7df5c463, false, [SuiteSelector])
Read from stdout: EbsSpec:
Read from stdout: ebs
Read from stdout: - should be correct *** FAILED ***
Read from stdout: -2147483648 did not equal 1073741824 (EbsSpec.scala:8)
Read from stdout: ebsmod
Read from stdout: - should be correct
[32mEbsSpec:[0m
[32mebs[0m
[31m- should be correct *** FAILED ***[0m
[31m  -2147483648 did not equal 1073741824 (EbsSpec.scala:8)[0m
[32mebsmod[0m
[32m- should be correct[0m
Read from stdout: Run completed in 304 milliseconds.
Read from stdout: Total number of tests run: 2
Read from stdout: Suites: completed 1, aborted 0
Read from stdout: Tests: succeeded 1, failed 1, canceled 0, ignored 0, pending 0
Read from stdout: *** 1 TEST FAILED ***
Run completed in 304 milliseconds.
Total number of tests run: 2
Suites: completed 1, aborted 0
Tests: succeeded 1, failed 1, canceled 0, ignored 0, pending 0
*** 1 TEST FAILED ***
Read from stdout: Failed tests:
Failed tests:
Read from stdout: 	EbsSpec
	EbsSpec
Read from stdout: (test:test) sbt.TestsFailedException: Tests unsuccessful
(test:test) sbt.TestsFailedException: Tests unsuccessful
Total time: 2 s, completed 24.05.2016 16:44:33
> server-post-command-error-handler
> server-post-command-cleanup
> server-handle-next-server-request
> compile
Evaluating tasks: compile:compile
Running task... Cancel: sbt.server.ServerTaskCancellation@3431835c, check cycles: false

Initial source changes: 
	removed:Set()
	added: Set()
	modified: Set()
Removed products: Set()
External API changes: API Changes: Set()
Modified binary dependencies: Set()
Initial directly invalidated sources: Set()

Sources indirectly invalidated by:
	product: Set()
	binary dep: Set()
	external source: Set()
All initially invalidated sources: Set()

Total time: 0 s, completed 24.05.2016 16:44:53
> server-post-command-cleanup
> server-handle-next-server-request
> test
Evaluating tasks: test:test
Running task... Cancel: sbt.server.ServerTaskCancellation@571c5851, check cycles: false

Initial source changes: 
	removed:Set()
	added: Set()
	modified: Set()
Removed products: Set()
External API changes: API Changes: Set()
Modified binary dependencies: Set()
Initial directly invalidated sources: Set()

Sources indirectly invalidated by:
	product: Set()
	binary dep: Set()
	external source: Set()
All initially invalidated sources: Set()

Copy resource mappings: 
	

Initial source changes: 
	removed:Set()
	added: Set()
	modified: Set(/Users/lpfeiler/develop/github/ebs/scala/ebs/src/test/scala/EbsSpec.scala)
Removed products: Set()
External API changes: API Changes: Set()
Modified binary dependencies: Set()
Initial directly invalidated sources: Set(/Users/lpfeiler/develop/github/ebs/scala/ebs/src/test/scala/EbsSpec.scala)

Sources indirectly invalidated by:
	product: Set()
	binary dep: Set()
	external source: Set()
All initially invalidated sources: Set(/Users/lpfeiler/develop/github/ebs/scala/ebs/src/test/scala/EbsSpec.scala)

Recompiling all 1 sources: invalidated sources (1) exceeded 50.0% of all sources
Read from stdout: Compiling 1 Scala source to /Users/lpfeiler/develop/github/ebs/scala/ebs/target/scala-2.11/test-classes...
Compiling 1 Scala source to /Users/lpfeiler/develop/github/ebs/scala/ebs/target/scala-2.11/test-classes...
Getting compiler-interface from component compiler for Scala 2.11.7
Other repositories:
Default repositories:
Getting compiler-interface from component compiler for Scala 2.11.7
Other repositories:
Default repositories:
Running cached compiler 1120bb1c, interfacing (CompilerInterface) with Scala compiler version 2.11.7
Calling Scala compiler with arguments  (CompilerInterface):
	-bootclasspath
	/Library/Java/JavaVirtualMachines/jdk1.8.0_60.jdk/Contents/Home/jre/lib/resources.jar:/Library/Java/JavaVirtualMachines/jdk1.8.0_60.jdk/Contents/Home/jre/lib/rt.jar:/Library/Java/JavaVirtualMachines/jdk1.8.0_60.jdk/Contents/Home/jre/lib/sunrsasign.jar:/Library/Java/JavaVirtualMachines/jdk1.8.0_60.jdk/Contents/Home/jre/lib/jsse.jar:/Library/Java/JavaVirtualMachines/jdk1.8.0_60.jdk/Contents/Home/jre/lib/jce.jar:/Library/Java/JavaVirtualMachines/jdk1.8.0_60.jdk/Contents/Home/jre/lib/charsets.jar:/Library/Java/JavaVirtualMachines/jdk1.8.0_60.jdk/Contents/Home/jre/lib/jfr.jar:/Library/Java/JavaVirtualMachines/jdk1.8.0_60.jdk/Contents/Home/jre/classes:/Users/lpfeiler/.ivy2/cache/org.scala-lang/scala-library/jars/scala-library-2.11.7.jar
	-classpath
	/Users/lpfeiler/develop/github/ebs/scala/ebs/target/scala-2.11/test-classes:/Users/lpfeiler/develop/github/ebs/scala/ebs/target/scala-2.11/classes:/Users/lpfeiler/develop/scala/activator-dist-1.3.6/repository/org.scalatest/scalatest_2.11/2.2.4/bundles/scalatest_2.11.jar:/Users/lpfeiler/develop/scala/activator-dist-1.3.6/repository/org.scala-lang/scala-reflect/2.11.2/jars/scala-reflect.jar:/Users/lpfeiler/develop/scala/activator-dist-1.3.6/repository/org.scala-lang.modules/scala-xml_2.11/1.0.2/bundles/scala-xml_2.11.jar
Scala compilation took 1.021530767 s
New invalidations:
	Set()
Initial set of included nodes: Set()
Previously invalidated, but (transitively) depend on new invalidations:
	Set()
All newly invalidated sources after taking into account (previously) recompiled sources:Set()
Copy resource mappings: 
	
Framework implementation 'org.scalacheck.ScalaCheckFramework' not present.
Framework implementation 'org.specs2.runner.Specs2Framework' not present.
Framework implementation 'org.specs2.runner.SpecsFramework' not present.
Framework implementation 'org.specs.runner.SpecsFramework' not present.
Framework implementation 'com.novocode.junit.JUnitFramework' not present.
Subclass fingerprints: List((org.scalatest.Suite,false,org.scalatest.tools.Framework$$anon$1@65d9ee8b))
Annotation fingerprints: List((org.scalatest.WrapWith,false,org.scalatest.tools.Framework$$anon$2@6595215b))
Running TaskDef(EbsSpec, org.scalatest.tools.Framework$$anon$1@65d9ee8b, false, [SuiteSelector])
Read from stdout: EbsSpec:
Read from stdout: ebs
Read from stdout: - should be correct *** FAILED ***
Read from stdout: 0 did not equal 1073741824 (EbsSpec.scala:8)
Read from stdout: ebsmod
Read from stdout: - should be correct
[32mEbsSpec:[0m
[32mebs[0m
[31m- should be correct *** FAILED ***[0m
[31m  0 did not equal 1073741824 (EbsSpec.scala:8)[0m
[32mebsmod[0m
[32m- should be correct[0m
Read from stdout: Run completed in 211 milliseconds.
Read from stdout: Total number of tests run: 2
Read from stdout: Suites: completed 1, aborted 0
Read from stdout: Tests: succeeded 1, failed 1, canceled 0, ignored 0, pending 0
Read from stdout: *** 1 TEST FAILED ***
Run completed in 211 milliseconds.
Total number of tests run: 2
Suites: completed 1, aborted 0
Tests: succeeded 1, failed 1, canceled 0, ignored 0, pending 0
*** 1 TEST FAILED ***
Read from stdout: Failed tests:
Failed tests:
Read from stdout: 	EbsSpec
	EbsSpec
Read from stdout: (test:test) sbt.TestsFailedException: Tests unsuccessful
(test:test) sbt.TestsFailedException: Tests unsuccessful
Total time: 2 s, completed 24.05.2016 16:44:54
> server-post-command-error-handler
> server-post-command-cleanup
> server-handle-next-server-request
> compile
Evaluating tasks: compile:compile
Running task... Cancel: sbt.server.ServerTaskCancellation@d32abc7, check cycles: false

Initial source changes: 
	removed:Set()
	added: Set()
	modified: Set(/Users/lpfeiler/develop/github/ebs/scala/ebs/src/main/scala/de/csmath/math/Ebs.scala)
Removed products: Set()
External API changes: API Changes: Set()
Modified binary dependencies: Set()
Initial directly invalidated sources: Set(/Users/lpfeiler/develop/github/ebs/scala/ebs/src/main/scala/de/csmath/math/Ebs.scala)

Sources indirectly invalidated by:
	product: Set()
	binary dep: Set()
	external source: Set()
All initially invalidated sources: Set(/Users/lpfeiler/develop/github/ebs/scala/ebs/src/main/scala/de/csmath/math/Ebs.scala)

Recompiling all 1 sources: invalidated sources (1) exceeded 50.0% of all sources
Read from stdout: Compiling 1 Scala source to /Users/lpfeiler/develop/github/ebs/scala/ebs/target/scala-2.11/classes...
Compiling 1 Scala source to /Users/lpfeiler/develop/github/ebs/scala/ebs/target/scala-2.11/classes...
Getting compiler-interface from component compiler for Scala 2.11.7
Other repositories:
Default repositories:
Getting compiler-interface from component compiler for Scala 2.11.7
Other repositories:
Default repositories:
Running cached compiler 3359fedf, interfacing (CompilerInterface) with Scala compiler version 2.11.7
Calling Scala compiler with arguments  (CompilerInterface):
	-bootclasspath
	/Library/Java/JavaVirtualMachines/jdk1.8.0_60.jdk/Contents/Home/jre/lib/resources.jar:/Library/Java/JavaVirtualMachines/jdk1.8.0_60.jdk/Contents/Home/jre/lib/rt.jar:/Library/Java/JavaVirtualMachines/jdk1.8.0_60.jdk/Contents/Home/jre/lib/sunrsasign.jar:/Library/Java/JavaVirtualMachines/jdk1.8.0_60.jdk/Contents/Home/jre/lib/jsse.jar:/Library/Java/JavaVirtualMachines/jdk1.8.0_60.jdk/Contents/Home/jre/lib/jce.jar:/Library/Java/JavaVirtualMachines/jdk1.8.0_60.jdk/Contents/Home/jre/lib/charsets.jar:/Library/Java/JavaVirtualMachines/jdk1.8.0_60.jdk/Contents/Home/jre/lib/jfr.jar:/Library/Java/JavaVirtualMachines/jdk1.8.0_60.jdk/Contents/Home/jre/classes:/Users/lpfeiler/.ivy2/cache/org.scala-lang/scala-library/jars/scala-library-2.11.7.jar
	-classpath
	/Users/lpfeiler/develop/github/ebs/scala/ebs/target/scala-2.11/classes
Scala compilation took 0.590509556 s
New invalidations:
	Set()
Initial set of included nodes: Set()
Previously invalidated, but (transitively) depend on new invalidations:
	Set()
All newly invalidated sources after taking into account (previously) recompiled sources:Set()
Total time: 1 s, completed 24.05.2016 16:46:03
> server-post-command-cleanup
> server-handle-next-server-request
> test
Evaluating tasks: test:test
Running task... Cancel: sbt.server.ServerTaskCancellation@390ced0, check cycles: false

Initial source changes: 
	removed:Set()
	added: Set()
	modified: Set()
Removed products: Set()
External API changes: API Changes: Set()
Modified binary dependencies: Set()
Initial directly invalidated sources: Set()

Sources indirectly invalidated by:
	product: Set()
	binary dep: Set()
	external source: Set()
All initially invalidated sources: Set()

Copy resource mappings: 
	

Initial source changes: 
	removed:Set()
	added: Set()
	modified: Set()
Removed products: Set()
External API changes: API Changes: Set()
Modified binary dependencies: Set()
Initial directly invalidated sources: Set()

Sources indirectly invalidated by:
	product: Set()
	binary dep: Set()
	external source: Set()
All initially invalidated sources: Set()

Copy resource mappings: 
	
Framework implementation 'org.scalacheck.ScalaCheckFramework' not present.
Framework implementation 'org.specs2.runner.Specs2Framework' not present.
Framework implementation 'org.specs2.runner.SpecsFramework' not present.
Framework implementation 'org.specs.runner.SpecsFramework' not present.
Framework implementation 'com.novocode.junit.JUnitFramework' not present.
Subclass fingerprints: List((org.scalatest.Suite,false,org.scalatest.tools.Framework$$anon$1@6ba7c529))
Annotation fingerprints: List((org.scalatest.WrapWith,false,org.scalatest.tools.Framework$$anon$2@74f5d089))
Running TaskDef(EbsSpec, org.scalatest.tools.Framework$$anon$1@6ba7c529, false, [SuiteSelector])
Read from stdout: EbsSpec:
Read from stdout: ebs
Read from stdout: - should be correct *** FAILED ***
Read from stdout: 0 did not equal 1073741824 (EbsSpec.scala:8)
Read from stdout: ebsmod
Read from stdout: - should be correct
[32mEbsSpec:[0m
[32mebs[0m
[31m- should be correct *** FAILED ***[0m
[31m  0 did not equal 1073741824 (EbsSpec.scala:8)[0m
[32mebsmod[0m
[32m- should be correct[0m
Read from stdout: Run completed in 222 milliseconds.
Read from stdout: Total number of tests run: 2
Read from stdout: Suites: completed 1, aborted 0
Read from stdout: Tests: succeeded 1, failed 1, canceled 0, ignored 0, pending 0
Read from stdout: *** 1 TEST FAILED ***
Run completed in 222 milliseconds.
Total number of tests run: 2
Suites: completed 1, aborted 0
Tests: succeeded 1, failed 1, canceled 0, ignored 0, pending 0
*** 1 TEST FAILED ***
Read from stdout: Failed tests:
Failed tests:
Read from stdout: 	EbsSpec
	EbsSpec
Read from stdout: (test:test) sbt.TestsFailedException: Tests unsuccessful
(test:test) sbt.TestsFailedException: Tests unsuccessful
Total time: 1 s, completed 24.05.2016 16:46:03
> server-post-command-error-handler
> server-post-command-cleanup
> server-handle-next-server-request
> compile
Evaluating tasks: compile:compile
Running task... Cancel: sbt.server.ServerTaskCancellation@630e2d32, check cycles: false

Initial source changes: 
	removed:Set()
	added: Set()
	modified: Set()
Removed products: Set()
External API changes: API Changes: Set()
Modified binary dependencies: Set()
Initial directly invalidated sources: Set()

Sources indirectly invalidated by:
	product: Set()
	binary dep: Set()
	external source: Set()
All initially invalidated sources: Set()

Total time: 0 s, completed 24.05.2016 16:46:37
> server-post-command-cleanup
> server-handle-next-server-request
> test
Evaluating tasks: test:test
Running task... Cancel: sbt.server.ServerTaskCancellation@5a4dfa67, check cycles: false

Initial source changes: 
	removed:Set()
	added: Set()
	modified: Set()
Removed products: Set()
External API changes: API Changes: Set()
Modified binary dependencies: Set()
Initial directly invalidated sources: Set()

Sources indirectly invalidated by:
	product: Set()
	binary dep: Set()
	external source: Set()
All initially invalidated sources: Set()

Copy resource mappings: 
	

Initial source changes: 
	removed:Set()
	added: Set()
	modified: Set(/Users/lpfeiler/develop/github/ebs/scala/ebs/src/test/scala/EbsSpec.scala)
Removed products: Set()
External API changes: API Changes: Set()
Modified binary dependencies: Set()
Initial directly invalidated sources: Set(/Users/lpfeiler/develop/github/ebs/scala/ebs/src/test/scala/EbsSpec.scala)

Sources indirectly invalidated by:
	product: Set()
	binary dep: Set()
	external source: Set()
All initially invalidated sources: Set(/Users/lpfeiler/develop/github/ebs/scala/ebs/src/test/scala/EbsSpec.scala)

Recompiling all 1 sources: invalidated sources (1) exceeded 50.0% of all sources
Read from stdout: Compiling 1 Scala source to /Users/lpfeiler/develop/github/ebs/scala/ebs/target/scala-2.11/test-classes...
Compiling 1 Scala source to /Users/lpfeiler/develop/github/ebs/scala/ebs/target/scala-2.11/test-classes...
Getting compiler-interface from component compiler for Scala 2.11.7
Other repositories:
Default repositories:
Getting compiler-interface from component compiler for Scala 2.11.7
Other repositories:
Default repositories:
Running cached compiler 4e409f2c, interfacing (CompilerInterface) with Scala compiler version 2.11.7
Calling Scala compiler with arguments  (CompilerInterface):
	-bootclasspath
	/Library/Java/JavaVirtualMachines/jdk1.8.0_60.jdk/Contents/Home/jre/lib/resources.jar:/Library/Java/JavaVirtualMachines/jdk1.8.0_60.jdk/Contents/Home/jre/lib/rt.jar:/Library/Java/JavaVirtualMachines/jdk1.8.0_60.jdk/Contents/Home/jre/lib/sunrsasign.jar:/Library/Java/JavaVirtualMachines/jdk1.8.0_60.jdk/Contents/Home/jre/lib/jsse.jar:/Library/Java/JavaVirtualMachines/jdk1.8.0_60.jdk/Contents/Home/jre/lib/jce.jar:/Library/Java/JavaVirtualMachines/jdk1.8.0_60.jdk/Contents/Home/jre/lib/charsets.jar:/Library/Java/JavaVirtualMachines/jdk1.8.0_60.jdk/Contents/Home/jre/lib/jfr.jar:/Library/Java/JavaVirtualMachines/jdk1.8.0_60.jdk/Contents/Home/jre/classes:/Users/lpfeiler/.ivy2/cache/org.scala-lang/scala-library/jars/scala-library-2.11.7.jar
	-classpath
	/Users/lpfeiler/develop/github/ebs/scala/ebs/target/scala-2.11/test-classes:/Users/lpfeiler/develop/github/ebs/scala/ebs/target/scala-2.11/classes:/Users/lpfeiler/develop/scala/activator-dist-1.3.6/repository/org.scalatest/scalatest_2.11/2.2.4/bundles/scalatest_2.11.jar:/Users/lpfeiler/develop/scala/activator-dist-1.3.6/repository/org.scala-lang/scala-reflect/2.11.2/jars/scala-reflect.jar:/Users/lpfeiler/develop/scala/activator-dist-1.3.6/repository/org.scala-lang.modules/scala-xml_2.11/1.0.2/bundles/scala-xml_2.11.jar
Scala compilation took 1.188257006 s
New invalidations:
	Set()
Initial set of included nodes: Set()
Previously invalidated, but (transitively) depend on new invalidations:
	Set()
All newly invalidated sources after taking into account (previously) recompiled sources:Set()
Copy resource mappings: 
	
Framework implementation 'org.scalacheck.ScalaCheckFramework' not present.
Framework implementation 'org.specs2.runner.Specs2Framework' not present.
Framework implementation 'org.specs2.runner.SpecsFramework' not present.
Framework implementation 'org.specs.runner.SpecsFramework' not present.
Framework implementation 'com.novocode.junit.JUnitFramework' not present.
Subclass fingerprints: List((org.scalatest.Suite,false,org.scalatest.tools.Framework$$anon$1@7d77ce51))
Annotation fingerprints: List((org.scalatest.WrapWith,false,org.scalatest.tools.Framework$$anon$2@5fb0872))
Running TaskDef(EbsSpec, org.scalatest.tools.Framework$$anon$1@7d77ce51, false, [SuiteSelector])
Read from stdout: EbsSpec:
Read from stdout: ebs
Read from stdout: - should be correct
Read from stdout: ebsmod
Read from stdout: - should be correct
[32mEbsSpec:[0m
[32mebs[0m
[32m- should be correct[0m
[32mebsmod[0m
[32m- should be correct[0m
Read from stdout: Run completed in 149 milliseconds.
Read from stdout: Total number of tests run: 2
Read from stdout: Suites: completed 1, aborted 0
Read from stdout: Tests: succeeded 2, failed 0, canceled 0, ignored 0, pending 0
Read from stdout: All tests passed.
Run completed in 149 milliseconds.
Total number of tests run: 2
Suites: completed 1, aborted 0
Tests: succeeded 2, failed 0, canceled 0, ignored 0, pending 0
All tests passed.
Passed tests:
	EbsSpec
Total time: 2 s, completed 24.05.2016 16:46:38
> server-post-command-cleanup
> server-handle-next-server-request
