New log file opened at Tue May 24 17:23:13 CEST 2016 by 19929@Lothars-MBP.fritz.box
jvm 19929@Lothars-MBP.fritz.box
jvm vmName=Java HotSpot(TM) 64-Bit Server VM vmVendor=Oracle Corporation vmVersion=25.60-b23
jvm specName=Java Virtual Machine Specification specVendor=Oracle Corporation specVersion=1.8
jvm arguments: [-Xms256m, -Xmx1024m, -XX:MetaspaceSize=64m, -XX:MaxMetaspaceSize=256m]
Starting event engine
Starting sbt command engine
Waiting for sbt command engine
Command engine arguments=List()
Command engine baseDirectory=/Users/lpfeiler/develop/github/ebs/scala/ebs
Command engine initial remaining commands List(--initialize, onFailure load-failed, boot, server-send-ready-for-request, server-handle-next-server-request)
> --initialize
> initialize
> onFailure load-failed
> boot
> reload
[Loading] Scanning directory /Users/lpfeiler/develop/github/ebs/scala/ebs/project
[Loading] Found non-root projects 
[Loading] Done in /Users/lpfeiler/develop/github/ebs/scala/ebs/project, returning: ()
deducing auto plugins based on known facts Set(Atom(sbt.plugins.CorePlugin)) and clauses Clauses(List(Clause(Atom(sbt.plugins.JvmPlugin),Set(Atom(sbt.plugins.IvyPlugin))), Clause(Atom(sbt.plugins.JUnitXmlReportPlugin),Set(Atom(sbt.plugins.JvmPlugin))), Clause(Atom(sbt.plugins.CorePlugin),Set(Atom(sbt.plugins.IvyPlugin))), Clause(Atom(sbt.plugins.IvyPlugin),Set(Atom(sbt.plugins.JvmPlugin))), Clause(Atom(sbt.plugins.JvmPlugin),Set(Atom(sbt.plugins.JUnitXmlReportPlugin)))))
  :: deduced result: Matched(sbt.plugins.CorePlugin,sbt.plugins.IvyPlugin,sbt.plugins.JvmPlugin,sbt.plugins.JUnitXmlReportPlugin)
sorting: ns: List(sbt.plugins.CorePlugin, sbt.plugins.IvyPlugin, sbt.plugins.JvmPlugin, sbt.plugins.JUnitXmlReportPlugin)
  :: sorting:: found: List(sbt.plugins.CorePlugin) not found List(sbt.plugins.IvyPlugin, sbt.plugins.JvmPlugin, sbt.plugins.JUnitXmlReportPlugin)
  :: sorting:: found: List(sbt.plugins.CorePlugin, sbt.plugins.IvyPlugin) not found List(sbt.plugins.JvmPlugin, sbt.plugins.JUnitXmlReportPlugin)
  :: sorting:: found: List(sbt.plugins.CorePlugin, sbt.plugins.IvyPlugin, sbt.plugins.JvmPlugin) not found List(sbt.plugins.JUnitXmlReportPlugin)
  :: sorting:: found: List(sbt.plugins.CorePlugin, sbt.plugins.IvyPlugin, sbt.plugins.JvmPlugin, sbt.plugins.JUnitXmlReportPlugin) not found List()
  :: sorted deduced result: List(sbt.plugins.CorePlugin, sbt.plugins.IvyPlugin, sbt.plugins.JvmPlugin, sbt.plugins.JUnitXmlReportPlugin)
[Loading] Done in /Users/lpfeiler/develop/github/ebs/scala/ebs/project, returning: (ebs-build)
Loading project definition from /Users/lpfeiler/develop/github/ebs/scala/ebs/project
Running task... Cancel: sbt.TaskCancellationStrategy$Null$@2b3f5fe1, check cycles: false

Initial source changes: 
	removed:Set()
	added: Set()
	modified: Set()
Removed products: Set()
External API changes: API Changes: Set()
Modified binary dependencies: Set()
Initial directly invalidated sources: Set()

Sources indirectly invalidated by:
	product: Set()
	binary dep: Set()
	external source: Set()
All initially invalidated sources: Set()

Copy resource mappings: 
	
[Loading] Scanning directory /Users/lpfeiler/develop/github/ebs/scala/ebs
[Loading] Found non-root projects 
[Loading] Done in /Users/lpfeiler/develop/github/ebs/scala/ebs, returning: ()
deducing auto plugins based on known facts Set(Atom(sbt.plugins.CorePlugin)) and clauses Clauses(List(Clause(Atom(sbt.plugins.JvmPlugin),Set(Atom(sbt.plugins.IvyPlugin))), Clause(Atom(sbt.plugins.JUnitXmlReportPlugin),Set(Atom(sbt.plugins.JvmPlugin))), Clause(Atom(sbt.plugins.BackgroundRunPlugin),Set(Atom(sbt.plugins.JvmPlugin))), Clause(Atom(sbt.plugins.CorePlugin),Set(Atom(sbt.plugins.IvyPlugin))), Clause(Atom(sbt.plugins.IvyPlugin),Set(Atom(sbt.plugins.JvmPlugin))), Clause(Atom(sbt.plugins.JvmPlugin),Set(Atom(sbt.plugins.JUnitXmlReportPlugin))), Clause(Atom(sbt.plugins.JvmPlugin),Set(Atom(sbt.plugins.BackgroundRunPlugin))), Clause(Atom(sbt.plugins.CorePlugin),Set(Atom(sbt.plugins.InteractionServicePlugin))), Clause(Atom(sbt.plugins.CorePlugin),Set(Atom(sbt.plugins.SendEventServicePlugin))), Clause(Atom(sbt.plugins.CorePlugin),Set(Atom(sbt.plugins.SerializersPlugin)))))
  :: deduced result: Matched(sbt.plugins.CorePlugin,sbt.plugins.SerializersPlugin,sbt.plugins.SendEventServicePlugin,sbt.plugins.InteractionServicePlugin,sbt.plugins.IvyPlugin,sbt.plugins.JvmPlugin,sbt.plugins.BackgroundRunPlugin,sbt.plugins.JUnitXmlReportPlugin)
sorting: ns: List(sbt.plugins.CorePlugin, sbt.plugins.SerializersPlugin, sbt.plugins.SendEventServicePlugin, sbt.plugins.InteractionServicePlugin, sbt.plugins.IvyPlugin, sbt.plugins.JvmPlugin, sbt.plugins.BackgroundRunPlugin, sbt.plugins.JUnitXmlReportPlugin)
  :: sorting:: found: List(sbt.plugins.CorePlugin) not found List(sbt.plugins.SerializersPlugin, sbt.plugins.SendEventServicePlugin, sbt.plugins.InteractionServicePlugin, sbt.plugins.IvyPlugin, sbt.plugins.JvmPlugin, sbt.plugins.BackgroundRunPlugin, sbt.plugins.JUnitXmlReportPlugin)
  :: sorting:: found: List(sbt.plugins.CorePlugin, sbt.plugins.SerializersPlugin, sbt.plugins.SendEventServicePlugin, sbt.plugins.InteractionServicePlugin, sbt.plugins.IvyPlugin) not found List(sbt.plugins.JvmPlugin, sbt.plugins.BackgroundRunPlugin, sbt.plugins.JUnitXmlReportPlugin)
  :: sorting:: found: List(sbt.plugins.CorePlugin, sbt.plugins.SerializersPlugin, sbt.plugins.SendEventServicePlugin, sbt.plugins.InteractionServicePlugin, sbt.plugins.IvyPlugin, sbt.plugins.JvmPlugin) not found List(sbt.plugins.BackgroundRunPlugin, sbt.plugins.JUnitXmlReportPlugin)
  :: sorting:: found: List(sbt.plugins.CorePlugin, sbt.plugins.SerializersPlugin, sbt.plugins.SendEventServicePlugin, sbt.plugins.InteractionServicePlugin, sbt.plugins.IvyPlugin, sbt.plugins.JvmPlugin, sbt.plugins.BackgroundRunPlugin, sbt.plugins.JUnitXmlReportPlugin) not found List()
  :: sorted deduced result: List(sbt.plugins.CorePlugin, sbt.plugins.SerializersPlugin, sbt.plugins.SendEventServicePlugin, sbt.plugins.InteractionServicePlugin, sbt.plugins.IvyPlugin, sbt.plugins.JvmPlugin, sbt.plugins.BackgroundRunPlugin, sbt.plugins.JUnitXmlReportPlugin)
[Loading] Done in /Users/lpfeiler/develop/github/ebs/scala/ebs, returning: (ebs)
Set current project to ebs (in build file:/Users/lpfeiler/develop/github/ebs/scala/ebs/)
Reapplying settings...
Set current project to ebs (in build file:/Users/lpfeiler/develop/github/ebs/scala/ebs/)
> iflast shell
> server-send-ready-for-request
> server-handle-next-server-request
> compile
Evaluating tasks: compile:compile
Running task... Cancel: sbt.server.ServerTaskCancellation@4990fc59, check cycles: false

Initial source changes: 
	removed:Set()
	added: Set()
	modified: Set()
Removed products: Set()
External API changes: API Changes: Set()
Modified binary dependencies: Set()
Initial directly invalidated sources: Set()

Sources indirectly invalidated by:
	product: Set()
	binary dep: Set()
	external source: Set()
All initially invalidated sources: Set()

Total time: 1 s, completed 24.05.2016 17:23:20
> server-post-command-cleanup
> server-handle-next-server-request
> {file:/Users/lpfeiler/develop/github/ebs/scala/ebs/}ebs/compile:discoveredMainClasses
Evaluating tasks: compile:discoveredMainClasses
Running task... Cancel: sbt.server.ServerTaskCancellation@74ac2025, check cycles: false

Initial source changes: 
	removed:Set()
	added: Set()
	modified: Set()
Removed products: Set()
External API changes: API Changes: Set()
Modified binary dependencies: Set()
Initial directly invalidated sources: Set()

Sources indirectly invalidated by:
	product: Set()
	binary dep: Set()
	external source: Set()
All initially invalidated sources: Set()

Total time: 1 s, completed 24.05.2016 17:23:21
> server-post-command-cleanup
> server-handle-next-server-request
> {file:/Users/lpfeiler/develop/github/ebs/scala/ebs/}ebs/compile:mainClass
Evaluating tasks: compile:mainClass
Running task... Cancel: sbt.server.ServerTaskCancellation@3eb19406, check cycles: false

Initial source changes: 
	removed:Set()
	added: Set()
	modified: Set()
Removed products: Set()
External API changes: API Changes: Set()
Modified binary dependencies: Set()
Initial directly invalidated sources: Set()

Sources indirectly invalidated by:
	product: Set()
	binary dep: Set()
	external source: Set()
All initially invalidated sources: Set()

Total time: 1 s, completed 24.05.2016 17:23:22
> server-post-command-cleanup
> server-handle-next-server-request
> test
Evaluating tasks: test:test
Running task... Cancel: sbt.server.ServerTaskCancellation@69157e9b, check cycles: false

Initial source changes: 
	removed:Set()
	added: Set()
	modified: Set()
Removed products: Set()
External API changes: API Changes: Set()
Modified binary dependencies: Set()
Initial directly invalidated sources: Set()

Sources indirectly invalidated by:
	product: Set()
	binary dep: Set()
	external source: Set()
All initially invalidated sources: Set()

Copy resource mappings: 
	

Initial source changes: 
	removed:Set()
	added: Set()
	modified: Set()
Removed products: Set()
External API changes: API Changes: Set()
Modified binary dependencies: Set()
Initial directly invalidated sources: Set()

Sources indirectly invalidated by:
	product: Set()
	binary dep: Set()
	external source: Set()
All initially invalidated sources: Set()

Copy resource mappings: 
	
Framework implementation 'org.scalacheck.ScalaCheckFramework' not present.
Framework implementation 'org.specs2.runner.Specs2Framework' not present.
Framework implementation 'org.specs2.runner.SpecsFramework' not present.
Framework implementation 'org.specs.runner.SpecsFramework' not present.
Framework implementation 'com.novocode.junit.JUnitFramework' not present.
Subclass fingerprints: List((org.scalatest.Suite,false,org.scalatest.tools.Framework$$anon$1@27efd683))
Annotation fingerprints: List((org.scalatest.WrapWith,false,org.scalatest.tools.Framework$$anon$2@7347452a))
Running TaskDef(EbsSpec, org.scalatest.tools.Framework$$anon$1@27efd683, false, [SuiteSelector])
Read from stdout: EbsSpec:
Read from stdout: ebs
Read from stdout: - should be correct
Read from stdout: ebsmod
Read from stdout: - should be correct
[32mEbsSpec:[0m
[32mebs[0m
[32m- should be correct[0m
[32mebsmod[0m
[32m- should be correct[0m
Read from stdout: Run completed in 675 milliseconds.
Read from stdout: Total number of tests run: 2
Read from stdout: Suites: completed 1, aborted 0
Read from stdout: Tests: succeeded 2, failed 0, canceled 0, ignored 0, pending 0
Read from stdout: All tests passed.
Run completed in 675 milliseconds.
Total number of tests run: 2
Suites: completed 1, aborted 0
Tests: succeeded 2, failed 0, canceled 0, ignored 0, pending 0
All tests passed.
Passed tests:
	EbsSpec
Total time: 2 s, completed 24.05.2016 17:23:24
> server-post-command-cleanup
> server-handle-next-server-request
> {file:/Users/lpfeiler/develop/github/ebs/scala/ebs/}ebs/compile:discoveredMainClasses
Evaluating tasks: compile:discoveredMainClasses
Running task... Cancel: sbt.server.ServerTaskCancellation@a65d57e, check cycles: false

Initial source changes: 
	removed:Set()
	added: Set()
	modified: Set()
Removed products: Set()
External API changes: API Changes: Set()
Modified binary dependencies: Set()
Initial directly invalidated sources: Set()

Sources indirectly invalidated by:
	product: Set()
	binary dep: Set()
	external source: Set()
All initially invalidated sources: Set()

Total time: 0 s, completed 24.05.2016 17:23:24
> server-post-command-cleanup
> server-handle-next-server-request
> compile
Evaluating tasks: compile:compile
Running task... Cancel: sbt.server.ServerTaskCancellation@34a3068c, check cycles: false

Initial source changes: 
	removed:Set()
	added: Set()
	modified: Set(/Users/lpfeiler/develop/github/ebs/scala/ebs/src/main/scala/de/csmath/math/Ebs.scala)
Removed products: Set()
External API changes: API Changes: Set()
Modified binary dependencies: Set()
Initial directly invalidated sources: Set(/Users/lpfeiler/develop/github/ebs/scala/ebs/src/main/scala/de/csmath/math/Ebs.scala)

Sources indirectly invalidated by:
	product: Set()
	binary dep: Set()
	external source: Set()
All initially invalidated sources: Set(/Users/lpfeiler/develop/github/ebs/scala/ebs/src/main/scala/de/csmath/math/Ebs.scala)

Recompiling all 1 sources: invalidated sources (1) exceeded 50.0% of all sources
Read from stdout: Compiling 1 Scala source to /Users/lpfeiler/develop/github/ebs/scala/ebs/target/scala-2.11/classes...
Compiling 1 Scala source to /Users/lpfeiler/develop/github/ebs/scala/ebs/target/scala-2.11/classes...
Getting compiler-interface from component compiler for Scala 2.11.7
Other repositories:
Default repositories:
Getting compiler-interface from component compiler for Scala 2.11.7
Other repositories:
Default repositories:
Running cached compiler 4d443e1a, interfacing (CompilerInterface) with Scala compiler version 2.11.7
Calling Scala compiler with arguments  (CompilerInterface):
	-bootclasspath
	/Library/Java/JavaVirtualMachines/jdk1.8.0_60.jdk/Contents/Home/jre/lib/resources.jar:/Library/Java/JavaVirtualMachines/jdk1.8.0_60.jdk/Contents/Home/jre/lib/rt.jar:/Library/Java/JavaVirtualMachines/jdk1.8.0_60.jdk/Contents/Home/jre/lib/sunrsasign.jar:/Library/Java/JavaVirtualMachines/jdk1.8.0_60.jdk/Contents/Home/jre/lib/jsse.jar:/Library/Java/JavaVirtualMachines/jdk1.8.0_60.jdk/Contents/Home/jre/lib/jce.jar:/Library/Java/JavaVirtualMachines/jdk1.8.0_60.jdk/Contents/Home/jre/lib/charsets.jar:/Library/Java/JavaVirtualMachines/jdk1.8.0_60.jdk/Contents/Home/jre/lib/jfr.jar:/Library/Java/JavaVirtualMachines/jdk1.8.0_60.jdk/Contents/Home/jre/classes:/Users/lpfeiler/.ivy2/cache/org.scala-lang/scala-library/jars/scala-library-2.11.7.jar
	-classpath
	/Users/lpfeiler/develop/github/ebs/scala/ebs/target/scala-2.11/classes
Read from stdout: /Users/lpfeiler/develop/github/ebs/scala/ebs/src/main/scala/de/csmath/math/Ebs.scala:21: 'case' expected but identifier found.
/Users/lpfeiler/develop/github/ebs/scala/ebs/src/main/scala/de/csmath/math/Ebs.scala:21: 'case' expected but identifier found.
Read from stdout: require(n >= 0)
        require(n >= 0)
Read from stdout: ^
        ^
Read from stdout: /Users/lpfeiler/develop/github/ebs/scala/ebs/src/main/scala/de/csmath/math/Ebs.scala:22: '}' expected but ';' found.
/Users/lpfeiler/develop/github/ebs/scala/ebs/src/main/scala/de/csmath/math/Ebs.scala:22: '}' expected but ';' found.
Read from stdout: case 0 => f(a)
        case 0 => f(a)
Read from stdout: ^
^
Read from stdout: /Users/lpfeiler/develop/github/ebs/scala/ebs/src/main/scala/de/csmath/math/Ebs.scala:22: illegal start of definition
/Users/lpfeiler/develop/github/ebs/scala/ebs/src/main/scala/de/csmath/math/Ebs.scala:22: illegal start of definition
Read from stdout: case 0 => f(a)
        case 0 => f(a)
Read from stdout: ^
        ^
Read from stdout: /Users/lpfeiler/develop/github/ebs/scala/ebs/src/main/scala/de/csmath/math/Ebs.scala:23: illegal start of definition
/Users/lpfeiler/develop/github/ebs/scala/ebs/src/main/scala/de/csmath/math/Ebs.scala:23: illegal start of definition
Read from stdout: case _ =>
        case _ =>
Read from stdout: ^
        ^
Read from stdout: /Users/lpfeiler/develop/github/ebs/scala/ebs/src/main/scala/de/csmath/math/Ebs.scala:31: eof expected but '}' found.
/Users/lpfeiler/develop/github/ebs/scala/ebs/src/main/scala/de/csmath/math/Ebs.scala:31: eof expected but '}' found.
Read from stdout: }
}
Read from stdout: ^
^
Read from stdout: 5 errors found
5 errors found
Compilation failed (CompilerInterface)
Read from stdout: (compile:compileIncremental) Compilation failed
(compile:compileIncremental) Compilation failed
Total time: 2 s, completed 24.05.2016 17:24:13
> server-post-command-error-handler
> server-post-command-cleanup
> server-handle-next-server-request
> compile
Evaluating tasks: compile:compile
Running task... Cancel: sbt.server.ServerTaskCancellation@2c1b20a6, check cycles: false

Initial source changes: 
	removed:Set()
	added: Set()
	modified: Set(/Users/lpfeiler/develop/github/ebs/scala/ebs/src/main/scala/de/csmath/math/Ebs.scala)
Removed products: Set()
External API changes: API Changes: Set()
Modified binary dependencies: Set()
Initial directly invalidated sources: Set(/Users/lpfeiler/develop/github/ebs/scala/ebs/src/main/scala/de/csmath/math/Ebs.scala)

Sources indirectly invalidated by:
	product: Set()
	binary dep: Set()
	external source: Set()
All initially invalidated sources: Set(/Users/lpfeiler/develop/github/ebs/scala/ebs/src/main/scala/de/csmath/math/Ebs.scala)

Recompiling all 1 sources: invalidated sources (1) exceeded 50.0% of all sources
Read from stdout: Compiling 1 Scala source to /Users/lpfeiler/develop/github/ebs/scala/ebs/target/scala-2.11/classes...
Compiling 1 Scala source to /Users/lpfeiler/develop/github/ebs/scala/ebs/target/scala-2.11/classes...
Getting compiler-interface from component compiler for Scala 2.11.7
Other repositories:
Default repositories:
Getting compiler-interface from component compiler for Scala 2.11.7
Other repositories:
Default repositories:
Running cached compiler 5e905b7, interfacing (CompilerInterface) with Scala compiler version 2.11.7
Calling Scala compiler with arguments  (CompilerInterface):
	-bootclasspath
	/Library/Java/JavaVirtualMachines/jdk1.8.0_60.jdk/Contents/Home/jre/lib/resources.jar:/Library/Java/JavaVirtualMachines/jdk1.8.0_60.jdk/Contents/Home/jre/lib/rt.jar:/Library/Java/JavaVirtualMachines/jdk1.8.0_60.jdk/Contents/Home/jre/lib/sunrsasign.jar:/Library/Java/JavaVirtualMachines/jdk1.8.0_60.jdk/Contents/Home/jre/lib/jsse.jar:/Library/Java/JavaVirtualMachines/jdk1.8.0_60.jdk/Contents/Home/jre/lib/jce.jar:/Library/Java/JavaVirtualMachines/jdk1.8.0_60.jdk/Contents/Home/jre/lib/charsets.jar:/Library/Java/JavaVirtualMachines/jdk1.8.0_60.jdk/Contents/Home/jre/lib/jfr.jar:/Library/Java/JavaVirtualMachines/jdk1.8.0_60.jdk/Contents/Home/jre/classes:/Users/lpfeiler/.ivy2/cache/org.scala-lang/scala-library/jars/scala-library-2.11.7.jar
	-classpath
	/Users/lpfeiler/develop/github/ebs/scala/ebs/target/scala-2.11/classes
Scala compilation took 1.935985671 s
New invalidations:
	Set()
Initial set of included nodes: Set()
Previously invalidated, but (transitively) depend on new invalidations:
	Set()
All newly invalidated sources after taking into account (previously) recompiled sources:Set()
Total time: 2 s, completed 24.05.2016 17:25:04
> server-post-command-cleanup
> server-handle-next-server-request
> test
Evaluating tasks: test:test
Running task... Cancel: sbt.server.ServerTaskCancellation@75214abf, check cycles: false

Initial source changes: 
	removed:Set()
	added: Set()
	modified: Set()
Removed products: Set()
External API changes: API Changes: Set()
Modified binary dependencies: Set()
Initial directly invalidated sources: Set()

Sources indirectly invalidated by:
	product: Set()
	binary dep: Set()
	external source: Set()
All initially invalidated sources: Set()

Copy resource mappings: 
	

Initial source changes: 
	removed:Set()
	added: Set()
	modified: Set()
Removed products: Set()
External API changes: API Changes: Set()
Modified binary dependencies: Set()
Initial directly invalidated sources: Set()

Sources indirectly invalidated by:
	product: Set()
	binary dep: Set()
	external source: Set()
All initially invalidated sources: Set()

Copy resource mappings: 
	
Framework implementation 'org.scalacheck.ScalaCheckFramework' not present.
Framework implementation 'org.specs2.runner.Specs2Framework' not present.
Framework implementation 'org.specs2.runner.SpecsFramework' not present.
Framework implementation 'org.specs.runner.SpecsFramework' not present.
Framework implementation 'com.novocode.junit.JUnitFramework' not present.
Subclass fingerprints: List((org.scalatest.Suite,false,org.scalatest.tools.Framework$$anon$1@33cb3165))
Annotation fingerprints: List((org.scalatest.WrapWith,false,org.scalatest.tools.Framework$$anon$2@23d9df32))
Running TaskDef(EbsSpec, org.scalatest.tools.Framework$$anon$1@33cb3165, false, [SuiteSelector])
Read from stdout: EbsSpec:
Read from stdout: ebs
Read from stdout: - should be correct
Read from stdout: ebsmod
Read from stdout: - should be correct
[32mEbsSpec:[0m
[32mebs[0m
[32m- should be correct[0m
[32mebsmod[0m
[32m- should be correct[0m
Read from stdout: Run completed in 207 milliseconds.
Read from stdout: Total number of tests run: 2
Read from stdout: Suites: completed 1, aborted 0
Read from stdout: Tests: succeeded 2, failed 0, canceled 0, ignored 0, pending 0
Read from stdout: All tests passed.
Run completed in 207 milliseconds.
Total number of tests run: 2
Suites: completed 1, aborted 0
Tests: succeeded 2, failed 0, canceled 0, ignored 0, pending 0
All tests passed.
Passed tests:
	EbsSpec
Total time: 1 s, completed 24.05.2016 17:25:05
> server-post-command-cleanup
> server-handle-next-server-request
> compile
Evaluating tasks: compile:compile
Running task... Cancel: sbt.server.ServerTaskCancellation@424bd5b5, check cycles: false

Initial source changes: 
	removed:Set()
	added: Set()
	modified: Set(/Users/lpfeiler/develop/github/ebs/scala/ebs/src/main/scala/de/csmath/math/Ebs.scala)
Removed products: Set()
External API changes: API Changes: Set()
Modified binary dependencies: Set()
Initial directly invalidated sources: Set(/Users/lpfeiler/develop/github/ebs/scala/ebs/src/main/scala/de/csmath/math/Ebs.scala)

Sources indirectly invalidated by:
	product: Set()
	binary dep: Set()
	external source: Set()
All initially invalidated sources: Set(/Users/lpfeiler/develop/github/ebs/scala/ebs/src/main/scala/de/csmath/math/Ebs.scala)

Recompiling all 1 sources: invalidated sources (1) exceeded 50.0% of all sources
Read from stdout: Compiling 1 Scala source to /Users/lpfeiler/develop/github/ebs/scala/ebs/target/scala-2.11/classes...
Compiling 1 Scala source to /Users/lpfeiler/develop/github/ebs/scala/ebs/target/scala-2.11/classes...
Getting compiler-interface from component compiler for Scala 2.11.7
Other repositories:
Default repositories:
Getting compiler-interface from component compiler for Scala 2.11.7
Other repositories:
Default repositories:
Running cached compiler d4f1b8f, interfacing (CompilerInterface) with Scala compiler version 2.11.7
Calling Scala compiler with arguments  (CompilerInterface):
	-bootclasspath
	/Library/Java/JavaVirtualMachines/jdk1.8.0_60.jdk/Contents/Home/jre/lib/resources.jar:/Library/Java/JavaVirtualMachines/jdk1.8.0_60.jdk/Contents/Home/jre/lib/rt.jar:/Library/Java/JavaVirtualMachines/jdk1.8.0_60.jdk/Contents/Home/jre/lib/sunrsasign.jar:/Library/Java/JavaVirtualMachines/jdk1.8.0_60.jdk/Contents/Home/jre/lib/jsse.jar:/Library/Java/JavaVirtualMachines/jdk1.8.0_60.jdk/Contents/Home/jre/lib/jce.jar:/Library/Java/JavaVirtualMachines/jdk1.8.0_60.jdk/Contents/Home/jre/lib/charsets.jar:/Library/Java/JavaVirtualMachines/jdk1.8.0_60.jdk/Contents/Home/jre/lib/jfr.jar:/Library/Java/JavaVirtualMachines/jdk1.8.0_60.jdk/Contents/Home/jre/classes:/Users/lpfeiler/.ivy2/cache/org.scala-lang/scala-library/jars/scala-library-2.11.7.jar
	-classpath
	/Users/lpfeiler/develop/github/ebs/scala/ebs/target/scala-2.11/classes
Scala compilation took 0.889772833 s
New invalidations:
	Set()
Initial set of included nodes: Set()
Previously invalidated, but (transitively) depend on new invalidations:
	Set()
All newly invalidated sources after taking into account (previously) recompiled sources:Set()
Total time: 1 s, completed 24.05.2016 17:30:06
> server-post-command-cleanup
> server-handle-next-server-request
> test
Evaluating tasks: test:test
Running task... Cancel: sbt.server.ServerTaskCancellation@2128d5ec, check cycles: false

Initial source changes: 
	removed:Set()
	added: Set()
	modified: Set()
Removed products: Set()
External API changes: API Changes: Set()
Modified binary dependencies: Set()
Initial directly invalidated sources: Set()

Sources indirectly invalidated by:
	product: Set()
	binary dep: Set()
	external source: Set()
All initially invalidated sources: Set()

Copy resource mappings: 
	

Initial source changes: 
	removed:Set()
	added: Set()
	modified: Set()
Removed products: Set()
External API changes: API Changes: Set()
Modified binary dependencies: Set()
Initial directly invalidated sources: Set()

Sources indirectly invalidated by:
	product: Set()
	binary dep: Set()
	external source: Set()
All initially invalidated sources: Set()

Copy resource mappings: 
	
Framework implementation 'org.scalacheck.ScalaCheckFramework' not present.
Framework implementation 'org.specs2.runner.Specs2Framework' not present.
Framework implementation 'org.specs2.runner.SpecsFramework' not present.
Framework implementation 'org.specs.runner.SpecsFramework' not present.
Framework implementation 'com.novocode.junit.JUnitFramework' not present.
Subclass fingerprints: List((org.scalatest.Suite,false,org.scalatest.tools.Framework$$anon$1@548e9f30))
Annotation fingerprints: List((org.scalatest.WrapWith,false,org.scalatest.tools.Framework$$anon$2@78028cde))
Running TaskDef(EbsSpec, org.scalatest.tools.Framework$$anon$1@548e9f30, false, [SuiteSelector])
Read from stdout: EbsSpec:
Read from stdout: ebs
Read from stdout: - should be correct
Read from stdout: ebsmod
Read from stdout: - should be correct
[32mEbsSpec:[0m
[32mebs[0m
[32m- should be correct[0m
[32mebsmod[0m
[32m- should be correct[0m
Read from stdout: Run completed in 215 milliseconds.
Read from stdout: Total number of tests run: 2
Read from stdout: Suites: completed 1, aborted 0
Read from stdout: Tests: succeeded 2, failed 0, canceled 0, ignored 0, pending 0
Read from stdout: All tests passed.
Run completed in 215 milliseconds.
Total number of tests run: 2
Suites: completed 1, aborted 0
Tests: succeeded 2, failed 0, canceled 0, ignored 0, pending 0
All tests passed.
Passed tests:
	EbsSpec
Total time: 1 s, completed 24.05.2016 17:30:07
> server-post-command-cleanup
> server-handle-next-server-request
> compile
Evaluating tasks: compile:compile
Running task... Cancel: sbt.server.ServerTaskCancellation@21f5d671, check cycles: false

Initial source changes: 
	removed:Set()
	added: Set()
	modified: Set()
Removed products: Set()
External API changes: API Changes: Set()
Modified binary dependencies: Set()
Initial directly invalidated sources: Set()

Sources indirectly invalidated by:
	product: Set()
	binary dep: Set()
	external source: Set()
All initially invalidated sources: Set()

Total time: 0 s, completed 24.05.2016 17:30:57
> server-post-command-cleanup
> server-handle-next-server-request
> test
Evaluating tasks: test:test
Running task... Cancel: sbt.server.ServerTaskCancellation@4e30eb5, check cycles: false

Initial source changes: 
	removed:Set()
	added: Set()
	modified: Set()
Removed products: Set()
External API changes: API Changes: Set()
Modified binary dependencies: Set()
Initial directly invalidated sources: Set()

Sources indirectly invalidated by:
	product: Set()
	binary dep: Set()
	external source: Set()
All initially invalidated sources: Set()

Copy resource mappings: 
	

Initial source changes: 
	removed:Set()
	added: Set()
	modified: Set(/Users/lpfeiler/develop/github/ebs/scala/ebs/src/test/scala/EbsSpec.scala)
Removed products: Set()
External API changes: API Changes: Set()
Modified binary dependencies: Set()
Initial directly invalidated sources: Set(/Users/lpfeiler/develop/github/ebs/scala/ebs/src/test/scala/EbsSpec.scala)

Sources indirectly invalidated by:
	product: Set()
	binary dep: Set()
	external source: Set()
All initially invalidated sources: Set(/Users/lpfeiler/develop/github/ebs/scala/ebs/src/test/scala/EbsSpec.scala)

Recompiling all 1 sources: invalidated sources (1) exceeded 50.0% of all sources
Read from stdout: Compiling 1 Scala source to /Users/lpfeiler/develop/github/ebs/scala/ebs/target/scala-2.11/test-classes...
Compiling 1 Scala source to /Users/lpfeiler/develop/github/ebs/scala/ebs/target/scala-2.11/test-classes...
Getting compiler-interface from component compiler for Scala 2.11.7
Other repositories:
Default repositories:
Getting compiler-interface from component compiler for Scala 2.11.7
Other repositories:
Default repositories:
Running cached compiler 41c16180, interfacing (CompilerInterface) with Scala compiler version 2.11.7
Calling Scala compiler with arguments  (CompilerInterface):
	-bootclasspath
	/Library/Java/JavaVirtualMachines/jdk1.8.0_60.jdk/Contents/Home/jre/lib/resources.jar:/Library/Java/JavaVirtualMachines/jdk1.8.0_60.jdk/Contents/Home/jre/lib/rt.jar:/Library/Java/JavaVirtualMachines/jdk1.8.0_60.jdk/Contents/Home/jre/lib/sunrsasign.jar:/Library/Java/JavaVirtualMachines/jdk1.8.0_60.jdk/Contents/Home/jre/lib/jsse.jar:/Library/Java/JavaVirtualMachines/jdk1.8.0_60.jdk/Contents/Home/jre/lib/jce.jar:/Library/Java/JavaVirtualMachines/jdk1.8.0_60.jdk/Contents/Home/jre/lib/charsets.jar:/Library/Java/JavaVirtualMachines/jdk1.8.0_60.jdk/Contents/Home/jre/lib/jfr.jar:/Library/Java/JavaVirtualMachines/jdk1.8.0_60.jdk/Contents/Home/jre/classes:/Users/lpfeiler/.ivy2/cache/org.scala-lang/scala-library/jars/scala-library-2.11.7.jar
	-classpath
	/Users/lpfeiler/develop/github/ebs/scala/ebs/target/scala-2.11/test-classes:/Users/lpfeiler/develop/github/ebs/scala/ebs/target/scala-2.11/classes:/Users/lpfeiler/develop/scala/activator-dist-1.3.6/repository/org.scalatest/scalatest_2.11/2.2.4/bundles/scalatest_2.11.jar:/Users/lpfeiler/develop/scala/activator-dist-1.3.6/repository/org.scala-lang/scala-reflect/2.11.2/jars/scala-reflect.jar:/Users/lpfeiler/develop/scala/activator-dist-1.3.6/repository/org.scala-lang.modules/scala-xml_2.11/1.0.2/bundles/scala-xml_2.11.jar
Scala compilation took 2.675356178 s
New invalidations:
	Set()
Initial set of included nodes: Set()
Previously invalidated, but (transitively) depend on new invalidations:
	Set()
All newly invalidated sources after taking into account (previously) recompiled sources:Set()
Copy resource mappings: 
	
Framework implementation 'org.scalacheck.ScalaCheckFramework' not present.
Framework implementation 'org.specs2.runner.Specs2Framework' not present.
Framework implementation 'org.specs2.runner.SpecsFramework' not present.
Framework implementation 'org.specs.runner.SpecsFramework' not present.
Framework implementation 'com.novocode.junit.JUnitFramework' not present.
Subclass fingerprints: List((org.scalatest.Suite,false,org.scalatest.tools.Framework$$anon$1@4bf00edf))
Annotation fingerprints: List((org.scalatest.WrapWith,false,org.scalatest.tools.Framework$$anon$2@1fa9f538))
Running TaskDef(EbsSpec, org.scalatest.tools.Framework$$anon$1@4bf00edf, false, [SuiteSelector])
Read from stdout: EbsSpec:
Read from stdout: ebs
Read from stdout: - should be correct
Read from stdout: ebs
Read from stdout: - should fail *** FAILED ***
Read from stdout: scala.MatchError: -16 (of class java.lang.Integer)
Read from stdout: at de.csmath.math.Ebs$.ebsaux(Ebs.scala:29)
Read from stdout: at de.csmath.math.Ebs$.ebs(Ebs.scala:9)
Read from stdout: at EbsSpec$$anonfun$2.apply$mcV$sp(EbsSpec.scala:12)
Read from stdout: at EbsSpec$$anonfun$2.apply(EbsSpec.scala:11)
Read from stdout: at EbsSpec$$anonfun$2.apply(EbsSpec.scala:11)
Read from stdout: at org.scalatest.Transformer$$anonfun$apply$1.apply$mcV$sp(Transformer.scala:22)
Read from stdout: at org.scalatest.OutcomeOf$class.outcomeOf(OutcomeOf.scala:85)
Read from stdout: at org.scalatest.OutcomeOf$.outcomeOf(OutcomeOf.scala:104)
Read from stdout: at org.scalatest.Transformer.apply(Transformer.scala:22)
Read from stdout: at org.scalatest.Transformer.apply(Transformer.scala:20)
Read from stdout: ...
Read from stdout: ebsmod
Read from stdout: - should be correct
[32mEbsSpec:[0m
[32mebs[0m
[32m- should be correct[0m
[32mebs[0m
[31m- should fail *** FAILED ***[0m
[31m  scala.MatchError: -16 (of class java.lang.Integer)[0m
[31m  at de.csmath.math.Ebs$.ebsaux(Ebs.scala:29)[0m
[31m  at de.csmath.math.Ebs$.ebs(Ebs.scala:9)[0m
[31m  at EbsSpec$$anonfun$2.apply$mcV$sp(EbsSpec.scala:12)[0m
[31m  at EbsSpec$$anonfun$2.apply(EbsSpec.scala:11)[0m
[31m  at EbsSpec$$anonfun$2.apply(EbsSpec.scala:11)[0m
[31m  at org.scalatest.Transformer$$anonfun$apply$1.apply$mcV$sp(Transformer.scala:22)[0m
[31m  at org.scalatest.OutcomeOf$class.outcomeOf(OutcomeOf.scala:85)[0m
[31m  at org.scalatest.OutcomeOf$.outcomeOf(OutcomeOf.scala:104)[0m
[31m  at org.scalatest.Transformer.apply(Transformer.scala:22)[0m
[31m  at org.scalatest.Transformer.apply(Transformer.scala:20)[0m
[31m  ...[0m
[32mebsmod[0m
[32m- should be correct[0m
Read from stdout: Run completed in 235 milliseconds.
Read from stdout: Total number of tests run: 3
Read from stdout: Suites: completed 1, aborted 0
Read from stdout: Tests: succeeded 2, failed 1, canceled 0, ignored 0, pending 0
Read from stdout: *** 1 TEST FAILED ***
Run completed in 235 milliseconds.
Total number of tests run: 3
Suites: completed 1, aborted 0
Tests: succeeded 2, failed 1, canceled 0, ignored 0, pending 0
*** 1 TEST FAILED ***
Read from stdout: Failed tests:
Failed tests:
Read from stdout: 	EbsSpec
	EbsSpec
Read from stdout: (test:test) sbt.TestsFailedException: Tests unsuccessful
(test:test) sbt.TestsFailedException: Tests unsuccessful
Total time: 3 s, completed 24.05.2016 17:31:01
> server-post-command-error-handler
> server-post-command-cleanup
> server-handle-next-server-request
> compile
Evaluating tasks: compile:compile
Running task... Cancel: sbt.server.ServerTaskCancellation@21c5806, check cycles: false

Initial source changes: 
	removed:Set()
	added: Set()
	modified: Set()
Removed products: Set()
External API changes: API Changes: Set()
Modified binary dependencies: Set()
Initial directly invalidated sources: Set()

Sources indirectly invalidated by:
	product: Set()
	binary dep: Set()
	external source: Set()
All initially invalidated sources: Set()

Total time: 0 s, completed 24.05.2016 17:35:01
> server-post-command-cleanup
> server-handle-next-server-request
> test
Evaluating tasks: test:test
Running task... Cancel: sbt.server.ServerTaskCancellation@1be24c77, check cycles: false

Initial source changes: 
	removed:Set()
	added: Set()
	modified: Set()
Removed products: Set()
External API changes: API Changes: Set()
Modified binary dependencies: Set()
Initial directly invalidated sources: Set()

Sources indirectly invalidated by:
	product: Set()
	binary dep: Set()
	external source: Set()
All initially invalidated sources: Set()

Copy resource mappings: 
	

Initial source changes: 
	removed:Set()
	added: Set()
	modified: Set(/Users/lpfeiler/develop/github/ebs/scala/ebs/src/test/scala/EbsSpec.scala)
Removed products: Set()
External API changes: API Changes: Set()
Modified binary dependencies: Set()
Initial directly invalidated sources: Set(/Users/lpfeiler/develop/github/ebs/scala/ebs/src/test/scala/EbsSpec.scala)

Sources indirectly invalidated by:
	product: Set()
	binary dep: Set()
	external source: Set()
All initially invalidated sources: Set(/Users/lpfeiler/develop/github/ebs/scala/ebs/src/test/scala/EbsSpec.scala)

Recompiling all 1 sources: invalidated sources (1) exceeded 50.0% of all sources
Read from stdout: Compiling 1 Scala source to /Users/lpfeiler/develop/github/ebs/scala/ebs/target/scala-2.11/test-classes...
Compiling 1 Scala source to /Users/lpfeiler/develop/github/ebs/scala/ebs/target/scala-2.11/test-classes...
Getting compiler-interface from component compiler for Scala 2.11.7
Other repositories:
Default repositories:
Getting compiler-interface from component compiler for Scala 2.11.7
Other repositories:
Default repositories:
Running cached compiler fa53d57, interfacing (CompilerInterface) with Scala compiler version 2.11.7
Calling Scala compiler with arguments  (CompilerInterface):
	-bootclasspath
	/Library/Java/JavaVirtualMachines/jdk1.8.0_60.jdk/Contents/Home/jre/lib/resources.jar:/Library/Java/JavaVirtualMachines/jdk1.8.0_60.jdk/Contents/Home/jre/lib/rt.jar:/Library/Java/JavaVirtualMachines/jdk1.8.0_60.jdk/Contents/Home/jre/lib/sunrsasign.jar:/Library/Java/JavaVirtualMachines/jdk1.8.0_60.jdk/Contents/Home/jre/lib/jsse.jar:/Library/Java/JavaVirtualMachines/jdk1.8.0_60.jdk/Contents/Home/jre/lib/jce.jar:/Library/Java/JavaVirtualMachines/jdk1.8.0_60.jdk/Contents/Home/jre/lib/charsets.jar:/Library/Java/JavaVirtualMachines/jdk1.8.0_60.jdk/Contents/Home/jre/lib/jfr.jar:/Library/Java/JavaVirtualMachines/jdk1.8.0_60.jdk/Contents/Home/jre/classes:/Users/lpfeiler/.ivy2/cache/org.scala-lang/scala-library/jars/scala-library-2.11.7.jar
	-classpath
	/Users/lpfeiler/develop/github/ebs/scala/ebs/target/scala-2.11/test-classes:/Users/lpfeiler/develop/github/ebs/scala/ebs/target/scala-2.11/classes:/Users/lpfeiler/develop/scala/activator-dist-1.3.6/repository/org.scalatest/scalatest_2.11/2.2.4/bundles/scalatest_2.11.jar:/Users/lpfeiler/develop/scala/activator-dist-1.3.6/repository/org.scala-lang/scala-reflect/2.11.2/jars/scala-reflect.jar:/Users/lpfeiler/develop/scala/activator-dist-1.3.6/repository/org.scala-lang.modules/scala-xml_2.11/1.0.2/bundles/scala-xml_2.11.jar
Scala compilation took 2.259110167 s
New invalidations:
	Set()
Initial set of included nodes: Set()
Previously invalidated, but (transitively) depend on new invalidations:
	Set()
All newly invalidated sources after taking into account (previously) recompiled sources:Set()
Copy resource mappings: 
	
Framework implementation 'org.scalacheck.ScalaCheckFramework' not present.
Framework implementation 'org.specs2.runner.Specs2Framework' not present.
Framework implementation 'org.specs2.runner.SpecsFramework' not present.
Framework implementation 'org.specs.runner.SpecsFramework' not present.
Framework implementation 'com.novocode.junit.JUnitFramework' not present.
Subclass fingerprints: List((org.scalatest.Suite,false,org.scalatest.tools.Framework$$anon$1@12f4822a))
Annotation fingerprints: List((org.scalatest.WrapWith,false,org.scalatest.tools.Framework$$anon$2@793ecf2c))
Running TaskDef(EbsSpec, org.scalatest.tools.Framework$$anon$1@12f4822a, false, [SuiteSelector])
Read from stdout: EbsSpec:
Read from stdout: ebs
Read from stdout: - should be correct
Read from stdout: ebs
Read from stdout: - should fail *** FAILED ***
Read from stdout: Expected exception java.lang.IllegalArgumentException to be thrown, but scala.MatchError was thrown. (EbsSpec.scala:12)
Read from stdout: ebsmod
Read from stdout: - should be correct
[32mEbsSpec:[0m
[32mebs[0m
[32m- should be correct[0m
[32mebs[0m
[31m- should fail *** FAILED ***[0m
[31m  Expected exception java.lang.IllegalArgumentException to be thrown, but scala.MatchError was thrown. (EbsSpec.scala:12)[0m
[32mebsmod[0m
[32m- should be correct[0m
Read from stdout: Run completed in 218 milliseconds.
Read from stdout: Total number of tests run: 3
Read from stdout: Suites: completed 1, aborted 0
Read from stdout: Tests: succeeded 2, failed 1, canceled 0, ignored 0, pending 0
Read from stdout: *** 1 TEST FAILED ***
Run completed in 218 milliseconds.
Total number of tests run: 3
Suites: completed 1, aborted 0
Tests: succeeded 2, failed 1, canceled 0, ignored 0, pending 0
*** 1 TEST FAILED ***
Read from stdout: Failed tests:
Failed tests:
Read from stdout: 	EbsSpec
	EbsSpec
Read from stdout: (test:test) sbt.TestsFailedException: Tests unsuccessful
(test:test) sbt.TestsFailedException: Tests unsuccessful
Total time: 3 s, completed 24.05.2016 17:35:04
> server-post-command-error-handler
> server-post-command-cleanup
> server-handle-next-server-request
> compile
Evaluating tasks: compile:compile
Running task... Cancel: sbt.server.ServerTaskCancellation@b9b5279, check cycles: false

Initial source changes: 
	removed:Set()
	added: Set()
	modified: Set()
Removed products: Set()
External API changes: API Changes: Set()
Modified binary dependencies: Set()
Initial directly invalidated sources: Set()

Sources indirectly invalidated by:
	product: Set()
	binary dep: Set()
	external source: Set()
All initially invalidated sources: Set()

Total time: 0 s, completed 24.05.2016 17:35:38
> server-post-command-cleanup
> server-handle-next-server-request
> test
Evaluating tasks: test:test
Running task... Cancel: sbt.server.ServerTaskCancellation@6b5ff0da, check cycles: false

Initial source changes: 
	removed:Set()
	added: Set()
	modified: Set()
Removed products: Set()
External API changes: API Changes: Set()
Modified binary dependencies: Set()
Initial directly invalidated sources: Set()

Sources indirectly invalidated by:
	product: Set()
	binary dep: Set()
	external source: Set()
All initially invalidated sources: Set()

Copy resource mappings: 
	

Initial source changes: 
	removed:Set()
	added: Set()
	modified: Set(/Users/lpfeiler/develop/github/ebs/scala/ebs/src/test/scala/EbsSpec.scala)
Removed products: Set()
External API changes: API Changes: Set()
Modified binary dependencies: Set()
Initial directly invalidated sources: Set(/Users/lpfeiler/develop/github/ebs/scala/ebs/src/test/scala/EbsSpec.scala)

Sources indirectly invalidated by:
	product: Set()
	binary dep: Set()
	external source: Set()
All initially invalidated sources: Set(/Users/lpfeiler/develop/github/ebs/scala/ebs/src/test/scala/EbsSpec.scala)

Recompiling all 1 sources: invalidated sources (1) exceeded 50.0% of all sources
Read from stdout: Compiling 1 Scala source to /Users/lpfeiler/develop/github/ebs/scala/ebs/target/scala-2.11/test-classes...
Compiling 1 Scala source to /Users/lpfeiler/develop/github/ebs/scala/ebs/target/scala-2.11/test-classes...
Getting compiler-interface from component compiler for Scala 2.11.7
Other repositories:
Default repositories:
Getting compiler-interface from component compiler for Scala 2.11.7
Other repositories:
Default repositories:
Running cached compiler 679d0bec, interfacing (CompilerInterface) with Scala compiler version 2.11.7
Calling Scala compiler with arguments  (CompilerInterface):
	-bootclasspath
	/Library/Java/JavaVirtualMachines/jdk1.8.0_60.jdk/Contents/Home/jre/lib/resources.jar:/Library/Java/JavaVirtualMachines/jdk1.8.0_60.jdk/Contents/Home/jre/lib/rt.jar:/Library/Java/JavaVirtualMachines/jdk1.8.0_60.jdk/Contents/Home/jre/lib/sunrsasign.jar:/Library/Java/JavaVirtualMachines/jdk1.8.0_60.jdk/Contents/Home/jre/lib/jsse.jar:/Library/Java/JavaVirtualMachines/jdk1.8.0_60.jdk/Contents/Home/jre/lib/jce.jar:/Library/Java/JavaVirtualMachines/jdk1.8.0_60.jdk/Contents/Home/jre/lib/charsets.jar:/Library/Java/JavaVirtualMachines/jdk1.8.0_60.jdk/Contents/Home/jre/lib/jfr.jar:/Library/Java/JavaVirtualMachines/jdk1.8.0_60.jdk/Contents/Home/jre/classes:/Users/lpfeiler/.ivy2/cache/org.scala-lang/scala-library/jars/scala-library-2.11.7.jar
	-classpath
	/Users/lpfeiler/develop/github/ebs/scala/ebs/target/scala-2.11/test-classes:/Users/lpfeiler/develop/github/ebs/scala/ebs/target/scala-2.11/classes:/Users/lpfeiler/develop/scala/activator-dist-1.3.6/repository/org.scalatest/scalatest_2.11/2.2.4/bundles/scalatest_2.11.jar:/Users/lpfeiler/develop/scala/activator-dist-1.3.6/repository/org.scala-lang/scala-reflect/2.11.2/jars/scala-reflect.jar:/Users/lpfeiler/develop/scala/activator-dist-1.3.6/repository/org.scala-lang.modules/scala-xml_2.11/1.0.2/bundles/scala-xml_2.11.jar
Scala compilation took 1.346606882 s
New invalidations:
	Set()
Initial set of included nodes: Set()
Previously invalidated, but (transitively) depend on new invalidations:
	Set()
All newly invalidated sources after taking into account (previously) recompiled sources:Set()
Copy resource mappings: 
	
Framework implementation 'org.scalacheck.ScalaCheckFramework' not present.
Framework implementation 'org.specs2.runner.Specs2Framework' not present.
Framework implementation 'org.specs2.runner.SpecsFramework' not present.
Framework implementation 'org.specs.runner.SpecsFramework' not present.
Framework implementation 'com.novocode.junit.JUnitFramework' not present.
Subclass fingerprints: List((org.scalatest.Suite,false,org.scalatest.tools.Framework$$anon$1@1f6f7e65))
Annotation fingerprints: List((org.scalatest.WrapWith,false,org.scalatest.tools.Framework$$anon$2@37f78cdb))
Running TaskDef(EbsSpec, org.scalatest.tools.Framework$$anon$1@1f6f7e65, false, [SuiteSelector])
Read from stdout: EbsSpec:
Read from stdout: ebs
Read from stdout: - should be correct
Read from stdout: ebs
Read from stdout: - should fail
Read from stdout: ebsmod
Read from stdout: - should be correct
[32mEbsSpec:[0m
[32mebs[0m
[32m- should be correct[0m
[32mebs[0m
[32m- should fail[0m
[32mebsmod[0m
[32m- should be correct[0m
Read from stdout: Run completed in 217 milliseconds.
Read from stdout: Total number of tests run: 3
Read from stdout: Suites: completed 1, aborted 0
Read from stdout: Tests: succeeded 3, failed 0, canceled 0, ignored 0, pending 0
Read from stdout: All tests passed.
Run completed in 217 milliseconds.
Total number of tests run: 3
Suites: completed 1, aborted 0
Tests: succeeded 3, failed 0, canceled 0, ignored 0, pending 0
All tests passed.
Passed tests:
	EbsSpec
Total time: 2 s, completed 24.05.2016 17:35:40
> server-post-command-cleanup
> server-handle-next-server-request
> compile
Evaluating tasks: compile:compile
Running task... Cancel: sbt.server.ServerTaskCancellation@8834998, check cycles: false

Initial source changes: 
	removed:Set()
	added: Set()
	modified: Set()
Removed products: Set()
External API changes: API Changes: Set()
Modified binary dependencies: Set()
Initial directly invalidated sources: Set()

Sources indirectly invalidated by:
	product: Set()
	binary dep: Set()
	external source: Set()
All initially invalidated sources: Set()

Total time: 0 s, completed 24.05.2016 17:35:55
> server-post-command-cleanup
> server-handle-next-server-request
> test
Evaluating tasks: test:test
Running task... Cancel: sbt.server.ServerTaskCancellation@3cf10dcc, check cycles: false

Initial source changes: 
	removed:Set()
	added: Set()
	modified: Set()
Removed products: Set()
External API changes: API Changes: Set()
Modified binary dependencies: Set()
Initial directly invalidated sources: Set()

Sources indirectly invalidated by:
	product: Set()
	binary dep: Set()
	external source: Set()
All initially invalidated sources: Set()

Copy resource mappings: 
	

Initial source changes: 
	removed:Set()
	added: Set()
	modified: Set(/Users/lpfeiler/develop/github/ebs/scala/ebs/src/test/scala/EbsSpec.scala)
Removed products: Set()
External API changes: API Changes: Set()
Modified binary dependencies: Set()
Initial directly invalidated sources: Set(/Users/lpfeiler/develop/github/ebs/scala/ebs/src/test/scala/EbsSpec.scala)

Sources indirectly invalidated by:
	product: Set()
	binary dep: Set()
	external source: Set()
All initially invalidated sources: Set(/Users/lpfeiler/develop/github/ebs/scala/ebs/src/test/scala/EbsSpec.scala)

Recompiling all 1 sources: invalidated sources (1) exceeded 50.0% of all sources
Read from stdout: Compiling 1 Scala source to /Users/lpfeiler/develop/github/ebs/scala/ebs/target/scala-2.11/test-classes...
Compiling 1 Scala source to /Users/lpfeiler/develop/github/ebs/scala/ebs/target/scala-2.11/test-classes...
Getting compiler-interface from component compiler for Scala 2.11.7
Other repositories:
Default repositories:
Getting compiler-interface from component compiler for Scala 2.11.7
Other repositories:
Default repositories:
Running cached compiler 3535f21e, interfacing (CompilerInterface) with Scala compiler version 2.11.7
Calling Scala compiler with arguments  (CompilerInterface):
	-bootclasspath
	/Library/Java/JavaVirtualMachines/jdk1.8.0_60.jdk/Contents/Home/jre/lib/resources.jar:/Library/Java/JavaVirtualMachines/jdk1.8.0_60.jdk/Contents/Home/jre/lib/rt.jar:/Library/Java/JavaVirtualMachines/jdk1.8.0_60.jdk/Contents/Home/jre/lib/sunrsasign.jar:/Library/Java/JavaVirtualMachines/jdk1.8.0_60.jdk/Contents/Home/jre/lib/jsse.jar:/Library/Java/JavaVirtualMachines/jdk1.8.0_60.jdk/Contents/Home/jre/lib/jce.jar:/Library/Java/JavaVirtualMachines/jdk1.8.0_60.jdk/Contents/Home/jre/lib/charsets.jar:/Library/Java/JavaVirtualMachines/jdk1.8.0_60.jdk/Contents/Home/jre/lib/jfr.jar:/Library/Java/JavaVirtualMachines/jdk1.8.0_60.jdk/Contents/Home/jre/classes:/Users/lpfeiler/.ivy2/cache/org.scala-lang/scala-library/jars/scala-library-2.11.7.jar
	-classpath
	/Users/lpfeiler/develop/github/ebs/scala/ebs/target/scala-2.11/test-classes:/Users/lpfeiler/develop/github/ebs/scala/ebs/target/scala-2.11/classes:/Users/lpfeiler/develop/scala/activator-dist-1.3.6/repository/org.scalatest/scalatest_2.11/2.2.4/bundles/scalatest_2.11.jar:/Users/lpfeiler/develop/scala/activator-dist-1.3.6/repository/org.scala-lang/scala-reflect/2.11.2/jars/scala-reflect.jar:/Users/lpfeiler/develop/scala/activator-dist-1.3.6/repository/org.scala-lang.modules/scala-xml_2.11/1.0.2/bundles/scala-xml_2.11.jar
Scala compilation took 1.457548543 s
New invalidations:
	Set()
Initial set of included nodes: Set()
Previously invalidated, but (transitively) depend on new invalidations:
	Set()
All newly invalidated sources after taking into account (previously) recompiled sources:Set()
Copy resource mappings: 
	
Framework implementation 'org.scalacheck.ScalaCheckFramework' not present.
Framework implementation 'org.specs2.runner.Specs2Framework' not present.
Framework implementation 'org.specs2.runner.SpecsFramework' not present.
Framework implementation 'org.specs.runner.SpecsFramework' not present.
Framework implementation 'com.novocode.junit.JUnitFramework' not present.
Subclass fingerprints: List((org.scalatest.Suite,false,org.scalatest.tools.Framework$$anon$1@6a26d407))
Annotation fingerprints: List((org.scalatest.WrapWith,false,org.scalatest.tools.Framework$$anon$2@638d37dc))
Running TaskDef(EbsSpec, org.scalatest.tools.Framework$$anon$1@6a26d407, false, [SuiteSelector])
Read from stdout: EbsSpec:
Read from stdout: ebs
Read from stdout: - should be correct
Read from stdout: ebs
Read from stdout: - should fail with negative numbers
Read from stdout: ebsmod
Read from stdout: - should be correct
[32mEbsSpec:[0m
[32mebs[0m
[32m- should be correct[0m
[32mebs[0m
[32m- should fail with negative numbers[0m
[32mebsmod[0m
[32m- should be correct[0m
Read from stdout: Run completed in 220 milliseconds.
Read from stdout: Total number of tests run: 3
Read from stdout: Suites: completed 1, aborted 0
Read from stdout: Tests: succeeded 3, failed 0, canceled 0, ignored 0, pending 0
Read from stdout: All tests passed.
Run completed in 220 milliseconds.
Total number of tests run: 3
Suites: completed 1, aborted 0
Tests: succeeded 3, failed 0, canceled 0, ignored 0, pending 0
All tests passed.
Passed tests:
	EbsSpec
Total time: 2 s, completed 24.05.2016 17:35:57
> server-post-command-cleanup
> server-handle-next-server-request
> compile
Evaluating tasks: compile:compile
Running task... Cancel: sbt.server.ServerTaskCancellation@2d5b074f, check cycles: false

Initial source changes: 
	removed:Set()
	added: Set()
	modified: Set(/Users/lpfeiler/develop/github/ebs/scala/ebs/src/main/scala/de/csmath/math/Ebs.scala)
Removed products: Set()
External API changes: API Changes: Set()
Modified binary dependencies: Set()
Initial directly invalidated sources: Set(/Users/lpfeiler/develop/github/ebs/scala/ebs/src/main/scala/de/csmath/math/Ebs.scala)

Sources indirectly invalidated by:
	product: Set()
	binary dep: Set()
	external source: Set()
All initially invalidated sources: Set(/Users/lpfeiler/develop/github/ebs/scala/ebs/src/main/scala/de/csmath/math/Ebs.scala)

Recompiling all 1 sources: invalidated sources (1) exceeded 50.0% of all sources
Read from stdout: Compiling 1 Scala source to /Users/lpfeiler/develop/github/ebs/scala/ebs/target/scala-2.11/classes...
Compiling 1 Scala source to /Users/lpfeiler/develop/github/ebs/scala/ebs/target/scala-2.11/classes...
Getting compiler-interface from component compiler for Scala 2.11.7
Other repositories:
Default repositories:
Getting compiler-interface from component compiler for Scala 2.11.7
Other repositories:
Default repositories:
Running cached compiler 11127604, interfacing (CompilerInterface) with Scala compiler version 2.11.7
Calling Scala compiler with arguments  (CompilerInterface):
	-bootclasspath
	/Library/Java/JavaVirtualMachines/jdk1.8.0_60.jdk/Contents/Home/jre/lib/resources.jar:/Library/Java/JavaVirtualMachines/jdk1.8.0_60.jdk/Contents/Home/jre/lib/rt.jar:/Library/Java/JavaVirtualMachines/jdk1.8.0_60.jdk/Contents/Home/jre/lib/sunrsasign.jar:/Library/Java/JavaVirtualMachines/jdk1.8.0_60.jdk/Contents/Home/jre/lib/jsse.jar:/Library/Java/JavaVirtualMachines/jdk1.8.0_60.jdk/Contents/Home/jre/lib/jce.jar:/Library/Java/JavaVirtualMachines/jdk1.8.0_60.jdk/Contents/Home/jre/lib/charsets.jar:/Library/Java/JavaVirtualMachines/jdk1.8.0_60.jdk/Contents/Home/jre/lib/jfr.jar:/Library/Java/JavaVirtualMachines/jdk1.8.0_60.jdk/Contents/Home/jre/classes:/Users/lpfeiler/.ivy2/cache/org.scala-lang/scala-library/jars/scala-library-2.11.7.jar
	-classpath
	/Users/lpfeiler/develop/github/ebs/scala/ebs/target/scala-2.11/classes
Read from stdout: /Users/lpfeiler/develop/github/ebs/scala/ebs/src/main/scala/de/csmath/math/Ebs.scala:34: type mismatch;
Read from stdout: found   : IllegalArgumentException
Read from stdout: required: Int
/Users/lpfeiler/develop/github/ebs/scala/ebs/src/main/scala/de/csmath/math/Ebs.scala:34: type mismatch;
 found   : IllegalArgumentException
 required: Int
Read from stdout: case _ => new IllegalArgumentException("n is negative: " + n)
        case _ => new IllegalArgumentException("n is negative: " + n)
Read from stdout: ^
                  ^
Read from stdout: one error found
one error found
Compilation failed (CompilerInterface)
Read from stdout: (compile:compileIncremental) Compilation failed
(compile:compileIncremental) Compilation failed
Total time: 0 s, completed 24.05.2016 17:37:05
> server-post-command-error-handler
> server-post-command-cleanup
> server-handle-next-server-request
> compile
Evaluating tasks: compile:compile
Running task... Cancel: sbt.server.ServerTaskCancellation@4c0078d3, check cycles: false

Initial source changes: 
	removed:Set()
	added: Set()
	modified: Set(/Users/lpfeiler/develop/github/ebs/scala/ebs/src/main/scala/de/csmath/math/Ebs.scala)
Removed products: Set()
External API changes: API Changes: Set()
Modified binary dependencies: Set()
Initial directly invalidated sources: Set(/Users/lpfeiler/develop/github/ebs/scala/ebs/src/main/scala/de/csmath/math/Ebs.scala)

Sources indirectly invalidated by:
	product: Set()
	binary dep: Set()
	external source: Set()
All initially invalidated sources: Set(/Users/lpfeiler/develop/github/ebs/scala/ebs/src/main/scala/de/csmath/math/Ebs.scala)

Recompiling all 1 sources: invalidated sources (1) exceeded 50.0% of all sources
Read from stdout: Compiling 1 Scala source to /Users/lpfeiler/develop/github/ebs/scala/ebs/target/scala-2.11/classes...
Compiling 1 Scala source to /Users/lpfeiler/develop/github/ebs/scala/ebs/target/scala-2.11/classes...
Getting compiler-interface from component compiler for Scala 2.11.7
Other repositories:
Default repositories:
Getting compiler-interface from component compiler for Scala 2.11.7
Other repositories:
Default repositories:
Running cached compiler 359492d3, interfacing (CompilerInterface) with Scala compiler version 2.11.7
Calling Scala compiler with arguments  (CompilerInterface):
	-bootclasspath
	/Library/Java/JavaVirtualMachines/jdk1.8.0_60.jdk/Contents/Home/jre/lib/resources.jar:/Library/Java/JavaVirtualMachines/jdk1.8.0_60.jdk/Contents/Home/jre/lib/rt.jar:/Library/Java/JavaVirtualMachines/jdk1.8.0_60.jdk/Contents/Home/jre/lib/sunrsasign.jar:/Library/Java/JavaVirtualMachines/jdk1.8.0_60.jdk/Contents/Home/jre/lib/jsse.jar:/Library/Java/JavaVirtualMachines/jdk1.8.0_60.jdk/Contents/Home/jre/lib/jce.jar:/Library/Java/JavaVirtualMachines/jdk1.8.0_60.jdk/Contents/Home/jre/lib/charsets.jar:/Library/Java/JavaVirtualMachines/jdk1.8.0_60.jdk/Contents/Home/jre/lib/jfr.jar:/Library/Java/JavaVirtualMachines/jdk1.8.0_60.jdk/Contents/Home/jre/classes:/Users/lpfeiler/.ivy2/cache/org.scala-lang/scala-library/jars/scala-library-2.11.7.jar
	-classpath
	/Users/lpfeiler/develop/github/ebs/scala/ebs/target/scala-2.11/classes
Scala compilation took 0.402576556 s
New invalidations:
	Set()
Initial set of included nodes: Set()
Previously invalidated, but (transitively) depend on new invalidations:
	Set()
All newly invalidated sources after taking into account (previously) recompiled sources:Set()
Total time: 0 s, completed 24.05.2016 17:37:15
> server-post-command-cleanup
> server-handle-next-server-request
> test
Evaluating tasks: test:test
Running task... Cancel: sbt.server.ServerTaskCancellation@67472841, check cycles: false

Initial source changes: 
	removed:Set()
	added: Set()
	modified: Set()
Removed products: Set()
External API changes: API Changes: Set()
Modified binary dependencies: Set()
Initial directly invalidated sources: Set()

Sources indirectly invalidated by:
	product: Set()
	binary dep: Set()
	external source: Set()
All initially invalidated sources: Set()

Copy resource mappings: 
	

Initial source changes: 
	removed:Set()
	added: Set()
	modified: Set()
Removed products: Set()
External API changes: API Changes: Set()
Modified binary dependencies: Set()
Initial directly invalidated sources: Set()

Sources indirectly invalidated by:
	product: Set()
	binary dep: Set()
	external source: Set()
All initially invalidated sources: Set()

Copy resource mappings: 
	
Framework implementation 'org.scalacheck.ScalaCheckFramework' not present.
Framework implementation 'org.specs2.runner.Specs2Framework' not present.
Framework implementation 'org.specs2.runner.SpecsFramework' not present.
Framework implementation 'org.specs.runner.SpecsFramework' not present.
Framework implementation 'com.novocode.junit.JUnitFramework' not present.
Subclass fingerprints: List((org.scalatest.Suite,false,org.scalatest.tools.Framework$$anon$1@1b89a1ec))
Annotation fingerprints: List((org.scalatest.WrapWith,false,org.scalatest.tools.Framework$$anon$2@bbb71b7))
Running TaskDef(EbsSpec, org.scalatest.tools.Framework$$anon$1@1b89a1ec, false, [SuiteSelector])
Read from stdout: EbsSpec:
Read from stdout: ebs
Read from stdout: - should be correct
Read from stdout: ebs
Read from stdout: - should fail with negative numbers *** FAILED ***
Read from stdout: Expected exception scala.MatchError to be thrown, but java.lang.IllegalArgumentException was thrown. (EbsSpec.scala:12)
Read from stdout: ebsmod
Read from stdout: - should be correct
[32mEbsSpec:[0m
[32mebs[0m
[32m- should be correct[0m
[32mebs[0m
[31m- should fail with negative numbers *** FAILED ***[0m
[31m  Expected exception scala.MatchError to be thrown, but java.lang.IllegalArgumentException was thrown. (EbsSpec.scala:12)[0m
[32mebsmod[0m
[32m- should be correct[0m
Read from stdout: Run completed in 266 milliseconds.
Read from stdout: Total number of tests run: 3
Read from stdout: Suites: completed 1, aborted 0
Read from stdout: Tests: succeeded 2, failed 1, canceled 0, ignored 0, pending 0
Read from stdout: *** 1 TEST FAILED ***
Run completed in 266 milliseconds.
Total number of tests run: 3
Suites: completed 1, aborted 0
Tests: succeeded 2, failed 1, canceled 0, ignored 0, pending 0
*** 1 TEST FAILED ***
Read from stdout: Failed tests:
Failed tests:
Read from stdout: 	EbsSpec
	EbsSpec
Read from stdout: (test:test) sbt.TestsFailedException: Tests unsuccessful
(test:test) sbt.TestsFailedException: Tests unsuccessful
Total time: 1 s, completed 24.05.2016 17:37:16
> server-post-command-error-handler
> server-post-command-cleanup
> server-handle-next-server-request
> compile
Evaluating tasks: compile:compile
Running task... Cancel: sbt.server.ServerTaskCancellation@30b7f9c, check cycles: false

Initial source changes: 
	removed:Set()
	added: Set()
	modified: Set()
Removed products: Set()
External API changes: API Changes: Set()
Modified binary dependencies: Set()
Initial directly invalidated sources: Set()

Sources indirectly invalidated by:
	product: Set()
	binary dep: Set()
	external source: Set()
All initially invalidated sources: Set()

Total time: 0 s, completed 24.05.2016 17:37:44
> server-post-command-cleanup
> server-handle-next-server-request
> test
Evaluating tasks: test:test
Running task... Cancel: sbt.server.ServerTaskCancellation@3edf4b7f, check cycles: false

Initial source changes: 
	removed:Set()
	added: Set()
	modified: Set()
Removed products: Set()
External API changes: API Changes: Set()
Modified binary dependencies: Set()
Initial directly invalidated sources: Set()

Sources indirectly invalidated by:
	product: Set()
	binary dep: Set()
	external source: Set()
All initially invalidated sources: Set()

Copy resource mappings: 
	

Initial source changes: 
	removed:Set()
	added: Set()
	modified: Set(/Users/lpfeiler/develop/github/ebs/scala/ebs/src/test/scala/EbsSpec.scala)
Removed products: Set()
External API changes: API Changes: Set()
Modified binary dependencies: Set()
Initial directly invalidated sources: Set(/Users/lpfeiler/develop/github/ebs/scala/ebs/src/test/scala/EbsSpec.scala)

Sources indirectly invalidated by:
	product: Set()
	binary dep: Set()
	external source: Set()
All initially invalidated sources: Set(/Users/lpfeiler/develop/github/ebs/scala/ebs/src/test/scala/EbsSpec.scala)

Recompiling all 1 sources: invalidated sources (1) exceeded 50.0% of all sources
Read from stdout: Compiling 1 Scala source to /Users/lpfeiler/develop/github/ebs/scala/ebs/target/scala-2.11/test-classes...
Compiling 1 Scala source to /Users/lpfeiler/develop/github/ebs/scala/ebs/target/scala-2.11/test-classes...
Getting compiler-interface from component compiler for Scala 2.11.7
Other repositories:
Default repositories:
Getting compiler-interface from component compiler for Scala 2.11.7
Other repositories:
Default repositories:
Running cached compiler 57b55751, interfacing (CompilerInterface) with Scala compiler version 2.11.7
Calling Scala compiler with arguments  (CompilerInterface):
	-bootclasspath
	/Library/Java/JavaVirtualMachines/jdk1.8.0_60.jdk/Contents/Home/jre/lib/resources.jar:/Library/Java/JavaVirtualMachines/jdk1.8.0_60.jdk/Contents/Home/jre/lib/rt.jar:/Library/Java/JavaVirtualMachines/jdk1.8.0_60.jdk/Contents/Home/jre/lib/sunrsasign.jar:/Library/Java/JavaVirtualMachines/jdk1.8.0_60.jdk/Contents/Home/jre/lib/jsse.jar:/Library/Java/JavaVirtualMachines/jdk1.8.0_60.jdk/Contents/Home/jre/lib/jce.jar:/Library/Java/JavaVirtualMachines/jdk1.8.0_60.jdk/Contents/Home/jre/lib/charsets.jar:/Library/Java/JavaVirtualMachines/jdk1.8.0_60.jdk/Contents/Home/jre/lib/jfr.jar:/Library/Java/JavaVirtualMachines/jdk1.8.0_60.jdk/Contents/Home/jre/classes:/Users/lpfeiler/.ivy2/cache/org.scala-lang/scala-library/jars/scala-library-2.11.7.jar
	-classpath
	/Users/lpfeiler/develop/github/ebs/scala/ebs/target/scala-2.11/test-classes:/Users/lpfeiler/develop/github/ebs/scala/ebs/target/scala-2.11/classes:/Users/lpfeiler/develop/scala/activator-dist-1.3.6/repository/org.scalatest/scalatest_2.11/2.2.4/bundles/scalatest_2.11.jar:/Users/lpfeiler/develop/scala/activator-dist-1.3.6/repository/org.scala-lang/scala-reflect/2.11.2/jars/scala-reflect.jar:/Users/lpfeiler/develop/scala/activator-dist-1.3.6/repository/org.scala-lang.modules/scala-xml_2.11/1.0.2/bundles/scala-xml_2.11.jar
Read from stdout: /Users/lpfeiler/develop/github/ebs/scala/ebs/src/test/scala/EbsSpec.scala:12: not found: type IllegalArgumentsException
/Users/lpfeiler/develop/github/ebs/scala/ebs/src/test/scala/EbsSpec.scala:12: not found: type IllegalArgumentsException
Read from stdout: intercept[IllegalArgumentsException] {
    intercept[IllegalArgumentsException] {
Read from stdout: ^
              ^
Read from stdout: one error found
one error found
Compilation failed (CompilerInterface)
Read from stdout: (test:compileIncremental) Compilation failed
(test:compileIncremental) Compilation failed
Total time: 1 s, completed 24.05.2016 17:37:45
> server-post-command-error-handler
> server-post-command-cleanup
> server-handle-next-server-request
> compile
Evaluating tasks: compile:compile
Running task... Cancel: sbt.server.ServerTaskCancellation@28631f84, check cycles: false

Initial source changes: 
	removed:Set()
	added: Set()
	modified: Set()
Removed products: Set()
External API changes: API Changes: Set()
Modified binary dependencies: Set()
Initial directly invalidated sources: Set()

Sources indirectly invalidated by:
	product: Set()
	binary dep: Set()
	external source: Set()
All initially invalidated sources: Set()

Total time: 0 s, completed 24.05.2016 17:37:54
> server-post-command-cleanup
> server-handle-next-server-request
> test
Evaluating tasks: test:test
Running task... Cancel: sbt.server.ServerTaskCancellation@65287dbd, check cycles: false

Initial source changes: 
	removed:Set()
	added: Set()
	modified: Set()
Removed products: Set()
External API changes: API Changes: Set()
Modified binary dependencies: Set()
Initial directly invalidated sources: Set()

Sources indirectly invalidated by:
	product: Set()
	binary dep: Set()
	external source: Set()
All initially invalidated sources: Set()

Copy resource mappings: 
	

Initial source changes: 
	removed:Set()
	added: Set()
	modified: Set(/Users/lpfeiler/develop/github/ebs/scala/ebs/src/test/scala/EbsSpec.scala)
Removed products: Set()
External API changes: API Changes: Set()
Modified binary dependencies: Set()
Initial directly invalidated sources: Set(/Users/lpfeiler/develop/github/ebs/scala/ebs/src/test/scala/EbsSpec.scala)

Sources indirectly invalidated by:
	product: Set()
	binary dep: Set()
	external source: Set()
All initially invalidated sources: Set(/Users/lpfeiler/develop/github/ebs/scala/ebs/src/test/scala/EbsSpec.scala)

Recompiling all 1 sources: invalidated sources (1) exceeded 50.0% of all sources
Read from stdout: Compiling 1 Scala source to /Users/lpfeiler/develop/github/ebs/scala/ebs/target/scala-2.11/test-classes...
Compiling 1 Scala source to /Users/lpfeiler/develop/github/ebs/scala/ebs/target/scala-2.11/test-classes...
Getting compiler-interface from component compiler for Scala 2.11.7
Other repositories:
Default repositories:
Getting compiler-interface from component compiler for Scala 2.11.7
Other repositories:
Default repositories:
Running cached compiler 2d2d37e8, interfacing (CompilerInterface) with Scala compiler version 2.11.7
Calling Scala compiler with arguments  (CompilerInterface):
	-bootclasspath
	/Library/Java/JavaVirtualMachines/jdk1.8.0_60.jdk/Contents/Home/jre/lib/resources.jar:/Library/Java/JavaVirtualMachines/jdk1.8.0_60.jdk/Contents/Home/jre/lib/rt.jar:/Library/Java/JavaVirtualMachines/jdk1.8.0_60.jdk/Contents/Home/jre/lib/sunrsasign.jar:/Library/Java/JavaVirtualMachines/jdk1.8.0_60.jdk/Contents/Home/jre/lib/jsse.jar:/Library/Java/JavaVirtualMachines/jdk1.8.0_60.jdk/Contents/Home/jre/lib/jce.jar:/Library/Java/JavaVirtualMachines/jdk1.8.0_60.jdk/Contents/Home/jre/lib/charsets.jar:/Library/Java/JavaVirtualMachines/jdk1.8.0_60.jdk/Contents/Home/jre/lib/jfr.jar:/Library/Java/JavaVirtualMachines/jdk1.8.0_60.jdk/Contents/Home/jre/classes:/Users/lpfeiler/.ivy2/cache/org.scala-lang/scala-library/jars/scala-library-2.11.7.jar
	-classpath
	/Users/lpfeiler/develop/github/ebs/scala/ebs/target/scala-2.11/test-classes:/Users/lpfeiler/develop/github/ebs/scala/ebs/target/scala-2.11/classes:/Users/lpfeiler/develop/scala/activator-dist-1.3.6/repository/org.scalatest/scalatest_2.11/2.2.4/bundles/scalatest_2.11.jar:/Users/lpfeiler/develop/scala/activator-dist-1.3.6/repository/org.scala-lang/scala-reflect/2.11.2/jars/scala-reflect.jar:/Users/lpfeiler/develop/scala/activator-dist-1.3.6/repository/org.scala-lang.modules/scala-xml_2.11/1.0.2/bundles/scala-xml_2.11.jar
Scala compilation took 1.614663247 s
New invalidations:
	Set()
Initial set of included nodes: Set()
Previously invalidated, but (transitively) depend on new invalidations:
	Set()
All newly invalidated sources after taking into account (previously) recompiled sources:Set()
Copy resource mappings: 
	
Framework implementation 'org.scalacheck.ScalaCheckFramework' not present.
Framework implementation 'org.specs2.runner.Specs2Framework' not present.
Framework implementation 'org.specs2.runner.SpecsFramework' not present.
Framework implementation 'org.specs.runner.SpecsFramework' not present.
Framework implementation 'com.novocode.junit.JUnitFramework' not present.
Subclass fingerprints: List((org.scalatest.Suite,false,org.scalatest.tools.Framework$$anon$1@597c7dd3))
Annotation fingerprints: List((org.scalatest.WrapWith,false,org.scalatest.tools.Framework$$anon$2@590c971c))
Running TaskDef(EbsSpec, org.scalatest.tools.Framework$$anon$1@597c7dd3, false, [SuiteSelector])
Read from stdout: EbsSpec:
Read from stdout: ebs
Read from stdout: - should be correct
Read from stdout: ebs
Read from stdout: - should fail with negative numbers
Read from stdout: ebsmod
Read from stdout: - should be correct
[32mEbsSpec:[0m
[32mebs[0m
[32m- should be correct[0m
[32mebs[0m
[32m- should fail with negative numbers[0m
[32mebsmod[0m
[32m- should be correct[0m
Read from stdout: Run completed in 161 milliseconds.
Read from stdout: Total number of tests run: 3
Read from stdout: Suites: completed 1, aborted 0
Read from stdout: Tests: succeeded 3, failed 0, canceled 0, ignored 0, pending 0
Read from stdout: All tests passed.
Run completed in 161 milliseconds.
Total number of tests run: 3
Suites: completed 1, aborted 0
Tests: succeeded 3, failed 0, canceled 0, ignored 0, pending 0
All tests passed.
Passed tests:
	EbsSpec
Total time: 2 s, completed 24.05.2016 17:37:57
> server-post-command-cleanup
> server-handle-next-server-request
> compile
Evaluating tasks: compile:compile
Running task... Cancel: sbt.server.ServerTaskCancellation@5ffa4609, check cycles: false

Initial source changes: 
	removed:Set()
	added: Set()
	modified: Set()
Removed products: Set()
External API changes: API Changes: Set()
Modified binary dependencies: Set()
Initial directly invalidated sources: Set()

Sources indirectly invalidated by:
	product: Set()
	binary dep: Set()
	external source: Set()
All initially invalidated sources: Set()

Total time: 0 s, completed 24.05.2016 17:38:05
> server-post-command-cleanup
> server-handle-next-server-request
> test
Evaluating tasks: test:test
Running task... Cancel: sbt.server.ServerTaskCancellation@8ae566d, check cycles: false

Initial source changes: 
	removed:Set()
	added: Set()
	modified: Set()
Removed products: Set()
External API changes: API Changes: Set()
Modified binary dependencies: Set()
Initial directly invalidated sources: Set()

Sources indirectly invalidated by:
	product: Set()
	binary dep: Set()
	external source: Set()
All initially invalidated sources: Set()

Copy resource mappings: 
	

Initial source changes: 
	removed:Set()
	added: Set()
	modified: Set(/Users/lpfeiler/develop/github/ebs/scala/ebs/src/test/scala/EbsSpec.scala)
Removed products: Set()
External API changes: API Changes: Set()
Modified binary dependencies: Set()
Initial directly invalidated sources: Set(/Users/lpfeiler/develop/github/ebs/scala/ebs/src/test/scala/EbsSpec.scala)

Sources indirectly invalidated by:
	product: Set()
	binary dep: Set()
	external source: Set()
All initially invalidated sources: Set(/Users/lpfeiler/develop/github/ebs/scala/ebs/src/test/scala/EbsSpec.scala)

Recompiling all 1 sources: invalidated sources (1) exceeded 50.0% of all sources
Read from stdout: Compiling 1 Scala source to /Users/lpfeiler/develop/github/ebs/scala/ebs/target/scala-2.11/test-classes...
Compiling 1 Scala source to /Users/lpfeiler/develop/github/ebs/scala/ebs/target/scala-2.11/test-classes...
Getting compiler-interface from component compiler for Scala 2.11.7
Other repositories:
Default repositories:
Getting compiler-interface from component compiler for Scala 2.11.7
Other repositories:
Default repositories:
Running cached compiler 490cf0dd, interfacing (CompilerInterface) with Scala compiler version 2.11.7
Calling Scala compiler with arguments  (CompilerInterface):
	-bootclasspath
	/Library/Java/JavaVirtualMachines/jdk1.8.0_60.jdk/Contents/Home/jre/lib/resources.jar:/Library/Java/JavaVirtualMachines/jdk1.8.0_60.jdk/Contents/Home/jre/lib/rt.jar:/Library/Java/JavaVirtualMachines/jdk1.8.0_60.jdk/Contents/Home/jre/lib/sunrsasign.jar:/Library/Java/JavaVirtualMachines/jdk1.8.0_60.jdk/Contents/Home/jre/lib/jsse.jar:/Library/Java/JavaVirtualMachines/jdk1.8.0_60.jdk/Contents/Home/jre/lib/jce.jar:/Library/Java/JavaVirtualMachines/jdk1.8.0_60.jdk/Contents/Home/jre/lib/charsets.jar:/Library/Java/JavaVirtualMachines/jdk1.8.0_60.jdk/Contents/Home/jre/lib/jfr.jar:/Library/Java/JavaVirtualMachines/jdk1.8.0_60.jdk/Contents/Home/jre/classes:/Users/lpfeiler/.ivy2/cache/org.scala-lang/scala-library/jars/scala-library-2.11.7.jar
	-classpath
	/Users/lpfeiler/develop/github/ebs/scala/ebs/target/scala-2.11/test-classes:/Users/lpfeiler/develop/github/ebs/scala/ebs/target/scala-2.11/classes:/Users/lpfeiler/develop/scala/activator-dist-1.3.6/repository/org.scalatest/scalatest_2.11/2.2.4/bundles/scalatest_2.11.jar:/Users/lpfeiler/develop/scala/activator-dist-1.3.6/repository/org.scala-lang/scala-reflect/2.11.2/jars/scala-reflect.jar:/Users/lpfeiler/develop/scala/activator-dist-1.3.6/repository/org.scala-lang.modules/scala-xml_2.11/1.0.2/bundles/scala-xml_2.11.jar
Scala compilation took 0.999954006 s
New invalidations:
	Set()
Initial set of included nodes: Set()
Previously invalidated, but (transitively) depend on new invalidations:
	Set()
All newly invalidated sources after taking into account (previously) recompiled sources:Set()
Copy resource mappings: 
	
Framework implementation 'org.scalacheck.ScalaCheckFramework' not present.
Framework implementation 'org.specs2.runner.Specs2Framework' not present.
Framework implementation 'org.specs2.runner.SpecsFramework' not present.
Framework implementation 'org.specs.runner.SpecsFramework' not present.
Framework implementation 'com.novocode.junit.JUnitFramework' not present.
Subclass fingerprints: List((org.scalatest.Suite,false,org.scalatest.tools.Framework$$anon$1@3d2497f9))
Annotation fingerprints: List((org.scalatest.WrapWith,false,org.scalatest.tools.Framework$$anon$2@651b4fe8))
Running TaskDef(EbsSpec, org.scalatest.tools.Framework$$anon$1@3d2497f9, false, [SuiteSelector])
Read from stdout: EbsSpec:
Read from stdout: ebs
Read from stdout: - should be correct
Read from stdout: ebs
Read from stdout: - should fail with negative numbers
Read from stdout: ebsmod
Read from stdout: - should be correct
[32mEbsSpec:[0m
[32mebs[0m
[32m- should be correct[0m
[32mebs[0m
[32m- should fail with negative numbers[0m
[32mebsmod[0m
[32m- should be correct[0m
Read from stdout: Run completed in 164 milliseconds.
Read from stdout: Total number of tests run: 3
Read from stdout: Suites: completed 1, aborted 0
Read from stdout: Tests: succeeded 3, failed 0, canceled 0, ignored 0, pending 0
Read from stdout: All tests passed.
Run completed in 164 milliseconds.
Total number of tests run: 3
Suites: completed 1, aborted 0
Tests: succeeded 3, failed 0, canceled 0, ignored 0, pending 0
All tests passed.
Passed tests:
	EbsSpec
Total time: 2 s, completed 24.05.2016 17:38:06
> server-post-command-cleanup
> server-handle-next-server-request
> compile
Evaluating tasks: compile:compile
Running task... Cancel: sbt.server.ServerTaskCancellation@3b4c2952, check cycles: false

Initial source changes: 
	removed:Set()
	added: Set()
	modified: Set()
Removed products: Set()
External API changes: API Changes: Set()
Modified binary dependencies: Set()
Initial directly invalidated sources: Set()

Sources indirectly invalidated by:
	product: Set()
	binary dep: Set()
	external source: Set()
All initially invalidated sources: Set()

Total time: 0 s, completed 24.05.2016 17:38:38
> server-post-command-cleanup
> server-handle-next-server-request
> test
Evaluating tasks: test:test
Running task... Cancel: sbt.server.ServerTaskCancellation@c7e33df, check cycles: false

Initial source changes: 
	removed:Set()
	added: Set()
	modified: Set()
Removed products: Set()
External API changes: API Changes: Set()
Modified binary dependencies: Set()
Initial directly invalidated sources: Set()

Sources indirectly invalidated by:
	product: Set()
	binary dep: Set()
	external source: Set()
All initially invalidated sources: Set()

Copy resource mappings: 
	

Initial source changes: 
	removed:Set()
	added: Set()
	modified: Set(/Users/lpfeiler/develop/github/ebs/scala/ebs/src/test/scala/EbsSpec.scala)
Removed products: Set()
External API changes: API Changes: Set()
Modified binary dependencies: Set()
Initial directly invalidated sources: Set(/Users/lpfeiler/develop/github/ebs/scala/ebs/src/test/scala/EbsSpec.scala)

Sources indirectly invalidated by:
	product: Set()
	binary dep: Set()
	external source: Set()
All initially invalidated sources: Set(/Users/lpfeiler/develop/github/ebs/scala/ebs/src/test/scala/EbsSpec.scala)

Recompiling all 1 sources: invalidated sources (1) exceeded 50.0% of all sources
Read from stdout: Compiling 1 Scala source to /Users/lpfeiler/develop/github/ebs/scala/ebs/target/scala-2.11/test-classes...
Compiling 1 Scala source to /Users/lpfeiler/develop/github/ebs/scala/ebs/target/scala-2.11/test-classes...
Getting compiler-interface from component compiler for Scala 2.11.7
Other repositories:
Default repositories:
Getting compiler-interface from component compiler for Scala 2.11.7
Other repositories:
Default repositories:
Running cached compiler 7adbc789, interfacing (CompilerInterface) with Scala compiler version 2.11.7
Calling Scala compiler with arguments  (CompilerInterface):
	-bootclasspath
	/Library/Java/JavaVirtualMachines/jdk1.8.0_60.jdk/Contents/Home/jre/lib/resources.jar:/Library/Java/JavaVirtualMachines/jdk1.8.0_60.jdk/Contents/Home/jre/lib/rt.jar:/Library/Java/JavaVirtualMachines/jdk1.8.0_60.jdk/Contents/Home/jre/lib/sunrsasign.jar:/Library/Java/JavaVirtualMachines/jdk1.8.0_60.jdk/Contents/Home/jre/lib/jsse.jar:/Library/Java/JavaVirtualMachines/jdk1.8.0_60.jdk/Contents/Home/jre/lib/jce.jar:/Library/Java/JavaVirtualMachines/jdk1.8.0_60.jdk/Contents/Home/jre/lib/charsets.jar:/Library/Java/JavaVirtualMachines/jdk1.8.0_60.jdk/Contents/Home/jre/lib/jfr.jar:/Library/Java/JavaVirtualMachines/jdk1.8.0_60.jdk/Contents/Home/jre/classes:/Users/lpfeiler/.ivy2/cache/org.scala-lang/scala-library/jars/scala-library-2.11.7.jar
	-classpath
	/Users/lpfeiler/develop/github/ebs/scala/ebs/target/scala-2.11/test-classes:/Users/lpfeiler/develop/github/ebs/scala/ebs/target/scala-2.11/classes:/Users/lpfeiler/develop/scala/activator-dist-1.3.6/repository/org.scalatest/scalatest_2.11/2.2.4/bundles/scalatest_2.11.jar:/Users/lpfeiler/develop/scala/activator-dist-1.3.6/repository/org.scala-lang/scala-reflect/2.11.2/jars/scala-reflect.jar:/Users/lpfeiler/develop/scala/activator-dist-1.3.6/repository/org.scala-lang.modules/scala-xml_2.11/1.0.2/bundles/scala-xml_2.11.jar
Scala compilation took 0.943703511 s
New invalidations:
	Set()
Initial set of included nodes: Set()
Previously invalidated, but (transitively) depend on new invalidations:
	Set()
All newly invalidated sources after taking into account (previously) recompiled sources:Set()
Copy resource mappings: 
	
Framework implementation 'org.scalacheck.ScalaCheckFramework' not present.
Framework implementation 'org.specs2.runner.Specs2Framework' not present.
Framework implementation 'org.specs2.runner.SpecsFramework' not present.
Framework implementation 'org.specs.runner.SpecsFramework' not present.
Framework implementation 'com.novocode.junit.JUnitFramework' not present.
Subclass fingerprints: List((org.scalatest.Suite,false,org.scalatest.tools.Framework$$anon$1@1a929d83))
Annotation fingerprints: List((org.scalatest.WrapWith,false,org.scalatest.tools.Framework$$anon$2@268bfe57))
Running TaskDef(EbsSpec, org.scalatest.tools.Framework$$anon$1@1a929d83, false, [SuiteSelector])
Read from stdout: EbsSpec:
Read from stdout: ebs
Read from stdout: - should be correct
Read from stdout: ebs
Read from stdout: - should fail with negative numbers *** FAILED ***
Read from stdout: Expected exception java.lang.IllegalArgumentException to be thrown, but org.scalatest.exceptions.TestFailedException was thrown. (EbsSpec.scala:15)
Read from stdout: ebsmod
Read from stdout: - should be correct
[32mEbsSpec:[0m
[32mebs[0m
[32m- should be correct[0m
[32mebs[0m
[31m- should fail with negative numbers *** FAILED ***[0m
[31m  Expected exception java.lang.IllegalArgumentException to be thrown, but org.scalatest.exceptions.TestFailedException was thrown. (EbsSpec.scala:15)[0m
[32mebsmod[0m
[32m- should be correct[0m
Read from stdout: Run completed in 241 milliseconds.
Read from stdout: Total number of tests run: 3
Read from stdout: Suites: completed 1, aborted 0
Read from stdout: Tests: succeeded 2, failed 1, canceled 0, ignored 0, pending 0
Read from stdout: *** 1 TEST FAILED ***
Run completed in 241 milliseconds.
Total number of tests run: 3
Suites: completed 1, aborted 0
Tests: succeeded 2, failed 1, canceled 0, ignored 0, pending 0
*** 1 TEST FAILED ***
Read from stdout: Failed tests:
Failed tests:
Read from stdout: 	EbsSpec
	EbsSpec
Read from stdout: (test:test) sbt.TestsFailedException: Tests unsuccessful
(test:test) sbt.TestsFailedException: Tests unsuccessful
Total time: 2 s, completed 24.05.2016 17:38:40
> server-post-command-error-handler
> server-post-command-cleanup
> server-handle-next-server-request
> compile
Evaluating tasks: compile:compile
Running task... Cancel: sbt.server.ServerTaskCancellation@55c70a2c, check cycles: false

Initial source changes: 
	removed:Set()
	added: Set()
	modified: Set()
Removed products: Set()
External API changes: API Changes: Set()
Modified binary dependencies: Set()
Initial directly invalidated sources: Set()

Sources indirectly invalidated by:
	product: Set()
	binary dep: Set()
	external source: Set()
All initially invalidated sources: Set()

Total time: 0 s, completed 24.05.2016 17:39:31
> server-post-command-cleanup
> server-handle-next-server-request
> test
Evaluating tasks: test:test
Running task... Cancel: sbt.server.ServerTaskCancellation@37c48164, check cycles: false

Initial source changes: 
	removed:Set()
	added: Set()
	modified: Set()
Removed products: Set()
External API changes: API Changes: Set()
Modified binary dependencies: Set()
Initial directly invalidated sources: Set()

Sources indirectly invalidated by:
	product: Set()
	binary dep: Set()
	external source: Set()
All initially invalidated sources: Set()

Copy resource mappings: 
	

Initial source changes: 
	removed:Set()
	added: Set()
	modified: Set()
Removed products: Set()
External API changes: API Changes: Set()
Modified binary dependencies: Set()
Initial directly invalidated sources: Set()

Sources indirectly invalidated by:
	product: Set()
	binary dep: Set()
	external source: Set()
All initially invalidated sources: Set()

Copy resource mappings: 
	
Framework implementation 'org.scalacheck.ScalaCheckFramework' not present.
Framework implementation 'org.specs2.runner.Specs2Framework' not present.
Framework implementation 'org.specs2.runner.SpecsFramework' not present.
Framework implementation 'org.specs.runner.SpecsFramework' not present.
Framework implementation 'com.novocode.junit.JUnitFramework' not present.
Subclass fingerprints: List((org.scalatest.Suite,false,org.scalatest.tools.Framework$$anon$1@2a08aec))
Annotation fingerprints: List((org.scalatest.WrapWith,false,org.scalatest.tools.Framework$$anon$2@20db01af))
Running TaskDef(EbsSpec, org.scalatest.tools.Framework$$anon$1@2a08aec, false, [SuiteSelector])
Read from stdout: EbsSpec:
Read from stdout: ebs
Read from stdout: - should be correct
Read from stdout: ebs
Read from stdout: - should fail with negative numbers *** FAILED ***
Read from stdout: Expected exception java.lang.IllegalArgumentException to be thrown, but org.scalatest.exceptions.TestFailedException was thrown. (EbsSpec.scala:15)
Read from stdout: ebsmod
Read from stdout: - should be correct
[32mEbsSpec:[0m
[32mebs[0m
[32m- should be correct[0m
[32mebs[0m
[31m- should fail with negative numbers *** FAILED ***[0m
[31m  Expected exception java.lang.IllegalArgumentException to be thrown, but org.scalatest.exceptions.TestFailedException was thrown. (EbsSpec.scala:15)[0m
[32mebsmod[0m
[32m- should be correct[0m
Read from stdout: Run completed in 194 milliseconds.
Read from stdout: Total number of tests run: 3
Read from stdout: Suites: completed 1, aborted 0
Read from stdout: Tests: succeeded 2, failed 1, canceled 0, ignored 0, pending 0
Read from stdout: *** 1 TEST FAILED ***
Run completed in 194 milliseconds.
Total number of tests run: 3
Suites: completed 1, aborted 0
Tests: succeeded 2, failed 1, canceled 0, ignored 0, pending 0
*** 1 TEST FAILED ***
Read from stdout: Failed tests:
Failed tests:
Read from stdout: 	EbsSpec
	EbsSpec
Read from stdout: (test:test) sbt.TestsFailedException: Tests unsuccessful
(test:test) sbt.TestsFailedException: Tests unsuccessful
Total time: 1 s, completed 24.05.2016 17:39:32
> server-post-command-error-handler
> server-post-command-cleanup
> server-handle-next-server-request
> compile
Evaluating tasks: compile:compile
Running task... Cancel: sbt.server.ServerTaskCancellation@1fd90f55, check cycles: false

Initial source changes: 
	removed:Set()
	added: Set()
	modified: Set()
Removed products: Set()
External API changes: API Changes: Set()
Modified binary dependencies: Set()
Initial directly invalidated sources: Set()

Sources indirectly invalidated by:
	product: Set()
	binary dep: Set()
	external source: Set()
All initially invalidated sources: Set()

Total time: 0 s, completed 24.05.2016 17:39:41
> server-post-command-cleanup
> server-handle-next-server-request
> test
Evaluating tasks: test:test
Running task... Cancel: sbt.server.ServerTaskCancellation@2f0c1762, check cycles: false

Initial source changes: 
	removed:Set()
	added: Set()
	modified: Set()
Removed products: Set()
External API changes: API Changes: Set()
Modified binary dependencies: Set()
Initial directly invalidated sources: Set()

Sources indirectly invalidated by:
	product: Set()
	binary dep: Set()
	external source: Set()
All initially invalidated sources: Set()

Copy resource mappings: 
	

Initial source changes: 
	removed:Set()
	added: Set()
	modified: Set(/Users/lpfeiler/develop/github/ebs/scala/ebs/src/test/scala/EbsSpec.scala)
Removed products: Set()
External API changes: API Changes: Set()
Modified binary dependencies: Set()
Initial directly invalidated sources: Set(/Users/lpfeiler/develop/github/ebs/scala/ebs/src/test/scala/EbsSpec.scala)

Sources indirectly invalidated by:
	product: Set()
	binary dep: Set()
	external source: Set()
All initially invalidated sources: Set(/Users/lpfeiler/develop/github/ebs/scala/ebs/src/test/scala/EbsSpec.scala)

Recompiling all 1 sources: invalidated sources (1) exceeded 50.0% of all sources
Read from stdout: Compiling 1 Scala source to /Users/lpfeiler/develop/github/ebs/scala/ebs/target/scala-2.11/test-classes...
Compiling 1 Scala source to /Users/lpfeiler/develop/github/ebs/scala/ebs/target/scala-2.11/test-classes...
Getting compiler-interface from component compiler for Scala 2.11.7
Other repositories:
Default repositories:
Getting compiler-interface from component compiler for Scala 2.11.7
Other repositories:
Default repositories:
Running cached compiler 12f051e2, interfacing (CompilerInterface) with Scala compiler version 2.11.7
Calling Scala compiler with arguments  (CompilerInterface):
	-bootclasspath
	/Library/Java/JavaVirtualMachines/jdk1.8.0_60.jdk/Contents/Home/jre/lib/resources.jar:/Library/Java/JavaVirtualMachines/jdk1.8.0_60.jdk/Contents/Home/jre/lib/rt.jar:/Library/Java/JavaVirtualMachines/jdk1.8.0_60.jdk/Contents/Home/jre/lib/sunrsasign.jar:/Library/Java/JavaVirtualMachines/jdk1.8.0_60.jdk/Contents/Home/jre/lib/jsse.jar:/Library/Java/JavaVirtualMachines/jdk1.8.0_60.jdk/Contents/Home/jre/lib/jce.jar:/Library/Java/JavaVirtualMachines/jdk1.8.0_60.jdk/Contents/Home/jre/lib/charsets.jar:/Library/Java/JavaVirtualMachines/jdk1.8.0_60.jdk/Contents/Home/jre/lib/jfr.jar:/Library/Java/JavaVirtualMachines/jdk1.8.0_60.jdk/Contents/Home/jre/classes:/Users/lpfeiler/.ivy2/cache/org.scala-lang/scala-library/jars/scala-library-2.11.7.jar
	-classpath
	/Users/lpfeiler/develop/github/ebs/scala/ebs/target/scala-2.11/test-classes:/Users/lpfeiler/develop/github/ebs/scala/ebs/target/scala-2.11/classes:/Users/lpfeiler/develop/scala/activator-dist-1.3.6/repository/org.scalatest/scalatest_2.11/2.2.4/bundles/scalatest_2.11.jar:/Users/lpfeiler/develop/scala/activator-dist-1.3.6/repository/org.scala-lang/scala-reflect/2.11.2/jars/scala-reflect.jar:/Users/lpfeiler/develop/scala/activator-dist-1.3.6/repository/org.scala-lang.modules/scala-xml_2.11/1.0.2/bundles/scala-xml_2.11.jar
Scala compilation took 1.053245689 s
New invalidations:
	Set()
Initial set of included nodes: Set()
Previously invalidated, but (transitively) depend on new invalidations:
	Set()
All newly invalidated sources after taking into account (previously) recompiled sources:Set()
Copy resource mappings: 
	
Framework implementation 'org.scalacheck.ScalaCheckFramework' not present.
Framework implementation 'org.specs2.runner.Specs2Framework' not present.
Framework implementation 'org.specs2.runner.SpecsFramework' not present.
Framework implementation 'org.specs.runner.SpecsFramework' not present.
Framework implementation 'com.novocode.junit.JUnitFramework' not present.
Subclass fingerprints: List((org.scalatest.Suite,false,org.scalatest.tools.Framework$$anon$1@2ec78c3))
Annotation fingerprints: List((org.scalatest.WrapWith,false,org.scalatest.tools.Framework$$anon$2@2bb5a028))
Running TaskDef(EbsSpec, org.scalatest.tools.Framework$$anon$1@2ec78c3, false, [SuiteSelector])
Read from stdout: EbsSpec:
Read from stdout: ebs
Read from stdout: - should be correct
Read from stdout: ebs
Read from stdout: - should fail with negative numbers
Read from stdout: ebsmod
Read from stdout: - should be correct
[32mEbsSpec:[0m
[32mebs[0m
[32m- should be correct[0m
[32mebs[0m
[32m- should fail with negative numbers[0m
[32mebsmod[0m
[32m- should be correct[0m
Read from stdout: Run completed in 216 milliseconds.
Read from stdout: Total number of tests run: 3
Read from stdout: Suites: completed 1, aborted 0
Read from stdout: Tests: succeeded 3, failed 0, canceled 0, ignored 0, pending 0
Read from stdout: All tests passed.
Run completed in 216 milliseconds.
Total number of tests run: 3
Suites: completed 1, aborted 0
Tests: succeeded 3, failed 0, canceled 0, ignored 0, pending 0
All tests passed.
Passed tests:
	EbsSpec
Total time: 2 s, completed 24.05.2016 17:39:42
> server-post-command-cleanup
> server-handle-next-server-request
> compile
Evaluating tasks: compile:compile
Running task... Cancel: sbt.server.ServerTaskCancellation@4a8e266e, check cycles: false

Initial source changes: 
	removed:Set()
	added: Set()
	modified: Set()
Removed products: Set()
External API changes: API Changes: Set()
Modified binary dependencies: Set()
Initial directly invalidated sources: Set()

Sources indirectly invalidated by:
	product: Set()
	binary dep: Set()
	external source: Set()
All initially invalidated sources: Set()

Total time: 0 s, completed 24.05.2016 17:39:54
> server-post-command-cleanup
> server-handle-next-server-request
> test
Evaluating tasks: test:test
Running task... Cancel: sbt.server.ServerTaskCancellation@7b834663, check cycles: false

Initial source changes: 
	removed:Set()
	added: Set()
	modified: Set()
Removed products: Set()
External API changes: API Changes: Set()
Modified binary dependencies: Set()
Initial directly invalidated sources: Set()

Sources indirectly invalidated by:
	product: Set()
	binary dep: Set()
	external source: Set()
All initially invalidated sources: Set()

Copy resource mappings: 
	

Initial source changes: 
	removed:Set()
	added: Set()
	modified: Set(/Users/lpfeiler/develop/github/ebs/scala/ebs/src/test/scala/EbsSpec.scala)
Removed products: Set()
External API changes: API Changes: Set()
Modified binary dependencies: Set()
Initial directly invalidated sources: Set(/Users/lpfeiler/develop/github/ebs/scala/ebs/src/test/scala/EbsSpec.scala)

Sources indirectly invalidated by:
	product: Set()
	binary dep: Set()
	external source: Set()
All initially invalidated sources: Set(/Users/lpfeiler/develop/github/ebs/scala/ebs/src/test/scala/EbsSpec.scala)

Recompiling all 1 sources: invalidated sources (1) exceeded 50.0% of all sources
Read from stdout: Compiling 1 Scala source to /Users/lpfeiler/develop/github/ebs/scala/ebs/target/scala-2.11/test-classes...
Compiling 1 Scala source to /Users/lpfeiler/develop/github/ebs/scala/ebs/target/scala-2.11/test-classes...
Getting compiler-interface from component compiler for Scala 2.11.7
Other repositories:
Default repositories:
Getting compiler-interface from component compiler for Scala 2.11.7
Other repositories:
Default repositories:
Running cached compiler 1692657a, interfacing (CompilerInterface) with Scala compiler version 2.11.7
Calling Scala compiler with arguments  (CompilerInterface):
	-bootclasspath
	/Library/Java/JavaVirtualMachines/jdk1.8.0_60.jdk/Contents/Home/jre/lib/resources.jar:/Library/Java/JavaVirtualMachines/jdk1.8.0_60.jdk/Contents/Home/jre/lib/rt.jar:/Library/Java/JavaVirtualMachines/jdk1.8.0_60.jdk/Contents/Home/jre/lib/sunrsasign.jar:/Library/Java/JavaVirtualMachines/jdk1.8.0_60.jdk/Contents/Home/jre/lib/jsse.jar:/Library/Java/JavaVirtualMachines/jdk1.8.0_60.jdk/Contents/Home/jre/lib/jce.jar:/Library/Java/JavaVirtualMachines/jdk1.8.0_60.jdk/Contents/Home/jre/lib/charsets.jar:/Library/Java/JavaVirtualMachines/jdk1.8.0_60.jdk/Contents/Home/jre/lib/jfr.jar:/Library/Java/JavaVirtualMachines/jdk1.8.0_60.jdk/Contents/Home/jre/classes:/Users/lpfeiler/.ivy2/cache/org.scala-lang/scala-library/jars/scala-library-2.11.7.jar
	-classpath
	/Users/lpfeiler/develop/github/ebs/scala/ebs/target/scala-2.11/test-classes:/Users/lpfeiler/develop/github/ebs/scala/ebs/target/scala-2.11/classes:/Users/lpfeiler/develop/scala/activator-dist-1.3.6/repository/org.scalatest/scalatest_2.11/2.2.4/bundles/scalatest_2.11.jar:/Users/lpfeiler/develop/scala/activator-dist-1.3.6/repository/org.scala-lang/scala-reflect/2.11.2/jars/scala-reflect.jar:/Users/lpfeiler/develop/scala/activator-dist-1.3.6/repository/org.scala-lang.modules/scala-xml_2.11/1.0.2/bundles/scala-xml_2.11.jar
Scala compilation took 0.958713565 s
New invalidations:
	Set()
Initial set of included nodes: Set()
Previously invalidated, but (transitively) depend on new invalidations:
	Set()
All newly invalidated sources after taking into account (previously) recompiled sources:Set()
Copy resource mappings: 
	
Framework implementation 'org.scalacheck.ScalaCheckFramework' not present.
Framework implementation 'org.specs2.runner.Specs2Framework' not present.
Framework implementation 'org.specs2.runner.SpecsFramework' not present.
Framework implementation 'org.specs.runner.SpecsFramework' not present.
Framework implementation 'com.novocode.junit.JUnitFramework' not present.
Subclass fingerprints: List((org.scalatest.Suite,false,org.scalatest.tools.Framework$$anon$1@740781f2))
Annotation fingerprints: List((org.scalatest.WrapWith,false,org.scalatest.tools.Framework$$anon$2@631031ce))
Running TaskDef(EbsSpec, org.scalatest.tools.Framework$$anon$1@740781f2, false, [SuiteSelector])
Read from stdout: EbsSpec:
Read from stdout: ebs
Read from stdout: - should be correct
Read from stdout: ebs
Read from stdout: - should fail with negative numbers *** FAILED ***
Read from stdout: Expected exception java.lang.IllegalArgumentException to be thrown, but org.scalatest.exceptions.TestFailedException was thrown. (EbsSpec.scala:15)
Read from stdout: ebsmod
Read from stdout: - should be correct
[32mEbsSpec:[0m
[32mebs[0m
[32m- should be correct[0m
[32mebs[0m
[31m- should fail with negative numbers *** FAILED ***[0m
[31m  Expected exception java.lang.IllegalArgumentException to be thrown, but org.scalatest.exceptions.TestFailedException was thrown. (EbsSpec.scala:15)[0m
[32mebsmod[0m
[32m- should be correct[0m
Read from stdout: Run completed in 173 milliseconds.
Read from stdout: Total number of tests run: 3
Read from stdout: Suites: completed 1, aborted 0
Read from stdout: Tests: succeeded 2, failed 1, canceled 0, ignored 0, pending 0
Read from stdout: *** 1 TEST FAILED ***
Run completed in 173 milliseconds.
Total number of tests run: 3
Suites: completed 1, aborted 0
Tests: succeeded 2, failed 1, canceled 0, ignored 0, pending 0
*** 1 TEST FAILED ***
Read from stdout: Failed tests:
Failed tests:
Read from stdout: 	EbsSpec
	EbsSpec
Read from stdout: (test:test) sbt.TestsFailedException: Tests unsuccessful
(test:test) sbt.TestsFailedException: Tests unsuccessful
Total time: 1 s, completed 24.05.2016 17:39:55
> server-post-command-error-handler
> server-post-command-cleanup
> server-handle-next-server-request
> compile
Evaluating tasks: compile:compile
Running task... Cancel: sbt.server.ServerTaskCancellation@2128f761, check cycles: false

Initial source changes: 
	removed:Set()
	added: Set()
	modified: Set()
Removed products: Set()
External API changes: API Changes: Set()
Modified binary dependencies: Set()
Initial directly invalidated sources: Set()

Sources indirectly invalidated by:
	product: Set()
	binary dep: Set()
	external source: Set()
All initially invalidated sources: Set()

Total time: 0 s, completed 24.05.2016 17:41:00
> server-post-command-cleanup
> server-handle-next-server-request
> test
Evaluating tasks: test:test
Running task... Cancel: sbt.server.ServerTaskCancellation@5f0a21b9, check cycles: false

Initial source changes: 
	removed:Set()
	added: Set()
	modified: Set()
Removed products: Set()
External API changes: API Changes: Set()
Modified binary dependencies: Set()
Initial directly invalidated sources: Set()

Sources indirectly invalidated by:
	product: Set()
	binary dep: Set()
	external source: Set()
All initially invalidated sources: Set()

Copy resource mappings: 
	

Initial source changes: 
	removed:Set()
	added: Set()
	modified: Set(/Users/lpfeiler/develop/github/ebs/scala/ebs/src/test/scala/EbsSpec.scala)
Removed products: Set()
External API changes: API Changes: Set()
Modified binary dependencies: Set()
Initial directly invalidated sources: Set(/Users/lpfeiler/develop/github/ebs/scala/ebs/src/test/scala/EbsSpec.scala)

Sources indirectly invalidated by:
	product: Set()
	binary dep: Set()
	external source: Set()
All initially invalidated sources: Set(/Users/lpfeiler/develop/github/ebs/scala/ebs/src/test/scala/EbsSpec.scala)

Recompiling all 1 sources: invalidated sources (1) exceeded 50.0% of all sources
Read from stdout: Compiling 1 Scala source to /Users/lpfeiler/develop/github/ebs/scala/ebs/target/scala-2.11/test-classes...
Compiling 1 Scala source to /Users/lpfeiler/develop/github/ebs/scala/ebs/target/scala-2.11/test-classes...
Getting compiler-interface from component compiler for Scala 2.11.7
Other repositories:
Default repositories:
Getting compiler-interface from component compiler for Scala 2.11.7
Other repositories:
Default repositories:
Running cached compiler 5d852759, interfacing (CompilerInterface) with Scala compiler version 2.11.7
Calling Scala compiler with arguments  (CompilerInterface):
	-bootclasspath
	/Library/Java/JavaVirtualMachines/jdk1.8.0_60.jdk/Contents/Home/jre/lib/resources.jar:/Library/Java/JavaVirtualMachines/jdk1.8.0_60.jdk/Contents/Home/jre/lib/rt.jar:/Library/Java/JavaVirtualMachines/jdk1.8.0_60.jdk/Contents/Home/jre/lib/sunrsasign.jar:/Library/Java/JavaVirtualMachines/jdk1.8.0_60.jdk/Contents/Home/jre/lib/jsse.jar:/Library/Java/JavaVirtualMachines/jdk1.8.0_60.jdk/Contents/Home/jre/lib/jce.jar:/Library/Java/JavaVirtualMachines/jdk1.8.0_60.jdk/Contents/Home/jre/lib/charsets.jar:/Library/Java/JavaVirtualMachines/jdk1.8.0_60.jdk/Contents/Home/jre/lib/jfr.jar:/Library/Java/JavaVirtualMachines/jdk1.8.0_60.jdk/Contents/Home/jre/classes:/Users/lpfeiler/.ivy2/cache/org.scala-lang/scala-library/jars/scala-library-2.11.7.jar
	-classpath
	/Users/lpfeiler/develop/github/ebs/scala/ebs/target/scala-2.11/test-classes:/Users/lpfeiler/develop/github/ebs/scala/ebs/target/scala-2.11/classes:/Users/lpfeiler/develop/scala/activator-dist-1.3.6/repository/org.scalatest/scalatest_2.11/2.2.4/bundles/scalatest_2.11.jar:/Users/lpfeiler/develop/scala/activator-dist-1.3.6/repository/org.scala-lang/scala-reflect/2.11.2/jars/scala-reflect.jar:/Users/lpfeiler/develop/scala/activator-dist-1.3.6/repository/org.scala-lang.modules/scala-xml_2.11/1.0.2/bundles/scala-xml_2.11.jar
Scala compilation took 0.852813928 s
New invalidations:
	Set()
Initial set of included nodes: Set()
Previously invalidated, but (transitively) depend on new invalidations:
	Set()
All newly invalidated sources after taking into account (previously) recompiled sources:Set()
Copy resource mappings: 
	
Framework implementation 'org.scalacheck.ScalaCheckFramework' not present.
Framework implementation 'org.specs2.runner.Specs2Framework' not present.
Framework implementation 'org.specs2.runner.SpecsFramework' not present.
Framework implementation 'org.specs.runner.SpecsFramework' not present.
Framework implementation 'com.novocode.junit.JUnitFramework' not present.
Subclass fingerprints: List((org.scalatest.Suite,false,org.scalatest.tools.Framework$$anon$1@715aab82))
Annotation fingerprints: List((org.scalatest.WrapWith,false,org.scalatest.tools.Framework$$anon$2@7b5ba7de))
Running TaskDef(EbsSpec, org.scalatest.tools.Framework$$anon$1@715aab82, false, [SuiteSelector])
Read from stdout: EbsSpec:
Read from stdout: ebs
Read from stdout: - should be correct
Read from stdout: ebs
Read from stdout: - should fail with negative exponent
Read from stdout: ebs
Read from stdout: - should fail with negative basis *** FAILED ***
Read from stdout: Expected exception java.lang.IllegalArgumentException to be thrown, but org.scalatest.exceptions.TestFailedException was thrown. (EbsSpec.scala:18)
Read from stdout: ebs
Read from stdout: - should fail with negative numbers
Read from stdout: ebsmod
Read from stdout: - should be correct
[32mEbsSpec:[0m
[32mebs[0m
[32m- should be correct[0m
[32mebs[0m
[32m- should fail with negative exponent[0m
[32mebs[0m
[31m- should fail with negative basis *** FAILED ***[0m
[31m  Expected exception java.lang.IllegalArgumentException to be thrown, but org.scalatest.exceptions.TestFailedException was thrown. (EbsSpec.scala:18)[0m
[32mebs[0m
[32m- should fail with negative numbers[0m
[32mebsmod[0m
[32m- should be correct[0m
Read from stdout: Run completed in 180 milliseconds.
Read from stdout: Total number of tests run: 5
Read from stdout: Suites: completed 1, aborted 0
Read from stdout: Tests: succeeded 4, failed 1, canceled 0, ignored 0, pending 0
Read from stdout: *** 1 TEST FAILED ***
Run completed in 180 milliseconds.
Total number of tests run: 5
Suites: completed 1, aborted 0
Tests: succeeded 4, failed 1, canceled 0, ignored 0, pending 0
*** 1 TEST FAILED ***
Read from stdout: Failed tests:
Failed tests:
Read from stdout: 	EbsSpec
	EbsSpec
Read from stdout: (test:test) sbt.TestsFailedException: Tests unsuccessful
(test:test) sbt.TestsFailedException: Tests unsuccessful
Total time: 1 s, completed 24.05.2016 17:41:01
> server-post-command-error-handler
> server-post-command-cleanup
> server-handle-next-server-request
> compile
Evaluating tasks: compile:compile
Running task... Cancel: sbt.server.ServerTaskCancellation@54aed5e6, check cycles: false

Initial source changes: 
	removed:Set()
	added: Set()
	modified: Set()
Removed products: Set()
External API changes: API Changes: Set()
Modified binary dependencies: Set()
Initial directly invalidated sources: Set()

Sources indirectly invalidated by:
	product: Set()
	binary dep: Set()
	external source: Set()
All initially invalidated sources: Set()

Total time: 0 s, completed 24.05.2016 17:42:01
> server-post-command-cleanup
> server-handle-next-server-request
> test
Evaluating tasks: test:test
Running task... Cancel: sbt.server.ServerTaskCancellation@12181544, check cycles: false

Initial source changes: 
	removed:Set()
	added: Set()
	modified: Set()
Removed products: Set()
External API changes: API Changes: Set()
Modified binary dependencies: Set()
Initial directly invalidated sources: Set()

Sources indirectly invalidated by:
	product: Set()
	binary dep: Set()
	external source: Set()
All initially invalidated sources: Set()

Copy resource mappings: 
	

Initial source changes: 
	removed:Set()
	added: Set()
	modified: Set(/Users/lpfeiler/develop/github/ebs/scala/ebs/src/test/scala/EbsSpec.scala)
Removed products: Set()
External API changes: API Changes: Set()
Modified binary dependencies: Set()
Initial directly invalidated sources: Set(/Users/lpfeiler/develop/github/ebs/scala/ebs/src/test/scala/EbsSpec.scala)

Sources indirectly invalidated by:
	product: Set()
	binary dep: Set()
	external source: Set()
All initially invalidated sources: Set(/Users/lpfeiler/develop/github/ebs/scala/ebs/src/test/scala/EbsSpec.scala)

Recompiling all 1 sources: invalidated sources (1) exceeded 50.0% of all sources
Read from stdout: Compiling 1 Scala source to /Users/lpfeiler/develop/github/ebs/scala/ebs/target/scala-2.11/test-classes...
Compiling 1 Scala source to /Users/lpfeiler/develop/github/ebs/scala/ebs/target/scala-2.11/test-classes...
Getting compiler-interface from component compiler for Scala 2.11.7
Other repositories:
Default repositories:
Getting compiler-interface from component compiler for Scala 2.11.7
Other repositories:
Default repositories:
Running cached compiler 585a6eb1, interfacing (CompilerInterface) with Scala compiler version 2.11.7
Calling Scala compiler with arguments  (CompilerInterface):
	-bootclasspath
	/Library/Java/JavaVirtualMachines/jdk1.8.0_60.jdk/Contents/Home/jre/lib/resources.jar:/Library/Java/JavaVirtualMachines/jdk1.8.0_60.jdk/Contents/Home/jre/lib/rt.jar:/Library/Java/JavaVirtualMachines/jdk1.8.0_60.jdk/Contents/Home/jre/lib/sunrsasign.jar:/Library/Java/JavaVirtualMachines/jdk1.8.0_60.jdk/Contents/Home/jre/lib/jsse.jar:/Library/Java/JavaVirtualMachines/jdk1.8.0_60.jdk/Contents/Home/jre/lib/jce.jar:/Library/Java/JavaVirtualMachines/jdk1.8.0_60.jdk/Contents/Home/jre/lib/charsets.jar:/Library/Java/JavaVirtualMachines/jdk1.8.0_60.jdk/Contents/Home/jre/lib/jfr.jar:/Library/Java/JavaVirtualMachines/jdk1.8.0_60.jdk/Contents/Home/jre/classes:/Users/lpfeiler/.ivy2/cache/org.scala-lang/scala-library/jars/scala-library-2.11.7.jar
	-classpath
	/Users/lpfeiler/develop/github/ebs/scala/ebs/target/scala-2.11/test-classes:/Users/lpfeiler/develop/github/ebs/scala/ebs/target/scala-2.11/classes:/Users/lpfeiler/develop/scala/activator-dist-1.3.6/repository/org.scalatest/scalatest_2.11/2.2.4/bundles/scalatest_2.11.jar:/Users/lpfeiler/develop/scala/activator-dist-1.3.6/repository/org.scala-lang/scala-reflect/2.11.2/jars/scala-reflect.jar:/Users/lpfeiler/develop/scala/activator-dist-1.3.6/repository/org.scala-lang.modules/scala-xml_2.11/1.0.2/bundles/scala-xml_2.11.jar
Scala compilation took 0.814867692 s
New invalidations:
	Set()
Initial set of included nodes: Set()
Previously invalidated, but (transitively) depend on new invalidations:
	Set()
All newly invalidated sources after taking into account (previously) recompiled sources:Set()
Copy resource mappings: 
	
Framework implementation 'org.scalacheck.ScalaCheckFramework' not present.
Framework implementation 'org.specs2.runner.Specs2Framework' not present.
Framework implementation 'org.specs2.runner.SpecsFramework' not present.
Framework implementation 'org.specs.runner.SpecsFramework' not present.
Framework implementation 'com.novocode.junit.JUnitFramework' not present.
Subclass fingerprints: List((org.scalatest.Suite,false,org.scalatest.tools.Framework$$anon$1@2f8f6146))
Annotation fingerprints: List((org.scalatest.WrapWith,false,org.scalatest.tools.Framework$$anon$2@7c0abc4d))
Running TaskDef(EbsSpec, org.scalatest.tools.Framework$$anon$1@2f8f6146, false, [SuiteSelector])
Read from stdout: EbsSpec:
Read from stdout: ebs
Read from stdout: - should be correct *** FAILED ***
Read from stdout: -536870912 did not equal 536870912 (EbsSpec.scala:8)
Read from stdout: ebs
Read from stdout: - should fail with negative exponent
Read from stdout: ebs
Read from stdout: - should fail with negative numbers
Read from stdout: ebsmod
Read from stdout: - should be correct
[32mEbsSpec:[0m
[32mebs[0m
[31m- should be correct *** FAILED ***[0m
[31m  -536870912 did not equal 536870912 (EbsSpec.scala:8)[0m
[32mebs[0m
[32m- should fail with negative exponent[0m
[32mebs[0m
[32m- should fail with negative numbers[0m
[32mebsmod[0m
[32m- should be correct[0m
Read from stdout: Run completed in 197 milliseconds.
Read from stdout: Total number of tests run: 4
Read from stdout: Suites: completed 1, aborted 0
Read from stdout: Tests: succeeded 3, failed 1, canceled 0, ignored 0, pending 0
Read from stdout: *** 1 TEST FAILED ***
Run completed in 197 milliseconds.
Total number of tests run: 4
Suites: completed 1, aborted 0
Tests: succeeded 3, failed 1, canceled 0, ignored 0, pending 0
*** 1 TEST FAILED ***
Read from stdout: Failed tests:
Failed tests:
Read from stdout: 	EbsSpec
	EbsSpec
Read from stdout: (test:test) sbt.TestsFailedException: Tests unsuccessful
(test:test) sbt.TestsFailedException: Tests unsuccessful
Total time: 1 s, completed 24.05.2016 17:42:03
> server-post-command-error-handler
> server-post-command-cleanup
> server-handle-next-server-request
> compile
Evaluating tasks: compile:compile
Running task... Cancel: sbt.server.ServerTaskCancellation@11f2f196, check cycles: false

Initial source changes: 
	removed:Set()
	added: Set()
	modified: Set()
Removed products: Set()
External API changes: API Changes: Set()
Modified binary dependencies: Set()
Initial directly invalidated sources: Set()

Sources indirectly invalidated by:
	product: Set()
	binary dep: Set()
	external source: Set()
All initially invalidated sources: Set()

Total time: 0 s, completed 24.05.2016 17:42:13
> server-post-command-cleanup
> server-handle-next-server-request
> test
Evaluating tasks: test:test
Running task... Cancel: sbt.server.ServerTaskCancellation@46dde773, check cycles: false

Initial source changes: 
	removed:Set()
	added: Set()
	modified: Set()
Removed products: Set()
External API changes: API Changes: Set()
Modified binary dependencies: Set()
Initial directly invalidated sources: Set()

Sources indirectly invalidated by:
	product: Set()
	binary dep: Set()
	external source: Set()
All initially invalidated sources: Set()

Copy resource mappings: 
	

Initial source changes: 
	removed:Set()
	added: Set()
	modified: Set(/Users/lpfeiler/develop/github/ebs/scala/ebs/src/test/scala/EbsSpec.scala)
Removed products: Set()
External API changes: API Changes: Set()
Modified binary dependencies: Set()
Initial directly invalidated sources: Set(/Users/lpfeiler/develop/github/ebs/scala/ebs/src/test/scala/EbsSpec.scala)

Sources indirectly invalidated by:
	product: Set()
	binary dep: Set()
	external source: Set()
All initially invalidated sources: Set(/Users/lpfeiler/develop/github/ebs/scala/ebs/src/test/scala/EbsSpec.scala)

Recompiling all 1 sources: invalidated sources (1) exceeded 50.0% of all sources
Read from stdout: Compiling 1 Scala source to /Users/lpfeiler/develop/github/ebs/scala/ebs/target/scala-2.11/test-classes...
Compiling 1 Scala source to /Users/lpfeiler/develop/github/ebs/scala/ebs/target/scala-2.11/test-classes...
Getting compiler-interface from component compiler for Scala 2.11.7
Other repositories:
Default repositories:
Getting compiler-interface from component compiler for Scala 2.11.7
Other repositories:
Default repositories:
Running cached compiler 73d2fe40, interfacing (CompilerInterface) with Scala compiler version 2.11.7
Calling Scala compiler with arguments  (CompilerInterface):
	-bootclasspath
	/Library/Java/JavaVirtualMachines/jdk1.8.0_60.jdk/Contents/Home/jre/lib/resources.jar:/Library/Java/JavaVirtualMachines/jdk1.8.0_60.jdk/Contents/Home/jre/lib/rt.jar:/Library/Java/JavaVirtualMachines/jdk1.8.0_60.jdk/Contents/Home/jre/lib/sunrsasign.jar:/Library/Java/JavaVirtualMachines/jdk1.8.0_60.jdk/Contents/Home/jre/lib/jsse.jar:/Library/Java/JavaVirtualMachines/jdk1.8.0_60.jdk/Contents/Home/jre/lib/jce.jar:/Library/Java/JavaVirtualMachines/jdk1.8.0_60.jdk/Contents/Home/jre/lib/charsets.jar:/Library/Java/JavaVirtualMachines/jdk1.8.0_60.jdk/Contents/Home/jre/lib/jfr.jar:/Library/Java/JavaVirtualMachines/jdk1.8.0_60.jdk/Contents/Home/jre/classes:/Users/lpfeiler/.ivy2/cache/org.scala-lang/scala-library/jars/scala-library-2.11.7.jar
	-classpath
	/Users/lpfeiler/develop/github/ebs/scala/ebs/target/scala-2.11/test-classes:/Users/lpfeiler/develop/github/ebs/scala/ebs/target/scala-2.11/classes:/Users/lpfeiler/develop/scala/activator-dist-1.3.6/repository/org.scalatest/scalatest_2.11/2.2.4/bundles/scalatest_2.11.jar:/Users/lpfeiler/develop/scala/activator-dist-1.3.6/repository/org.scala-lang/scala-reflect/2.11.2/jars/scala-reflect.jar:/Users/lpfeiler/develop/scala/activator-dist-1.3.6/repository/org.scala-lang.modules/scala-xml_2.11/1.0.2/bundles/scala-xml_2.11.jar
Scala compilation took 0.813682138 s
New invalidations:
	Set()
Initial set of included nodes: Set()
Previously invalidated, but (transitively) depend on new invalidations:
	Set()
All newly invalidated sources after taking into account (previously) recompiled sources:Set()
Copy resource mappings: 
	
Framework implementation 'org.scalacheck.ScalaCheckFramework' not present.
Framework implementation 'org.specs2.runner.Specs2Framework' not present.
Framework implementation 'org.specs2.runner.SpecsFramework' not present.
Framework implementation 'org.specs.runner.SpecsFramework' not present.
Framework implementation 'com.novocode.junit.JUnitFramework' not present.
Subclass fingerprints: List((org.scalatest.Suite,false,org.scalatest.tools.Framework$$anon$1@715764b8))
Annotation fingerprints: List((org.scalatest.WrapWith,false,org.scalatest.tools.Framework$$anon$2@78b9b7dc))
Running TaskDef(EbsSpec, org.scalatest.tools.Framework$$anon$1@715764b8, false, [SuiteSelector])
Read from stdout: EbsSpec:
Read from stdout: ebs
Read from stdout: - should be correct
Read from stdout: ebs
Read from stdout: - should fail with negative exponent
Read from stdout: ebs
Read from stdout: - should fail with negative numbers
Read from stdout: ebsmod
Read from stdout: - should be correct
[32mEbsSpec:[0m
[32mebs[0m
[32m- should be correct[0m
[32mebs[0m
[32m- should fail with negative exponent[0m
[32mebs[0m
[32m- should fail with negative numbers[0m
[32mebsmod[0m
[32m- should be correct[0m
Read from stdout: Run completed in 170 milliseconds.
Read from stdout: Total number of tests run: 4
Read from stdout: Suites: completed 1, aborted 0
Read from stdout: Tests: succeeded 4, failed 0, canceled 0, ignored 0, pending 0
Read from stdout: All tests passed.
Run completed in 170 milliseconds.
Total number of tests run: 4
Suites: completed 1, aborted 0
Tests: succeeded 4, failed 0, canceled 0, ignored 0, pending 0
All tests passed.
Passed tests:
	EbsSpec
Total time: 1 s, completed 24.05.2016 17:42:15
> server-post-command-cleanup
> server-handle-next-server-request
> compile
Evaluating tasks: compile:compile
Running task... Cancel: sbt.server.ServerTaskCancellation@75005c2d, check cycles: false

Initial source changes: 
	removed:Set()
	added: Set()
	modified: Set()
Removed products: Set()
External API changes: API Changes: Set()
Modified binary dependencies: Set()
Initial directly invalidated sources: Set()

Sources indirectly invalidated by:
	product: Set()
	binary dep: Set()
	external source: Set()
All initially invalidated sources: Set()

Total time: 0 s, completed 24.05.2016 17:42:47
> server-post-command-cleanup
> server-handle-next-server-request
> test
Evaluating tasks: test:test
Running task... Cancel: sbt.server.ServerTaskCancellation@546e9631, check cycles: false

Initial source changes: 
	removed:Set()
	added: Set()
	modified: Set()
Removed products: Set()
External API changes: API Changes: Set()
Modified binary dependencies: Set()
Initial directly invalidated sources: Set()

Sources indirectly invalidated by:
	product: Set()
	binary dep: Set()
	external source: Set()
All initially invalidated sources: Set()

Copy resource mappings: 
	

Initial source changes: 
	removed:Set()
	added: Set()
	modified: Set(/Users/lpfeiler/develop/github/ebs/scala/ebs/src/test/scala/EbsSpec.scala)
Removed products: Set()
External API changes: API Changes: Set()
Modified binary dependencies: Set()
Initial directly invalidated sources: Set(/Users/lpfeiler/develop/github/ebs/scala/ebs/src/test/scala/EbsSpec.scala)

Sources indirectly invalidated by:
	product: Set()
	binary dep: Set()
	external source: Set()
All initially invalidated sources: Set(/Users/lpfeiler/develop/github/ebs/scala/ebs/src/test/scala/EbsSpec.scala)

Recompiling all 1 sources: invalidated sources (1) exceeded 50.0% of all sources
Read from stdout: Compiling 1 Scala source to /Users/lpfeiler/develop/github/ebs/scala/ebs/target/scala-2.11/test-classes...
Compiling 1 Scala source to /Users/lpfeiler/develop/github/ebs/scala/ebs/target/scala-2.11/test-classes...
Getting compiler-interface from component compiler for Scala 2.11.7
Other repositories:
Default repositories:
Getting compiler-interface from component compiler for Scala 2.11.7
Other repositories:
Default repositories:
Running cached compiler 411a4d57, interfacing (CompilerInterface) with Scala compiler version 2.11.7
Calling Scala compiler with arguments  (CompilerInterface):
	-bootclasspath
	/Library/Java/JavaVirtualMachines/jdk1.8.0_60.jdk/Contents/Home/jre/lib/resources.jar:/Library/Java/JavaVirtualMachines/jdk1.8.0_60.jdk/Contents/Home/jre/lib/rt.jar:/Library/Java/JavaVirtualMachines/jdk1.8.0_60.jdk/Contents/Home/jre/lib/sunrsasign.jar:/Library/Java/JavaVirtualMachines/jdk1.8.0_60.jdk/Contents/Home/jre/lib/jsse.jar:/Library/Java/JavaVirtualMachines/jdk1.8.0_60.jdk/Contents/Home/jre/lib/jce.jar:/Library/Java/JavaVirtualMachines/jdk1.8.0_60.jdk/Contents/Home/jre/lib/charsets.jar:/Library/Java/JavaVirtualMachines/jdk1.8.0_60.jdk/Contents/Home/jre/lib/jfr.jar:/Library/Java/JavaVirtualMachines/jdk1.8.0_60.jdk/Contents/Home/jre/classes:/Users/lpfeiler/.ivy2/cache/org.scala-lang/scala-library/jars/scala-library-2.11.7.jar
	-classpath
	/Users/lpfeiler/develop/github/ebs/scala/ebs/target/scala-2.11/test-classes:/Users/lpfeiler/develop/github/ebs/scala/ebs/target/scala-2.11/classes:/Users/lpfeiler/develop/scala/activator-dist-1.3.6/repository/org.scalatest/scalatest_2.11/2.2.4/bundles/scalatest_2.11.jar:/Users/lpfeiler/develop/scala/activator-dist-1.3.6/repository/org.scala-lang/scala-reflect/2.11.2/jars/scala-reflect.jar:/Users/lpfeiler/develop/scala/activator-dist-1.3.6/repository/org.scala-lang.modules/scala-xml_2.11/1.0.2/bundles/scala-xml_2.11.jar
Scala compilation took 0.920152261 s
New invalidations:
	Set()
Initial set of included nodes: Set()
Previously invalidated, but (transitively) depend on new invalidations:
	Set()
All newly invalidated sources after taking into account (previously) recompiled sources:Set()
Copy resource mappings: 
	
Framework implementation 'org.scalacheck.ScalaCheckFramework' not present.
Framework implementation 'org.specs2.runner.Specs2Framework' not present.
Framework implementation 'org.specs2.runner.SpecsFramework' not present.
Framework implementation 'org.specs.runner.SpecsFramework' not present.
Framework implementation 'com.novocode.junit.JUnitFramework' not present.
Subclass fingerprints: List((org.scalatest.Suite,false,org.scalatest.tools.Framework$$anon$1@2e585339))
Annotation fingerprints: List((org.scalatest.WrapWith,false,org.scalatest.tools.Framework$$anon$2@401ebdfe))
Running TaskDef(EbsSpec, org.scalatest.tools.Framework$$anon$1@2e585339, false, [SuiteSelector])
Read from stdout: EbsSpec:
Read from stdout: ebs
Read from stdout: - should be correct
Read from stdout: ebs
Read from stdout: - should fail with negative exponent
Read from stdout: ebsmod
Read from stdout: - should be correct
[32mEbsSpec:[0m
[32mebs[0m
[32m- should be correct[0m
[32mebs[0m
[32m- should fail with negative exponent[0m
[32mebsmod[0m
[32m- should be correct[0m
Read from stdout: Run completed in 171 milliseconds.
Read from stdout: Total number of tests run: 3
Read from stdout: Suites: completed 1, aborted 0
Read from stdout: Tests: succeeded 3, failed 0, canceled 0, ignored 0, pending 0
Read from stdout: All tests passed.
Run completed in 171 milliseconds.
Total number of tests run: 3
Suites: completed 1, aborted 0
Tests: succeeded 3, failed 0, canceled 0, ignored 0, pending 0
All tests passed.
Passed tests:
	EbsSpec
Total time: 1 s, completed 24.05.2016 17:42:49
> server-post-command-cleanup
> server-handle-next-server-request
> compile
Evaluating tasks: compile:compile
Running task... Cancel: sbt.server.ServerTaskCancellation@45d516b5, check cycles: false

Initial source changes: 
	removed:Set()
	added: Set()
	modified: Set()
Removed products: Set()
External API changes: API Changes: Set()
Modified binary dependencies: Set()
Initial directly invalidated sources: Set()

Sources indirectly invalidated by:
	product: Set()
	binary dep: Set()
	external source: Set()
All initially invalidated sources: Set()

Total time: 0 s, completed 24.05.2016 17:43:22
> server-post-command-cleanup
> server-handle-next-server-request
> test
Evaluating tasks: test:test
Running task... Cancel: sbt.server.ServerTaskCancellation@512c8243, check cycles: false

Initial source changes: 
	removed:Set()
	added: Set()
	modified: Set()
Removed products: Set()
External API changes: API Changes: Set()
Modified binary dependencies: Set()
Initial directly invalidated sources: Set()

Sources indirectly invalidated by:
	product: Set()
	binary dep: Set()
	external source: Set()
All initially invalidated sources: Set()

Copy resource mappings: 
	

Initial source changes: 
	removed:Set()
	added: Set()
	modified: Set(/Users/lpfeiler/develop/github/ebs/scala/ebs/src/test/scala/EbsSpec.scala)
Removed products: Set()
External API changes: API Changes: Set()
Modified binary dependencies: Set()
Initial directly invalidated sources: Set(/Users/lpfeiler/develop/github/ebs/scala/ebs/src/test/scala/EbsSpec.scala)

Sources indirectly invalidated by:
	product: Set()
	binary dep: Set()
	external source: Set()
All initially invalidated sources: Set(/Users/lpfeiler/develop/github/ebs/scala/ebs/src/test/scala/EbsSpec.scala)

Recompiling all 1 sources: invalidated sources (1) exceeded 50.0% of all sources
Read from stdout: Compiling 1 Scala source to /Users/lpfeiler/develop/github/ebs/scala/ebs/target/scala-2.11/test-classes...
Compiling 1 Scala source to /Users/lpfeiler/develop/github/ebs/scala/ebs/target/scala-2.11/test-classes...
Getting compiler-interface from component compiler for Scala 2.11.7
Other repositories:
Default repositories:
Getting compiler-interface from component compiler for Scala 2.11.7
Other repositories:
Default repositories:
Running cached compiler 22f0a7e8, interfacing (CompilerInterface) with Scala compiler version 2.11.7
Calling Scala compiler with arguments  (CompilerInterface):
	-bootclasspath
	/Library/Java/JavaVirtualMachines/jdk1.8.0_60.jdk/Contents/Home/jre/lib/resources.jar:/Library/Java/JavaVirtualMachines/jdk1.8.0_60.jdk/Contents/Home/jre/lib/rt.jar:/Library/Java/JavaVirtualMachines/jdk1.8.0_60.jdk/Contents/Home/jre/lib/sunrsasign.jar:/Library/Java/JavaVirtualMachines/jdk1.8.0_60.jdk/Contents/Home/jre/lib/jsse.jar:/Library/Java/JavaVirtualMachines/jdk1.8.0_60.jdk/Contents/Home/jre/lib/jce.jar:/Library/Java/JavaVirtualMachines/jdk1.8.0_60.jdk/Contents/Home/jre/lib/charsets.jar:/Library/Java/JavaVirtualMachines/jdk1.8.0_60.jdk/Contents/Home/jre/lib/jfr.jar:/Library/Java/JavaVirtualMachines/jdk1.8.0_60.jdk/Contents/Home/jre/classes:/Users/lpfeiler/.ivy2/cache/org.scala-lang/scala-library/jars/scala-library-2.11.7.jar
	-classpath
	/Users/lpfeiler/develop/github/ebs/scala/ebs/target/scala-2.11/test-classes:/Users/lpfeiler/develop/github/ebs/scala/ebs/target/scala-2.11/classes:/Users/lpfeiler/develop/scala/activator-dist-1.3.6/repository/org.scalatest/scalatest_2.11/2.2.4/bundles/scalatest_2.11.jar:/Users/lpfeiler/develop/scala/activator-dist-1.3.6/repository/org.scala-lang/scala-reflect/2.11.2/jars/scala-reflect.jar:/Users/lpfeiler/develop/scala/activator-dist-1.3.6/repository/org.scala-lang.modules/scala-xml_2.11/1.0.2/bundles/scala-xml_2.11.jar
Scala compilation took 0.779659863 s
New invalidations:
	Set()
Initial set of included nodes: Set()
Previously invalidated, but (transitively) depend on new invalidations:
	Set()
All newly invalidated sources after taking into account (previously) recompiled sources:Set()
Copy resource mappings: 
	
Framework implementation 'org.scalacheck.ScalaCheckFramework' not present.
Framework implementation 'org.specs2.runner.Specs2Framework' not present.
Framework implementation 'org.specs2.runner.SpecsFramework' not present.
Framework implementation 'org.specs.runner.SpecsFramework' not present.
Framework implementation 'com.novocode.junit.JUnitFramework' not present.
Subclass fingerprints: List((org.scalatest.Suite,false,org.scalatest.tools.Framework$$anon$1@1eae2365))
Annotation fingerprints: List((org.scalatest.WrapWith,false,org.scalatest.tools.Framework$$anon$2@1b3da5fc))
Running TaskDef(EbsSpec, org.scalatest.tools.Framework$$anon$1@1eae2365, false, [SuiteSelector])
Duplicate test name: ebsmod should be correct
org.scalatest.exceptions.DuplicateTestNameException: Duplicate test name: ebsmod should be correct
	at org.scalatest.SuperEngine.registerTest(Engine.scala:667)
	at org.scalatest.FlatSpecLike$class.org$scalatest$FlatSpecLike$$registerTestToRun(FlatSpecLike.scala:124)
	at org.scalatest.FlatSpecLike$InAndIgnoreMethods.in(FlatSpecLike.scala:1375)
	at EbsSpec.<init>(EbsSpec.scala:22)
	at sun.reflect.NativeConstructorAccessorImpl.newInstance0(Native Method)
	at sun.reflect.NativeConstructorAccessorImpl.newInstance(NativeConstructorAccessorImpl.java:62)
	at sun.reflect.DelegatingConstructorAccessorImpl.newInstance(DelegatingConstructorAccessorImpl.java:45)
	at java.lang.reflect.Constructor.newInstance(Constructor.java:422)
	at java.lang.Class.newInstance(Class.java:442)
	at org.scalatest.tools.Framework$ScalaTestTask.execute(Framework.scala:646)
	at sbt.TestRunner.runTest$1(TestFramework.scala:76)
	at sbt.TestRunner.run(TestFramework.scala:85)
	at sbt.TestFramework$$anon$2$$anonfun$$init$$1$$anonfun$apply$8.apply(TestFramework.scala:202)
	at sbt.TestFramework$$anon$2$$anonfun$$init$$1$$anonfun$apply$8.apply(TestFramework.scala:202)
	at sbt.TestFramework$.sbt$TestFramework$$withContextLoader(TestFramework.scala:185)
	at sbt.TestFramework$$anon$2$$anonfun$$init$$1.apply(TestFramework.scala:202)
	at sbt.TestFramework$$anon$2$$anonfun$$init$$1.apply(TestFramework.scala:202)
	at sbt.TestFunction.apply(TestFramework.scala:207)
	at sbt.Tests$$anonfun$9.apply(Tests.scala:216)
	at sbt.Tests$$anonfun$9.apply(Tests.scala:216)
	at sbt.std.Transform$$anon$3$$anonfun$apply$2.apply(System.scala:44)
	at sbt.std.Transform$$anon$3$$anonfun$apply$2.apply(System.scala:44)
	at sbt.std.Transform$$anon$4.work(System.scala:63)
	at sbt.Execute$$anonfun$submit$1$$anonfun$apply$1.apply(Execute.scala:226)
	at sbt.Execute$$anonfun$submit$1$$anonfun$apply$1.apply(Execute.scala:226)
	at sbt.ErrorHandling$.wideConvert(ErrorHandling.scala:17)
	at sbt.Execute.work(Execute.scala:235)
	at sbt.Execute$$anonfun$submit$1.apply(Execute.scala:226)
	at sbt.Execute$$anonfun$submit$1.apply(Execute.scala:226)
	at sbt.ConcurrentRestrictions$$anon$4$$anonfun$1.apply(ConcurrentRestrictions.scala:159)
	at sbt.CompletionService$$anon$2.call(CompletionService.scala:28)
	at java.util.concurrent.FutureTask.run(FutureTask.java:266)
	at java.util.concurrent.Executors$RunnableAdapter.call(Executors.java:511)
	at java.util.concurrent.FutureTask.run(FutureTask.java:266)
	at java.util.concurrent.ThreadPoolExecutor.runWorker(ThreadPoolExecutor.java:1142)
	at java.util.concurrent.ThreadPoolExecutor$Worker.run(ThreadPoolExecutor.java:617)
	at java.lang.Thread.run(Thread.java:745)
Read from stdout: Could not run test EbsSpec: org.scalatest.exceptions.DuplicateTestNameException: Duplicate test name: ebsmod should be correct
Could not run test EbsSpec: org.scalatest.exceptions.DuplicateTestNameException: Duplicate test name: ebsmod should be correct
Read from stdout: Run completed in 126 milliseconds.
Read from stdout: Total number of tests run: 0
Read from stdout: Suites: completed 0, aborted 0
Read from stdout: Tests: succeeded 0, failed 0, canceled 0, ignored 0, pending 0
Read from stdout: No tests were executed.
Run completed in 126 milliseconds.
Total number of tests run: 0
Suites: completed 0, aborted 0
Tests: succeeded 0, failed 0, canceled 0, ignored 0, pending 0
No tests were executed.
Read from stdout: Error during tests:
Error during tests:
Read from stdout: 	EbsSpec
	EbsSpec
Read from stdout: (test:test) sbt.TestsFailedException: Tests unsuccessful
(test:test) sbt.TestsFailedException: Tests unsuccessful
Total time: 1 s, completed 24.05.2016 17:43:23
> server-post-command-error-handler
> server-post-command-cleanup
> server-handle-next-server-request
> compile
Evaluating tasks: compile:compile
Running task... Cancel: sbt.server.ServerTaskCancellation@2ce9b4c9, check cycles: false

Initial source changes: 
	removed:Set()
	added: Set()
	modified: Set()
Removed products: Set()
External API changes: API Changes: Set()
Modified binary dependencies: Set()
Initial directly invalidated sources: Set()

Sources indirectly invalidated by:
	product: Set()
	binary dep: Set()
	external source: Set()
All initially invalidated sources: Set()

Total time: 0 s, completed 24.05.2016 17:43:53
> server-post-command-cleanup
> server-handle-next-server-request
> test
Evaluating tasks: test:test
Running task... Cancel: sbt.server.ServerTaskCancellation@10237ca9, check cycles: false

Initial source changes: 
	removed:Set()
	added: Set()
	modified: Set()
Removed products: Set()
External API changes: API Changes: Set()
Modified binary dependencies: Set()
Initial directly invalidated sources: Set()

Sources indirectly invalidated by:
	product: Set()
	binary dep: Set()
	external source: Set()
All initially invalidated sources: Set()

Copy resource mappings: 
	

Initial source changes: 
	removed:Set()
	added: Set()
	modified: Set(/Users/lpfeiler/develop/github/ebs/scala/ebs/src/test/scala/EbsSpec.scala)
Removed products: Set()
External API changes: API Changes: Set()
Modified binary dependencies: Set()
Initial directly invalidated sources: Set(/Users/lpfeiler/develop/github/ebs/scala/ebs/src/test/scala/EbsSpec.scala)

Sources indirectly invalidated by:
	product: Set()
	binary dep: Set()
	external source: Set()
All initially invalidated sources: Set(/Users/lpfeiler/develop/github/ebs/scala/ebs/src/test/scala/EbsSpec.scala)

Recompiling all 1 sources: invalidated sources (1) exceeded 50.0% of all sources
Read from stdout: Compiling 1 Scala source to /Users/lpfeiler/develop/github/ebs/scala/ebs/target/scala-2.11/test-classes...
Compiling 1 Scala source to /Users/lpfeiler/develop/github/ebs/scala/ebs/target/scala-2.11/test-classes...
Getting compiler-interface from component compiler for Scala 2.11.7
Other repositories:
Default repositories:
Getting compiler-interface from component compiler for Scala 2.11.7
Other repositories:
Default repositories:
Running cached compiler 671444b2, interfacing (CompilerInterface) with Scala compiler version 2.11.7
Calling Scala compiler with arguments  (CompilerInterface):
	-bootclasspath
	/Library/Java/JavaVirtualMachines/jdk1.8.0_60.jdk/Contents/Home/jre/lib/resources.jar:/Library/Java/JavaVirtualMachines/jdk1.8.0_60.jdk/Contents/Home/jre/lib/rt.jar:/Library/Java/JavaVirtualMachines/jdk1.8.0_60.jdk/Contents/Home/jre/lib/sunrsasign.jar:/Library/Java/JavaVirtualMachines/jdk1.8.0_60.jdk/Contents/Home/jre/lib/jsse.jar:/Library/Java/JavaVirtualMachines/jdk1.8.0_60.jdk/Contents/Home/jre/lib/jce.jar:/Library/Java/JavaVirtualMachines/jdk1.8.0_60.jdk/Contents/Home/jre/lib/charsets.jar:/Library/Java/JavaVirtualMachines/jdk1.8.0_60.jdk/Contents/Home/jre/lib/jfr.jar:/Library/Java/JavaVirtualMachines/jdk1.8.0_60.jdk/Contents/Home/jre/classes:/Users/lpfeiler/.ivy2/cache/org.scala-lang/scala-library/jars/scala-library-2.11.7.jar
	-classpath
	/Users/lpfeiler/develop/github/ebs/scala/ebs/target/scala-2.11/test-classes:/Users/lpfeiler/develop/github/ebs/scala/ebs/target/scala-2.11/classes:/Users/lpfeiler/develop/scala/activator-dist-1.3.6/repository/org.scalatest/scalatest_2.11/2.2.4/bundles/scalatest_2.11.jar:/Users/lpfeiler/develop/scala/activator-dist-1.3.6/repository/org.scala-lang/scala-reflect/2.11.2/jars/scala-reflect.jar:/Users/lpfeiler/develop/scala/activator-dist-1.3.6/repository/org.scala-lang.modules/scala-xml_2.11/1.0.2/bundles/scala-xml_2.11.jar
Scala compilation took 0.759998903 s
New invalidations:
	Set()
Initial set of included nodes: Set()
Previously invalidated, but (transitively) depend on new invalidations:
	Set()
All newly invalidated sources after taking into account (previously) recompiled sources:Set()
Copy resource mappings: 
	
Framework implementation 'org.scalacheck.ScalaCheckFramework' not present.
Framework implementation 'org.specs2.runner.Specs2Framework' not present.
Framework implementation 'org.specs2.runner.SpecsFramework' not present.
Framework implementation 'org.specs.runner.SpecsFramework' not present.
Framework implementation 'com.novocode.junit.JUnitFramework' not present.
Subclass fingerprints: List((org.scalatest.Suite,false,org.scalatest.tools.Framework$$anon$1@fb43e49))
Annotation fingerprints: List((org.scalatest.WrapWith,false,org.scalatest.tools.Framework$$anon$2@745b9f7f))
Running TaskDef(EbsSpec, org.scalatest.tools.Framework$$anon$1@fb43e49, false, [SuiteSelector])
Read from stdout: EbsSpec:
Read from stdout: ebs
Read from stdout: - should be correct
Read from stdout: ebs
Read from stdout: - should fail with negative exponent
Read from stdout: ebsmod
Read from stdout: - should be correct
Read from stdout: ebsmod
Read from stdout: - should fail with negativ base
[32mEbsSpec:[0m
[32mebs[0m
[32m- should be correct[0m
[32mebs[0m
[32m- should fail with negative exponent[0m
[32mebsmod[0m
[32m- should be correct[0m
[32mebsmod[0m
[32m- should fail with negativ base[0m
Read from stdout: Run completed in 155 milliseconds.
Read from stdout: Total number of tests run: 4
Read from stdout: Suites: completed 1, aborted 0
Read from stdout: Tests: succeeded 4, failed 0, canceled 0, ignored 0, pending 0
Read from stdout: All tests passed.
Run completed in 155 milliseconds.
Total number of tests run: 4
Suites: completed 1, aborted 0
Tests: succeeded 4, failed 0, canceled 0, ignored 0, pending 0
All tests passed.
Passed tests:
	EbsSpec
Total time: 1 s, completed 24.05.2016 17:43:55
> server-post-command-cleanup
> server-handle-next-server-request
> compile
Evaluating tasks: compile:compile
Running task... Cancel: sbt.server.ServerTaskCancellation@488ff893, check cycles: false

Initial source changes: 
	removed:Set()
	added: Set()
	modified: Set()
Removed products: Set()
External API changes: API Changes: Set()
Modified binary dependencies: Set()
Initial directly invalidated sources: Set()

Sources indirectly invalidated by:
	product: Set()
	binary dep: Set()
	external source: Set()
All initially invalidated sources: Set()

Total time: 0 s, completed 24.05.2016 17:44:15
> server-post-command-cleanup
> server-handle-next-server-request
> test
Evaluating tasks: test:test
Running task... Cancel: sbt.server.ServerTaskCancellation@54c6063e, check cycles: false

Initial source changes: 
	removed:Set()
	added: Set()
	modified: Set()
Removed products: Set()
External API changes: API Changes: Set()
Modified binary dependencies: Set()
Initial directly invalidated sources: Set()

Sources indirectly invalidated by:
	product: Set()
	binary dep: Set()
	external source: Set()
All initially invalidated sources: Set()

Copy resource mappings: 
	

Initial source changes: 
	removed:Set()
	added: Set()
	modified: Set(/Users/lpfeiler/develop/github/ebs/scala/ebs/src/test/scala/EbsSpec.scala)
Removed products: Set()
External API changes: API Changes: Set()
Modified binary dependencies: Set()
Initial directly invalidated sources: Set(/Users/lpfeiler/develop/github/ebs/scala/ebs/src/test/scala/EbsSpec.scala)

Sources indirectly invalidated by:
	product: Set()
	binary dep: Set()
	external source: Set()
All initially invalidated sources: Set(/Users/lpfeiler/develop/github/ebs/scala/ebs/src/test/scala/EbsSpec.scala)

Recompiling all 1 sources: invalidated sources (1) exceeded 50.0% of all sources
Read from stdout: Compiling 1 Scala source to /Users/lpfeiler/develop/github/ebs/scala/ebs/target/scala-2.11/test-classes...
Compiling 1 Scala source to /Users/lpfeiler/develop/github/ebs/scala/ebs/target/scala-2.11/test-classes...
Getting compiler-interface from component compiler for Scala 2.11.7
Other repositories:
Default repositories:
Getting compiler-interface from component compiler for Scala 2.11.7
Other repositories:
Default repositories:
Running cached compiler 2f1f23e0, interfacing (CompilerInterface) with Scala compiler version 2.11.7
Calling Scala compiler with arguments  (CompilerInterface):
	-bootclasspath
	/Library/Java/JavaVirtualMachines/jdk1.8.0_60.jdk/Contents/Home/jre/lib/resources.jar:/Library/Java/JavaVirtualMachines/jdk1.8.0_60.jdk/Contents/Home/jre/lib/rt.jar:/Library/Java/JavaVirtualMachines/jdk1.8.0_60.jdk/Contents/Home/jre/lib/sunrsasign.jar:/Library/Java/JavaVirtualMachines/jdk1.8.0_60.jdk/Contents/Home/jre/lib/jsse.jar:/Library/Java/JavaVirtualMachines/jdk1.8.0_60.jdk/Contents/Home/jre/lib/jce.jar:/Library/Java/JavaVirtualMachines/jdk1.8.0_60.jdk/Contents/Home/jre/lib/charsets.jar:/Library/Java/JavaVirtualMachines/jdk1.8.0_60.jdk/Contents/Home/jre/lib/jfr.jar:/Library/Java/JavaVirtualMachines/jdk1.8.0_60.jdk/Contents/Home/jre/classes:/Users/lpfeiler/.ivy2/cache/org.scala-lang/scala-library/jars/scala-library-2.11.7.jar
	-classpath
	/Users/lpfeiler/develop/github/ebs/scala/ebs/target/scala-2.11/test-classes:/Users/lpfeiler/develop/github/ebs/scala/ebs/target/scala-2.11/classes:/Users/lpfeiler/develop/scala/activator-dist-1.3.6/repository/org.scalatest/scalatest_2.11/2.2.4/bundles/scalatest_2.11.jar:/Users/lpfeiler/develop/scala/activator-dist-1.3.6/repository/org.scala-lang/scala-reflect/2.11.2/jars/scala-reflect.jar:/Users/lpfeiler/develop/scala/activator-dist-1.3.6/repository/org.scala-lang.modules/scala-xml_2.11/1.0.2/bundles/scala-xml_2.11.jar
Scala compilation took 0.92850009 s
New invalidations:
	Set()
Initial set of included nodes: Set()
Previously invalidated, but (transitively) depend on new invalidations:
	Set()
All newly invalidated sources after taking into account (previously) recompiled sources:Set()
Copy resource mappings: 
	
Framework implementation 'org.scalacheck.ScalaCheckFramework' not present.
Framework implementation 'org.specs2.runner.Specs2Framework' not present.
Framework implementation 'org.specs2.runner.SpecsFramework' not present.
Framework implementation 'org.specs.runner.SpecsFramework' not present.
Framework implementation 'com.novocode.junit.JUnitFramework' not present.
Subclass fingerprints: List((org.scalatest.Suite,false,org.scalatest.tools.Framework$$anon$1@ea7711))
Annotation fingerprints: List((org.scalatest.WrapWith,false,org.scalatest.tools.Framework$$anon$2@b82b0d))
Running TaskDef(EbsSpec, org.scalatest.tools.Framework$$anon$1@ea7711, false, [SuiteSelector])
Read from stdout: EbsSpec:
Read from stdout: ebs
Read from stdout: - should be correct
Read from stdout: ebs
Read from stdout: - should fail with negative exponent
Read from stdout: ebsmod
Read from stdout: - should be correct
Read from stdout: ebsmod
Read from stdout: - should fail with negativ base
Read from stdout: ebsmod
Read from stdout: - should fail with negativ exponent
[32mEbsSpec:[0m
[32mebs[0m
[32m- should be correct[0m
[32mebs[0m
[32m- should fail with negative exponent[0m
[32mebsmod[0m
[32m- should be correct[0m
[32mebsmod[0m
[32m- should fail with negativ base[0m
[32mebsmod[0m
[32m- should fail with negativ exponent[0m
Read from stdout: Run completed in 186 milliseconds.
Read from stdout: Total number of tests run: 5
Read from stdout: Suites: completed 1, aborted 0
Read from stdout: Tests: succeeded 5, failed 0, canceled 0, ignored 0, pending 0
Read from stdout: All tests passed.
Run completed in 186 milliseconds.
Total number of tests run: 5
Suites: completed 1, aborted 0
Tests: succeeded 5, failed 0, canceled 0, ignored 0, pending 0
All tests passed.
Passed tests:
	EbsSpec
Total time: 1 s, completed 24.05.2016 17:44:16
> server-post-command-cleanup
> server-handle-next-server-request
> compile
Evaluating tasks: compile:compile
Running task... Cancel: sbt.server.ServerTaskCancellation@3286d5c2, check cycles: false

Initial source changes: 
	removed:Set()
	added: Set()
	modified: Set()
Removed products: Set()
External API changes: API Changes: Set()
Modified binary dependencies: Set()
Initial directly invalidated sources: Set()

Sources indirectly invalidated by:
	product: Set()
	binary dep: Set()
	external source: Set()
All initially invalidated sources: Set()

Total time: 0 s, completed 24.05.2016 17:45:30
> server-post-command-cleanup
> server-handle-next-server-request
> test
Evaluating tasks: test:test
Running task... Cancel: sbt.server.ServerTaskCancellation@35361dec, check cycles: false

Initial source changes: 
	removed:Set()
	added: Set()
	modified: Set()
Removed products: Set()
External API changes: API Changes: Set()
Modified binary dependencies: Set()
Initial directly invalidated sources: Set()

Sources indirectly invalidated by:
	product: Set()
	binary dep: Set()
	external source: Set()
All initially invalidated sources: Set()

Copy resource mappings: 
	

Initial source changes: 
	removed:Set()
	added: Set()
	modified: Set(/Users/lpfeiler/develop/github/ebs/scala/ebs/src/test/scala/EbsSpec.scala)
Removed products: Set()
External API changes: API Changes: Set()
Modified binary dependencies: Set()
Initial directly invalidated sources: Set(/Users/lpfeiler/develop/github/ebs/scala/ebs/src/test/scala/EbsSpec.scala)

Sources indirectly invalidated by:
	product: Set()
	binary dep: Set()
	external source: Set()
All initially invalidated sources: Set(/Users/lpfeiler/develop/github/ebs/scala/ebs/src/test/scala/EbsSpec.scala)

Recompiling all 1 sources: invalidated sources (1) exceeded 50.0% of all sources
Read from stdout: Compiling 1 Scala source to /Users/lpfeiler/develop/github/ebs/scala/ebs/target/scala-2.11/test-classes...
Compiling 1 Scala source to /Users/lpfeiler/develop/github/ebs/scala/ebs/target/scala-2.11/test-classes...
Getting compiler-interface from component compiler for Scala 2.11.7
Other repositories:
Default repositories:
Getting compiler-interface from component compiler for Scala 2.11.7
Other repositories:
Default repositories:
Running cached compiler 56f68f20, interfacing (CompilerInterface) with Scala compiler version 2.11.7
Calling Scala compiler with arguments  (CompilerInterface):
	-bootclasspath
	/Library/Java/JavaVirtualMachines/jdk1.8.0_60.jdk/Contents/Home/jre/lib/resources.jar:/Library/Java/JavaVirtualMachines/jdk1.8.0_60.jdk/Contents/Home/jre/lib/rt.jar:/Library/Java/JavaVirtualMachines/jdk1.8.0_60.jdk/Contents/Home/jre/lib/sunrsasign.jar:/Library/Java/JavaVirtualMachines/jdk1.8.0_60.jdk/Contents/Home/jre/lib/jsse.jar:/Library/Java/JavaVirtualMachines/jdk1.8.0_60.jdk/Contents/Home/jre/lib/jce.jar:/Library/Java/JavaVirtualMachines/jdk1.8.0_60.jdk/Contents/Home/jre/lib/charsets.jar:/Library/Java/JavaVirtualMachines/jdk1.8.0_60.jdk/Contents/Home/jre/lib/jfr.jar:/Library/Java/JavaVirtualMachines/jdk1.8.0_60.jdk/Contents/Home/jre/classes:/Users/lpfeiler/.ivy2/cache/org.scala-lang/scala-library/jars/scala-library-2.11.7.jar
	-classpath
	/Users/lpfeiler/develop/github/ebs/scala/ebs/target/scala-2.11/test-classes:/Users/lpfeiler/develop/github/ebs/scala/ebs/target/scala-2.11/classes:/Users/lpfeiler/develop/scala/activator-dist-1.3.6/repository/org.scalatest/scalatest_2.11/2.2.4/bundles/scalatest_2.11.jar:/Users/lpfeiler/develop/scala/activator-dist-1.3.6/repository/org.scala-lang/scala-reflect/2.11.2/jars/scala-reflect.jar:/Users/lpfeiler/develop/scala/activator-dist-1.3.6/repository/org.scala-lang.modules/scala-xml_2.11/1.0.2/bundles/scala-xml_2.11.jar
Scala compilation took 1.148253655 s
New invalidations:
	Set()
Initial set of included nodes: Set()
Previously invalidated, but (transitively) depend on new invalidations:
	Set()
All newly invalidated sources after taking into account (previously) recompiled sources:Set()
Copy resource mappings: 
	
Framework implementation 'org.scalacheck.ScalaCheckFramework' not present.
Framework implementation 'org.specs2.runner.Specs2Framework' not present.
Framework implementation 'org.specs2.runner.SpecsFramework' not present.
Framework implementation 'org.specs.runner.SpecsFramework' not present.
Framework implementation 'com.novocode.junit.JUnitFramework' not present.
Subclass fingerprints: List((org.scalatest.Suite,false,org.scalatest.tools.Framework$$anon$1@6e277ed6))
Annotation fingerprints: List((org.scalatest.WrapWith,false,org.scalatest.tools.Framework$$anon$2@97e8391))
Running TaskDef(EbsSpec, org.scalatest.tools.Framework$$anon$1@6e277ed6, false, [SuiteSelector])
Read from stdout: EbsSpec:
Read from stdout: ebs
Read from stdout: - should be correct
Read from stdout: ebs
Read from stdout: - should fail with negative exponent
Read from stdout: ebsmod
Read from stdout: - should be correct
Read from stdout: ebsmod
Read from stdout: - should fail with negativ base
Read from stdout: ebsmod
Read from stdout: - should fail with negativ exponent
Read from stdout: ebsmod
Read from stdout: - should fail with negativ modulo
[32mEbsSpec:[0m
[32mebs[0m
[32m- should be correct[0m
[32mebs[0m
[32m- should fail with negative exponent[0m
[32mebsmod[0m
[32m- should be correct[0m
[32mebsmod[0m
[32m- should fail with negativ base[0m
[32mebsmod[0m
[32m- should fail with negativ exponent[0m
[32mebsmod[0m
[32m- should fail with negativ modulo[0m
Read from stdout: Run completed in 207 milliseconds.
Read from stdout: Total number of tests run: 6
Read from stdout: Suites: completed 1, aborted 0
Read from stdout: Tests: succeeded 6, failed 0, canceled 0, ignored 0, pending 0
Read from stdout: All tests passed.
Run completed in 207 milliseconds.
Total number of tests run: 6
Suites: completed 1, aborted 0
Tests: succeeded 6, failed 0, canceled 0, ignored 0, pending 0
All tests passed.
Passed tests:
	EbsSpec
Total time: 2 s, completed 24.05.2016 17:45:32
> server-post-command-cleanup
> server-handle-next-server-request
> compile
Evaluating tasks: compile:compile
Running task... Cancel: sbt.server.ServerTaskCancellation@38c39054, check cycles: false

Initial source changes: 
	removed:Set()
	added: Set()
	modified: Set()
Removed products: Set()
External API changes: API Changes: Set()
Modified binary dependencies: Set()
Initial directly invalidated sources: Set()

Sources indirectly invalidated by:
	product: Set()
	binary dep: Set()
	external source: Set()
All initially invalidated sources: Set()

Total time: 0 s, completed 24.05.2016 17:45:38
> server-post-command-cleanup
> server-handle-next-server-request
> test
Evaluating tasks: test:test
Running task... Cancel: sbt.server.ServerTaskCancellation@3ce159d3, check cycles: false

Initial source changes: 
	removed:Set()
	added: Set()
	modified: Set()
Removed products: Set()
External API changes: API Changes: Set()
Modified binary dependencies: Set()
Initial directly invalidated sources: Set()

Sources indirectly invalidated by:
	product: Set()
	binary dep: Set()
	external source: Set()
All initially invalidated sources: Set()

Copy resource mappings: 
	

Initial source changes: 
	removed:Set()
	added: Set()
	modified: Set(/Users/lpfeiler/develop/github/ebs/scala/ebs/src/test/scala/EbsSpec.scala)
Removed products: Set()
External API changes: API Changes: Set()
Modified binary dependencies: Set()
Initial directly invalidated sources: Set(/Users/lpfeiler/develop/github/ebs/scala/ebs/src/test/scala/EbsSpec.scala)

Sources indirectly invalidated by:
	product: Set()
	binary dep: Set()
	external source: Set()
All initially invalidated sources: Set(/Users/lpfeiler/develop/github/ebs/scala/ebs/src/test/scala/EbsSpec.scala)

Recompiling all 1 sources: invalidated sources (1) exceeded 50.0% of all sources
Read from stdout: Compiling 1 Scala source to /Users/lpfeiler/develop/github/ebs/scala/ebs/target/scala-2.11/test-classes...
Compiling 1 Scala source to /Users/lpfeiler/develop/github/ebs/scala/ebs/target/scala-2.11/test-classes...
Getting compiler-interface from component compiler for Scala 2.11.7
Other repositories:
Default repositories:
Getting compiler-interface from component compiler for Scala 2.11.7
Other repositories:
Default repositories:
Running cached compiler 55d4208e, interfacing (CompilerInterface) with Scala compiler version 2.11.7
Calling Scala compiler with arguments  (CompilerInterface):
	-bootclasspath
	/Library/Java/JavaVirtualMachines/jdk1.8.0_60.jdk/Contents/Home/jre/lib/resources.jar:/Library/Java/JavaVirtualMachines/jdk1.8.0_60.jdk/Contents/Home/jre/lib/rt.jar:/Library/Java/JavaVirtualMachines/jdk1.8.0_60.jdk/Contents/Home/jre/lib/sunrsasign.jar:/Library/Java/JavaVirtualMachines/jdk1.8.0_60.jdk/Contents/Home/jre/lib/jsse.jar:/Library/Java/JavaVirtualMachines/jdk1.8.0_60.jdk/Contents/Home/jre/lib/jce.jar:/Library/Java/JavaVirtualMachines/jdk1.8.0_60.jdk/Contents/Home/jre/lib/charsets.jar:/Library/Java/JavaVirtualMachines/jdk1.8.0_60.jdk/Contents/Home/jre/lib/jfr.jar:/Library/Java/JavaVirtualMachines/jdk1.8.0_60.jdk/Contents/Home/jre/classes:/Users/lpfeiler/.ivy2/cache/org.scala-lang/scala-library/jars/scala-library-2.11.7.jar
	-classpath
	/Users/lpfeiler/develop/github/ebs/scala/ebs/target/scala-2.11/test-classes:/Users/lpfeiler/develop/github/ebs/scala/ebs/target/scala-2.11/classes:/Users/lpfeiler/develop/scala/activator-dist-1.3.6/repository/org.scalatest/scalatest_2.11/2.2.4/bundles/scalatest_2.11.jar:/Users/lpfeiler/develop/scala/activator-dist-1.3.6/repository/org.scala-lang/scala-reflect/2.11.2/jars/scala-reflect.jar:/Users/lpfeiler/develop/scala/activator-dist-1.3.6/repository/org.scala-lang.modules/scala-xml_2.11/1.0.2/bundles/scala-xml_2.11.jar
Scala compilation took 1.063277994 s
New invalidations:
	Set()
Initial set of included nodes: Set()
Previously invalidated, but (transitively) depend on new invalidations:
	Set()
All newly invalidated sources after taking into account (previously) recompiled sources:Set()
Copy resource mappings: 
	
Framework implementation 'org.scalacheck.ScalaCheckFramework' not present.
Framework implementation 'org.specs2.runner.Specs2Framework' not present.
Framework implementation 'org.specs2.runner.SpecsFramework' not present.
Framework implementation 'org.specs.runner.SpecsFramework' not present.
Framework implementation 'com.novocode.junit.JUnitFramework' not present.
Subclass fingerprints: List((org.scalatest.Suite,false,org.scalatest.tools.Framework$$anon$1@3e541673))
Annotation fingerprints: List((org.scalatest.WrapWith,false,org.scalatest.tools.Framework$$anon$2@28e967c4))
Running TaskDef(EbsSpec, org.scalatest.tools.Framework$$anon$1@3e541673, false, [SuiteSelector])
Read from stdout: EbsSpec:
Read from stdout: ebs
Read from stdout: - should be correct
Read from stdout: ebs
Read from stdout: - should fail with negative exponent
Read from stdout: ebsmod
Read from stdout: - should be correct
Read from stdout: ebsmod
Read from stdout: - should fail with negativ base
Read from stdout: ebsmod
Read from stdout: - should fail with negativ exponent
Read from stdout: ebsmod
Read from stdout: - should fail with negativ modulo
[32mEbsSpec:[0m
[32mebs[0m
[32m- should be correct[0m
[32mebs[0m
[32m- should fail with negative exponent[0m
[32mebsmod[0m
[32m- should be correct[0m
[32mebsmod[0m
[32m- should fail with negativ base[0m
[32mebsmod[0m
[32m- should fail with negativ exponent[0m
[32mebsmod[0m
[32m- should fail with negativ modulo[0m
Read from stdout: Run completed in 196 milliseconds.
Read from stdout: Total number of tests run: 6
Read from stdout: Suites: completed 1, aborted 0
Read from stdout: Tests: succeeded 6, failed 0, canceled 0, ignored 0, pending 0
Read from stdout: All tests passed.
Run completed in 196 milliseconds.
Total number of tests run: 6
Suites: completed 1, aborted 0
Tests: succeeded 6, failed 0, canceled 0, ignored 0, pending 0
All tests passed.
Passed tests:
	EbsSpec
Total time: 2 s, completed 24.05.2016 17:45:39
> server-post-command-cleanup
> server-handle-next-server-request
> compile
Evaluating tasks: compile:compile
Running task... Cancel: sbt.server.ServerTaskCancellation@6c39f018, check cycles: false

Initial source changes: 
	removed:Set()
	added: Set()
	modified: Set()
Removed products: Set()
External API changes: API Changes: Set()
Modified binary dependencies: Set()
Initial directly invalidated sources: Set()

Sources indirectly invalidated by:
	product: Set()
	binary dep: Set()
	external source: Set()
All initially invalidated sources: Set()

Total time: 0 s, completed 24.05.2016 17:45:55
> server-post-command-cleanup
> server-handle-next-server-request
> test
Evaluating tasks: test:test
Running task... Cancel: sbt.server.ServerTaskCancellation@56be2397, check cycles: false

Initial source changes: 
	removed:Set()
	added: Set()
	modified: Set()
Removed products: Set()
External API changes: API Changes: Set()
Modified binary dependencies: Set()
Initial directly invalidated sources: Set()

Sources indirectly invalidated by:
	product: Set()
	binary dep: Set()
	external source: Set()
All initially invalidated sources: Set()

Copy resource mappings: 
	

Initial source changes: 
	removed:Set()
	added: Set()
	modified: Set(/Users/lpfeiler/develop/github/ebs/scala/ebs/src/test/scala/EbsSpec.scala)
Removed products: Set()
External API changes: API Changes: Set()
Modified binary dependencies: Set()
Initial directly invalidated sources: Set(/Users/lpfeiler/develop/github/ebs/scala/ebs/src/test/scala/EbsSpec.scala)

Sources indirectly invalidated by:
	product: Set()
	binary dep: Set()
	external source: Set()
All initially invalidated sources: Set(/Users/lpfeiler/develop/github/ebs/scala/ebs/src/test/scala/EbsSpec.scala)

Recompiling all 1 sources: invalidated sources (1) exceeded 50.0% of all sources
Read from stdout: Compiling 1 Scala source to /Users/lpfeiler/develop/github/ebs/scala/ebs/target/scala-2.11/test-classes...
Compiling 1 Scala source to /Users/lpfeiler/develop/github/ebs/scala/ebs/target/scala-2.11/test-classes...
Getting compiler-interface from component compiler for Scala 2.11.7
Other repositories:
Default repositories:
Getting compiler-interface from component compiler for Scala 2.11.7
Other repositories:
Default repositories:
Running cached compiler 6b8b22fb, interfacing (CompilerInterface) with Scala compiler version 2.11.7
Calling Scala compiler with arguments  (CompilerInterface):
	-bootclasspath
	/Library/Java/JavaVirtualMachines/jdk1.8.0_60.jdk/Contents/Home/jre/lib/resources.jar:/Library/Java/JavaVirtualMachines/jdk1.8.0_60.jdk/Contents/Home/jre/lib/rt.jar:/Library/Java/JavaVirtualMachines/jdk1.8.0_60.jdk/Contents/Home/jre/lib/sunrsasign.jar:/Library/Java/JavaVirtualMachines/jdk1.8.0_60.jdk/Contents/Home/jre/lib/jsse.jar:/Library/Java/JavaVirtualMachines/jdk1.8.0_60.jdk/Contents/Home/jre/lib/jce.jar:/Library/Java/JavaVirtualMachines/jdk1.8.0_60.jdk/Contents/Home/jre/lib/charsets.jar:/Library/Java/JavaVirtualMachines/jdk1.8.0_60.jdk/Contents/Home/jre/lib/jfr.jar:/Library/Java/JavaVirtualMachines/jdk1.8.0_60.jdk/Contents/Home/jre/classes:/Users/lpfeiler/.ivy2/cache/org.scala-lang/scala-library/jars/scala-library-2.11.7.jar
	-classpath
	/Users/lpfeiler/develop/github/ebs/scala/ebs/target/scala-2.11/test-classes:/Users/lpfeiler/develop/github/ebs/scala/ebs/target/scala-2.11/classes:/Users/lpfeiler/develop/scala/activator-dist-1.3.6/repository/org.scalatest/scalatest_2.11/2.2.4/bundles/scalatest_2.11.jar:/Users/lpfeiler/develop/scala/activator-dist-1.3.6/repository/org.scala-lang/scala-reflect/2.11.2/jars/scala-reflect.jar:/Users/lpfeiler/develop/scala/activator-dist-1.3.6/repository/org.scala-lang.modules/scala-xml_2.11/1.0.2/bundles/scala-xml_2.11.jar
Scala compilation took 1.218421374 s
New invalidations:
	Set()
Initial set of included nodes: Set()
Previously invalidated, but (transitively) depend on new invalidations:
	Set()
All newly invalidated sources after taking into account (previously) recompiled sources:Set()
Copy resource mappings: 
	
Framework implementation 'org.scalacheck.ScalaCheckFramework' not present.
Framework implementation 'org.specs2.runner.Specs2Framework' not present.
Framework implementation 'org.specs2.runner.SpecsFramework' not present.
Framework implementation 'org.specs.runner.SpecsFramework' not present.
Framework implementation 'com.novocode.junit.JUnitFramework' not present.
Subclass fingerprints: List((org.scalatest.Suite,false,org.scalatest.tools.Framework$$anon$1@22beaed5))
Annotation fingerprints: List((org.scalatest.WrapWith,false,org.scalatest.tools.Framework$$anon$2@413d124c))
Running TaskDef(EbsSpec, org.scalatest.tools.Framework$$anon$1@22beaed5, false, [SuiteSelector])
Read from stdout: EbsSpec:
Read from stdout: ebs
Read from stdout: - should be correct
Read from stdout: ebs
Read from stdout: - should fail with negative exponent
Read from stdout: ebsmod
Read from stdout: - should be correct
Read from stdout: ebsmod
Read from stdout: - should fail with negative base
Read from stdout: ebsmod
Read from stdout: - should fail with negative exponent
Read from stdout: ebsmod
Read from stdout: - should fail with negative modulo
[32mEbsSpec:[0m
[32mebs[0m
[32m- should be correct[0m
[32mebs[0m
[32m- should fail with negative exponent[0m
[32mebsmod[0m
[32m- should be correct[0m
[32mebsmod[0m
[32m- should fail with negative base[0m
[32mebsmod[0m
[32m- should fail with negative exponent[0m
[32mebsmod[0m
[32m- should fail with negative modulo[0m
Read from stdout: Run completed in 178 milliseconds.
Read from stdout: Total number of tests run: 6
Read from stdout: Suites: completed 1, aborted 0
Read from stdout: Tests: succeeded 6, failed 0, canceled 0, ignored 0, pending 0
Read from stdout: All tests passed.
Run completed in 178 milliseconds.
Total number of tests run: 6
Suites: completed 1, aborted 0
Tests: succeeded 6, failed 0, canceled 0, ignored 0, pending 0
All tests passed.
Passed tests:
	EbsSpec
Total time: 2 s, completed 24.05.2016 17:45:57
> server-post-command-cleanup
> server-handle-next-server-request
> compile
Evaluating tasks: compile:compile
Running task... Cancel: sbt.server.ServerTaskCancellation@38e61e5e, check cycles: false

Initial source changes: 
	removed:Set()
	added: Set()
	modified: Set()
Removed products: Set()
External API changes: API Changes: Set()
Modified binary dependencies: Set()
Initial directly invalidated sources: Set()

Sources indirectly invalidated by:
	product: Set()
	binary dep: Set()
	external source: Set()
All initially invalidated sources: Set()

Total time: 0 s, completed 24.05.2016 17:46:38
> server-post-command-cleanup
> server-handle-next-server-request
> test
Evaluating tasks: test:test
Running task... Cancel: sbt.server.ServerTaskCancellation@10947295, check cycles: false

Initial source changes: 
	removed:Set()
	added: Set()
	modified: Set()
Removed products: Set()
External API changes: API Changes: Set()
Modified binary dependencies: Set()
Initial directly invalidated sources: Set()

Sources indirectly invalidated by:
	product: Set()
	binary dep: Set()
	external source: Set()
All initially invalidated sources: Set()

Copy resource mappings: 
	

Initial source changes: 
	removed:Set()
	added: Set()
	modified: Set(/Users/lpfeiler/develop/github/ebs/scala/ebs/src/test/scala/EbsSpec.scala)
Removed products: Set()
External API changes: API Changes: Set()
Modified binary dependencies: Set()
Initial directly invalidated sources: Set(/Users/lpfeiler/develop/github/ebs/scala/ebs/src/test/scala/EbsSpec.scala)

Sources indirectly invalidated by:
	product: Set()
	binary dep: Set()
	external source: Set()
All initially invalidated sources: Set(/Users/lpfeiler/develop/github/ebs/scala/ebs/src/test/scala/EbsSpec.scala)

Recompiling all 1 sources: invalidated sources (1) exceeded 50.0% of all sources
Read from stdout: Compiling 1 Scala source to /Users/lpfeiler/develop/github/ebs/scala/ebs/target/scala-2.11/test-classes...
Compiling 1 Scala source to /Users/lpfeiler/develop/github/ebs/scala/ebs/target/scala-2.11/test-classes...
Getting compiler-interface from component compiler for Scala 2.11.7
Other repositories:
Default repositories:
Getting compiler-interface from component compiler for Scala 2.11.7
Other repositories:
Default repositories:
Running cached compiler 1b4a3f0b, interfacing (CompilerInterface) with Scala compiler version 2.11.7
Calling Scala compiler with arguments  (CompilerInterface):
	-bootclasspath
	/Library/Java/JavaVirtualMachines/jdk1.8.0_60.jdk/Contents/Home/jre/lib/resources.jar:/Library/Java/JavaVirtualMachines/jdk1.8.0_60.jdk/Contents/Home/jre/lib/rt.jar:/Library/Java/JavaVirtualMachines/jdk1.8.0_60.jdk/Contents/Home/jre/lib/sunrsasign.jar:/Library/Java/JavaVirtualMachines/jdk1.8.0_60.jdk/Contents/Home/jre/lib/jsse.jar:/Library/Java/JavaVirtualMachines/jdk1.8.0_60.jdk/Contents/Home/jre/lib/jce.jar:/Library/Java/JavaVirtualMachines/jdk1.8.0_60.jdk/Contents/Home/jre/lib/charsets.jar:/Library/Java/JavaVirtualMachines/jdk1.8.0_60.jdk/Contents/Home/jre/lib/jfr.jar:/Library/Java/JavaVirtualMachines/jdk1.8.0_60.jdk/Contents/Home/jre/classes:/Users/lpfeiler/.ivy2/cache/org.scala-lang/scala-library/jars/scala-library-2.11.7.jar
	-classpath
	/Users/lpfeiler/develop/github/ebs/scala/ebs/target/scala-2.11/test-classes:/Users/lpfeiler/develop/github/ebs/scala/ebs/target/scala-2.11/classes:/Users/lpfeiler/develop/scala/activator-dist-1.3.6/repository/org.scalatest/scalatest_2.11/2.2.4/bundles/scalatest_2.11.jar:/Users/lpfeiler/develop/scala/activator-dist-1.3.6/repository/org.scala-lang/scala-reflect/2.11.2/jars/scala-reflect.jar:/Users/lpfeiler/develop/scala/activator-dist-1.3.6/repository/org.scala-lang.modules/scala-xml_2.11/1.0.2/bundles/scala-xml_2.11.jar
Scala compilation took 0.918233769 s
New invalidations:
	Set()
Initial set of included nodes: Set()
Previously invalidated, but (transitively) depend on new invalidations:
	Set()
All newly invalidated sources after taking into account (previously) recompiled sources:Set()
Copy resource mappings: 
	
Framework implementation 'org.scalacheck.ScalaCheckFramework' not present.
Framework implementation 'org.specs2.runner.Specs2Framework' not present.
Framework implementation 'org.specs2.runner.SpecsFramework' not present.
Framework implementation 'org.specs.runner.SpecsFramework' not present.
Framework implementation 'com.novocode.junit.JUnitFramework' not present.
Subclass fingerprints: List((org.scalatest.Suite,false,org.scalatest.tools.Framework$$anon$1@70c05c81))
Annotation fingerprints: List((org.scalatest.WrapWith,false,org.scalatest.tools.Framework$$anon$2@1e14b3d7))
Running TaskDef(EbsSpec, org.scalatest.tools.Framework$$anon$1@70c05c81, false, [SuiteSelector])
Read from stdout: EbsSpec:
Read from stdout: ebs
Read from stdout: - should be correct with positive exponent
Read from stdout: ebs
Read from stdout: - should fail with negative exponent
Read from stdout: ebsmod
Read from stdout: - should be correct with natural numbers
Read from stdout: ebsmod
Read from stdout: - should fail with negative base
Read from stdout: ebsmod
Read from stdout: - should fail with negative exponent
Read from stdout: ebsmod
Read from stdout: - should fail with negative modulo
[32mEbsSpec:[0m
[32mebs[0m
[32m- should be correct with positive exponent[0m
[32mebs[0m
[32m- should fail with negative exponent[0m
[32mebsmod[0m
[32m- should be correct with natural numbers[0m
[32mebsmod[0m
[32m- should fail with negative base[0m
[32mebsmod[0m
[32m- should fail with negative exponent[0m
[32mebsmod[0m
[32m- should fail with negative modulo[0m
Read from stdout: Run completed in 183 milliseconds.
Read from stdout: Total number of tests run: 6
Read from stdout: Suites: completed 1, aborted 0
Read from stdout: Tests: succeeded 6, failed 0, canceled 0, ignored 0, pending 0
Read from stdout: All tests passed.
Run completed in 183 milliseconds.
Total number of tests run: 6
Suites: completed 1, aborted 0
Tests: succeeded 6, failed 0, canceled 0, ignored 0, pending 0
All tests passed.
Passed tests:
	EbsSpec
Total time: 1 s, completed 24.05.2016 17:46:39
> server-post-command-cleanup
> server-handle-next-server-request
